18:16:57.670  INFO  manager.ApplicationManager - All tests run in Chrome Browser
18:16:59.628  INFO  manager.ApplicationManager - The link--->https://telranedu.web.app/home
18:16:59.705  INFO  tests.TestBase - Name of method-->loginWrongEmail
18:17:00.720  INFO  manager.ListenerWD - Before Find ElementS--->By.xpath: //button[text()='Sign Out']
18:17:05.804  INFO  manager.ListenerWD - After Find ElementS--->By.xpath: //button[text()='Sign Out']
18:17:05.810  INFO  manager.ListenerWD - List of elements is--->0
18:17:05.813  INFO  tests.TestBase - Test data---> email: 'inna_83gmail.com' & password: 'Aa13579$'
18:17:05.814  INFO  manager.ListenerWD - Before Find Element--->By.cssSelector: a[href='/login']
18:17:05.869  INFO  manager.ListenerWD - After Find Element--->By.cssSelector: a[href='/login']
18:17:05.888  INFO  manager.ListenerWD - Location of element(1169, 34)
18:17:05.945  INFO  manager.ListenerWD - Before Find Element--->By.name: email
18:17:05.985  INFO  manager.ListenerWD - After Find Element--->By.name: email
18:17:06.018  INFO  manager.ListenerWD - Location of element(431, 250)
18:17:06.274  INFO  manager.ListenerWD - Before Find Element--->By.xpath: //input[last()]
18:17:06.324  INFO  manager.ListenerWD - After Find Element--->By.xpath: //input[last()]
18:17:06.343  INFO  manager.ListenerWD - Location of element(431, 320)
18:17:06.595  INFO  manager.ListenerWD - Before Find Element--->By.xpath: //button[text()='Login']
18:17:06.636  INFO  manager.ListenerWD - After Find Element--->By.xpath: //button[text()='Login']
18:17:06.654  INFO  manager.ListenerWD - Location of element(431, 390)
18:17:06.743  INFO  manager.ListenerWD - Huston we have a problem!
18:17:06.744  INFO  manager.ListenerWD - Object target--->org.openqa.selenium.remote.RemoteWebDriver$RemoteTargetLocator@60df7989
18:17:06.744  INFO  manager.ListenerWD - *************
18:17:06.745  INFO  manager.ListenerWD - Method namealert
18:17:06.745  INFO  manager.ListenerWD - *************
18:17:06.745  INFO  manager.ListenerWD - *************
18:17:06.745  INFO  manager.ListenerWD - *************
18:17:06.748  INFO  manager.ListenerWD - InvocationTargetException & getTargetExceptionorg.openqa.selenium.NoAlertPresentException: no such alert
  (Session info: chrome=112.0.5615.139)
Build info: version: '4.7.0', revision: '0a5b49d16f'
System info: os.name: 'Windows 10', os.arch: 'amd64', os.version: '10.0', java.version: '11.0.18'
Driver info: org.openqa.selenium.chrome.ChromeDriver
Command: [0689ffd9c067cb7ff697d7002138f440, getAlertText {}]
Capabilities {acceptInsecureCerts: false, browserName: chrome, browserVersion: 112.0.5615.139, chrome: {chromedriverVersion: 112.0.5615.49 (bd2a7bcb881c..., userDataDir: C:\Users\ADAM-M~1\AppData\L...}, goog:chromeOptions: {debuggerAddress: localhost:54488}, networkConnectionEnabled: false, pageLoadStrategy: normal, platformName: WINDOWS, proxy: Proxy(), se:cdp: ws://localhost:54488/devtoo..., se:cdpVersion: 112.0.5615.139, setWindowRect: true, strictFileInteractability: false, timeouts: {implicit: 0, pageLoad: 300000, script: 30000}, unhandledPromptBehavior: dismiss and notify, webauthn:extension:credBlob: true, webauthn:extension:largeBlob: true, webauthn:extension:minPinLength: true, webauthn:extension:prf: true, webauthn:virtualAuthenticators: true}
Session ID: 0689ffd9c067cb7ff697d7002138f440
18:17:06.749  INFO  manager.ListenerWD - *************
18:17:06.758  INFO  manager.ListenerWD - Screen with error is--->src/test/screenshots/screen_1788.png
18:17:07.302  INFO  manager.ListenerWD - Huston we have a problem!
18:17:07.302  INFO  manager.ListenerWD - Object target--->org.openqa.selenium.remote.RemoteWebDriver$RemoteTargetLocator@2e7bf7b7
18:17:07.303  INFO  manager.ListenerWD - *************
18:17:07.303  INFO  manager.ListenerWD - Method namealert
18:17:07.303  INFO  manager.ListenerWD - *************
18:17:07.304  INFO  manager.ListenerWD - *************
18:17:07.304  INFO  manager.ListenerWD - *************
18:17:07.304  INFO  manager.ListenerWD - InvocationTargetException & getTargetExceptionorg.openqa.selenium.NoAlertPresentException: no such alert
  (Session info: chrome=112.0.5615.139)
Build info: version: '4.7.0', revision: '0a5b49d16f'
System info: os.name: 'Windows 10', os.arch: 'amd64', os.version: '10.0', java.version: '11.0.18'
Driver info: org.openqa.selenium.chrome.ChromeDriver
Command: [0689ffd9c067cb7ff697d7002138f440, getAlertText {}]
Capabilities {acceptInsecureCerts: false, browserName: chrome, browserVersion: 112.0.5615.139, chrome: {chromedriverVersion: 112.0.5615.49 (bd2a7bcb881c..., userDataDir: C:\Users\ADAM-M~1\AppData\L...}, goog:chromeOptions: {debuggerAddress: localhost:54488}, networkConnectionEnabled: false, pageLoadStrategy: normal, platformName: WINDOWS, proxy: Proxy(), se:cdp: ws://localhost:54488/devtoo..., se:cdpVersion: 112.0.5615.139, setWindowRect: true, strictFileInteractability: false, timeouts: {implicit: 0, pageLoad: 300000, script: 30000}, unhandledPromptBehavior: dismiss and notify, webauthn:extension:credBlob: true, webauthn:extension:largeBlob: true, webauthn:extension:minPinLength: true, webauthn:extension:prf: true, webauthn:virtualAuthenticators: true}
Session ID: 0689ffd9c067cb7ff697d7002138f440
18:17:07.305  INFO  manager.ListenerWD - *************
18:17:07.306  INFO  manager.ListenerWD - Screen with error is--->src/test/screenshots/screen_1719.png
18:17:07.871  INFO  tests.TestBase - Assert check is alert present with text  button 'Wrong email or password'
18:17:07.882  INFO  tests.TestBase - Name of method-->registrationWrongEmail
18:17:08.898  INFO  manager.ListenerWD - Before Find ElementS--->By.xpath: //button[text()='Sign Out']
18:17:13.949  INFO  manager.ListenerWD - After Find ElementS--->By.xpath: //button[text()='Sign Out']
18:17:13.949  INFO  manager.ListenerWD - List of elements is--->0
18:17:13.951  INFO  tests.TestBase - Start test with name 'Registration with wrong Email'
18:17:13.962  INFO  tests.TestBase - Tests run with data:--->User{email='dongmail.com', password='Don12345$'}
18:17:13.963  INFO  manager.ListenerWD - Before Find Element--->By.cssSelector: a[href='/login']
18:17:13.996  INFO  manager.ListenerWD - After Find Element--->By.cssSelector: a[href='/login']
18:17:14.011  INFO  manager.ListenerWD - Location of element(1151, 33)
18:17:14.056  INFO  manager.ListenerWD - Before Find Element--->By.name: email
18:17:14.089  INFO  manager.ListenerWD - After Find Element--->By.name: email
18:17:14.106  INFO  manager.ListenerWD - Location of element(431, 281)
18:17:14.295  INFO  manager.ListenerWD - Before Find Element--->By.name: password
18:17:14.326  INFO  manager.ListenerWD - After Find Element--->By.name: password
18:17:14.339  INFO  manager.ListenerWD - Location of element(431, 351)
18:17:15.542  INFO  manager.ListenerWD - Before Find Element--->By.xpath: //button[text()='Registration']
18:17:15.578  INFO  manager.ListenerWD - After Find Element--->By.xpath: //button[text()='Registration']
18:17:15.591  INFO  manager.ListenerWD - Location of element(681, 421)
18:17:15.648  INFO  manager.ListenerWD - Huston we have a problem!
18:17:15.649  INFO  manager.ListenerWD - Object target--->org.openqa.selenium.remote.RemoteWebDriver$RemoteTargetLocator@4215e133
18:17:15.649  INFO  manager.ListenerWD - *************
18:17:15.649  INFO  manager.ListenerWD - Method namealert
18:17:15.650  INFO  manager.ListenerWD - *************
18:17:15.650  INFO  manager.ListenerWD - *************
18:17:15.650  INFO  manager.ListenerWD - *************
18:17:15.650  INFO  manager.ListenerWD - InvocationTargetException & getTargetExceptionorg.openqa.selenium.NoAlertPresentException: no such alert
  (Session info: chrome=112.0.5615.139)
Build info: version: '4.7.0', revision: '0a5b49d16f'
System info: os.name: 'Windows 10', os.arch: 'amd64', os.version: '10.0', java.version: '11.0.18'
Driver info: org.openqa.selenium.chrome.ChromeDriver
Command: [0689ffd9c067cb7ff697d7002138f440, getAlertText {}]
Capabilities {acceptInsecureCerts: false, browserName: chrome, browserVersion: 112.0.5615.139, chrome: {chromedriverVersion: 112.0.5615.49 (bd2a7bcb881c..., userDataDir: C:\Users\ADAM-M~1\AppData\L...}, goog:chromeOptions: {debuggerAddress: localhost:54488}, networkConnectionEnabled: false, pageLoadStrategy: normal, platformName: WINDOWS, proxy: Proxy(), se:cdp: ws://localhost:54488/devtoo..., se:cdpVersion: 112.0.5615.139, setWindowRect: true, strictFileInteractability: false, timeouts: {implicit: 0, pageLoad: 300000, script: 30000}, unhandledPromptBehavior: dismiss and notify, webauthn:extension:credBlob: true, webauthn:extension:largeBlob: true, webauthn:extension:minPinLength: true, webauthn:extension:prf: true, webauthn:virtualAuthenticators: true}
Session ID: 0689ffd9c067cb7ff697d7002138f440
18:17:15.651  INFO  manager.ListenerWD - *************
18:17:15.652  INFO  manager.ListenerWD - Screen with error is--->src/test/screenshots/screen_1966.png
18:17:16.199  INFO  tests.TestBase - Assert check is massage 'Wrong email or password format'
18:17:17.216  INFO  manager.ListenerWD - Before Find ElementS--->By.xpath: //button[text()='Sign Out']
18:17:22.261  INFO  manager.ListenerWD - After Find ElementS--->By.xpath: //button[text()='Sign Out']
18:17:22.261  INFO  manager.ListenerWD - List of elements is--->0
18:17:22.261  INFO  manager.ListenerWD - Before Find Element--->By.cssSelector: a[href='/login']
18:17:22.285  INFO  manager.ListenerWD - After Find Element--->By.cssSelector: a[href='/login']
18:17:22.297  INFO  manager.ListenerWD - Location of element(1151, 33)
18:17:22.338  INFO  manager.ListenerWD - Before Find Element--->By.name: email
18:17:22.367  INFO  manager.ListenerWD - After Find Element--->By.name: email
18:17:22.382  INFO  manager.ListenerWD - Location of element(431, 281)
18:17:22.612  INFO  manager.ListenerWD - Before Find Element--->By.name: password
18:17:22.641  INFO  manager.ListenerWD - After Find Element--->By.name: password
18:17:22.659  INFO  manager.ListenerWD - Location of element(431, 351)
18:17:22.894  INFO  manager.ListenerWD - Before Find Element--->By.xpath: //button[text()='Login']
18:17:22.921  INFO  manager.ListenerWD - After Find Element--->By.xpath: //button[text()='Login']
18:17:22.935  INFO  manager.ListenerWD - Location of element(431, 421)
18:17:22.983  INFO  tests.TestBase - Before method finish logout
18:17:22.985  INFO  tests.TestBase - Name of method-->addNewContactSuccess
18:17:23.023  INFO  tests.TestBase - Tests run with data:--->Contact(name=Kate1998, lastName=Ivanov, email=katya1998@mail.com, address=London,Trafalgar sq,5, phone=748494941998, description=null)
18:17:23.023  INFO  manager.ListenerWD - Before Find Element--->By.cssSelector: a[href='/add']
18:17:23.316  INFO  manager.ListenerWD - After Find Element--->By.cssSelector: a[href='/add']
18:17:23.332  INFO  manager.ListenerWD - Location of element(986, 34)
18:17:23.380  INFO  manager.ListenerWD - Before Find Element--->By.cssSelector: [placeholder='Name']
18:17:23.413  INFO  manager.ListenerWD - After Find Element--->By.cssSelector: [placeholder='Name']
18:17:23.428  INFO  manager.ListenerWD - Location of element(201, 165)
18:17:23.629  INFO  manager.ListenerWD - Before Find Element--->By.cssSelector: [placeholder='Last Name']
18:17:23.655  INFO  manager.ListenerWD - After Find Element--->By.cssSelector: [placeholder='Last Name']
18:17:23.670  INFO  manager.ListenerWD - Location of element(201, 238)
18:17:23.890  INFO  manager.ListenerWD - Before Find Element--->By.cssSelector: [placeholder='Phone']
18:17:23.923  INFO  manager.ListenerWD - After Find Element--->By.cssSelector: [placeholder='Phone']
18:17:23.940  INFO  manager.ListenerWD - Location of element(201, 311)
18:17:24.162  INFO  manager.ListenerWD - Before Find Element--->By.cssSelector: [placeholder='email']
18:17:24.195  INFO  manager.ListenerWD - After Find Element--->By.cssSelector: [placeholder='email']
18:17:24.218  INFO  manager.ListenerWD - Location of element(201, 385)
18:17:24.443  INFO  manager.ListenerWD - Before Find Element--->By.cssSelector: [placeholder='Address']
18:17:24.473  INFO  manager.ListenerWD - After Find Element--->By.cssSelector: [placeholder='Address']
18:17:24.488  INFO  manager.ListenerWD - Location of element(201, 458)
18:17:24.740  INFO  manager.ListenerWD - Before Find Element--->By.cssSelector: [placeholder='description']
18:17:24.777  INFO  manager.ListenerWD - After Find Element--->By.cssSelector: [placeholder='description']
18:17:24.796  INFO  manager.ListenerWD - Location of element(201, 531)
18:17:25.014  INFO  manager.ListenerWD - Before Find Element--->By.cssSelector: .add_form__2rsm2>button
18:17:25.056  INFO  manager.ListenerWD - After Find Element--->By.cssSelector: .add_form__2rsm2>button
18:17:25.078  INFO  manager.ListenerWD - Location of element(204, 605)
18:17:25.278  INFO  manager.ListenerWD - Before Find Element--->By.cssSelector: .add_form__2rsm2>button
18:17:25.308  INFO  manager.ListenerWD - After Find Element--->By.cssSelector: .add_form__2rsm2>button
18:17:25.323  INFO  manager.ListenerWD - Location of element(204, 514)
18:17:25.381  INFO  manager.ListenerWD - Before Find ElementS--->By.cssSelector: h2
18:17:26.003  INFO  manager.ListenerWD - After Find ElementS--->By.cssSelector: h2
18:17:26.004  INFO  manager.ListenerWD - List of elements is--->4
18:17:26.075  INFO  manager.ListenerWD - Before Find ElementS--->By.cssSelector: h3
18:17:26.131  INFO  manager.ListenerWD - After Find ElementS--->By.cssSelector: h3
18:17:26.131  INFO  manager.ListenerWD - List of elements is--->4
18:17:26.207  INFO  tests.TestBase - Name of method-->removeFirstContact
18:17:27.211  INFO  manager.ListenerWD - Before Find ElementS--->By.xpath: //button[text()='Sign Out']
18:17:27.237  INFO  manager.ListenerWD - After Find ElementS--->By.xpath: //button[text()='Sign Out']
18:17:27.237  INFO  manager.ListenerWD - List of elements is--->1
18:17:27.238  INFO  manager.ListenerWD - Before Find ElementS--->By.cssSelector: .contact-item_card__2SOIM
18:17:27.293  INFO  manager.ListenerWD - After Find ElementS--->By.cssSelector: .contact-item_card__2SOIM
18:17:27.293  INFO  manager.ListenerWD - List of elements is--->4
18:17:27.295  INFO  manager.ListenerWD - Before Find ElementS--->By.cssSelector: .contact-item_card__2SOIM
18:17:27.351  INFO  manager.ListenerWD - After Find ElementS--->By.cssSelector: .contact-item_card__2SOIM
18:17:27.351  INFO  manager.ListenerWD - List of elements is--->4
18:17:27.352  INFO  manager.HelperBase - Number of Contacts  list before remove is--->4
18:17:27.352  INFO  manager.ListenerWD - Before Find Element--->By.cssSelector: .contact-item_card__2SOIM
18:17:27.384  INFO  manager.ListenerWD - After Find Element--->By.cssSelector: .contact-item_card__2SOIM
18:17:27.397  INFO  manager.ListenerWD - Location of element(192, 150)
18:17:27.457  INFO  manager.ListenerWD - Before Find Element--->By.xpath: //button[text()='Remove']
18:17:27.492  INFO  manager.ListenerWD - After Find Element--->By.xpath: //button[text()='Remove']
18:17:27.508  INFO  manager.ListenerWD - Location of element(635, 371)
18:17:28.575  INFO  manager.ListenerWD - Before Find ElementS--->By.cssSelector: .contact-item_card__2SOIM
18:17:28.624  INFO  manager.ListenerWD - After Find ElementS--->By.cssSelector: .contact-item_card__2SOIM
18:17:28.625  INFO  manager.ListenerWD - List of elements is--->3
18:17:28.626  INFO  manager.HelperBase - Number of Contacts  list after remove is--->3
