19:42:23.365  INFO  manager.ApplicationManager - All tests run in Chrome Browser
19:42:25.079  INFO  manager.ApplicationManager - The link--->https://telranedu.web.app/home
19:42:26.134  INFO  manager.ListenerWD - Before Find ElementS--->By.xpath: //button[text()='Sign Out']
19:42:31.191  INFO  manager.ListenerWD - After Find ElementS--->By.xpath: //button[text()='Sign Out']
19:42:31.197  INFO  manager.ListenerWD - List of elements is--->0
19:42:31.200  INFO  manager.ListenerWD - Before Find Element--->By.cssSelector: a[href='/login']
19:42:31.256  INFO  manager.ListenerWD - After Find Element--->By.cssSelector: a[href='/login']
19:42:31.309  INFO  manager.ListenerWD - Location of element(1169, 34)
19:42:31.407  INFO  manager.ListenerWD - Before Find Element--->By.name: email
19:42:31.457  INFO  manager.ListenerWD - After Find Element--->By.name: email
19:42:31.477  INFO  manager.ListenerWD - Location of element(431, 250)
19:42:31.800  INFO  manager.ListenerWD - Before Find Element--->By.name: password
19:42:31.849  INFO  manager.ListenerWD - After Find Element--->By.name: password
19:42:31.867  INFO  manager.ListenerWD - Location of element(431, 320)
19:42:32.156  INFO  manager.ListenerWD - Before Find Element--->By.xpath: //button[text()='Login']
19:42:32.206  INFO  manager.ListenerWD - After Find Element--->By.xpath: //button[text()='Login']
19:42:32.227  INFO  manager.ListenerWD - Location of element(431, 390)
19:42:32.288  INFO  tests.TestBase - Before method finish logout
19:42:32.289  INFO  manager.ListenerWD - Before Find ElementS--->By.cssSelector: .contact-item_card__2SOIM
19:42:33.881  INFO  manager.ListenerWD - After Find ElementS--->By.cssSelector: .contact-item_card__2SOIM
19:42:33.882  INFO  manager.ListenerWD - List of elements is--->3
19:42:33.917  INFO  tests.TestBase - Name of method-->removeAllContact
19:42:33.922  INFO  manager.ListenerWD - Before Find ElementS--->By.cssSelector: .contact-item_card__2SOIM
19:42:33.995  INFO  manager.ListenerWD - After Find ElementS--->By.cssSelector: .contact-item_card__2SOIM
19:42:33.995  INFO  manager.ListenerWD - List of elements is--->3
19:42:33.996  INFO  manager.ListenerWD - Before Find Element--->By.cssSelector: .contact-item_card__2SOIM
19:42:34.032  INFO  manager.ListenerWD - After Find Element--->By.cssSelector: .contact-item_card__2SOIM
19:42:34.051  INFO  manager.ListenerWD - Location of element(192, 150)
19:42:34.133  INFO  manager.ListenerWD - Before Find Element--->By.xpath: //button[text()='Remove']
19:42:34.180  INFO  manager.ListenerWD - After Find Element--->By.xpath: //button[text()='Remove']
19:42:34.197  INFO  manager.ListenerWD - Location of element(635, 371)
19:42:35.259  INFO  manager.ListenerWD - Before Find ElementS--->By.cssSelector: .contact-item_card__2SOIM
19:42:35.308  INFO  manager.ListenerWD - After Find ElementS--->By.cssSelector: .contact-item_card__2SOIM
19:42:35.309  INFO  manager.ListenerWD - List of elements is--->2
19:42:35.310  INFO  manager.ListenerWD - Before Find Element--->By.cssSelector: .contact-item_card__2SOIM
19:42:35.346  INFO  manager.ListenerWD - After Find Element--->By.cssSelector: .contact-item_card__2SOIM
19:42:35.362  INFO  manager.ListenerWD - Location of element(192, 150)
19:42:35.420  INFO  manager.ListenerWD - Before Find Element--->By.xpath: //button[text()='Remove']
19:42:35.455  INFO  manager.ListenerWD - After Find Element--->By.xpath: //button[text()='Remove']
19:42:35.471  INFO  manager.ListenerWD - Location of element(635, 371)
19:42:36.539  INFO  manager.ListenerWD - Before Find ElementS--->By.cssSelector: .contact-item_card__2SOIM
19:42:36.571  INFO  manager.ListenerWD - After Find ElementS--->By.cssSelector: .contact-item_card__2SOIM
19:42:36.571  INFO  manager.ListenerWD - List of elements is--->1
19:42:36.571  INFO  manager.ListenerWD - Before Find Element--->By.cssSelector: .contact-item_card__2SOIM
19:42:36.599  INFO  manager.ListenerWD - After Find Element--->By.cssSelector: .contact-item_card__2SOIM
19:42:36.617  INFO  manager.ListenerWD - Location of element(192, 150)
19:42:36.672  INFO  manager.ListenerWD - Before Find Element--->By.xpath: //button[text()='Remove']
19:42:36.710  INFO  manager.ListenerWD - After Find Element--->By.xpath: //button[text()='Remove']
19:42:36.730  INFO  manager.ListenerWD - Location of element(635, 371)
19:42:37.800  INFO  manager.ListenerWD - Before Find ElementS--->By.cssSelector: .contact-item_card__2SOIM
19:42:42.871  INFO  manager.ListenerWD - After Find ElementS--->By.cssSelector: .contact-item_card__2SOIM
19:42:42.871  INFO  manager.ListenerWD - List of elements is--->0
19:42:42.878  INFO  manager.ListenerWD - Before Find Element--->By.cssSelector: .contact-page_message__2qafk>h1
19:42:42.914  INFO  manager.ListenerWD - After Find Element--->By.cssSelector: .contact-page_message__2qafk>h1
19:42:42.934  INFO  manager.ListenerWD - Location of element(505, 271)
19:42:42.976  INFO  manager.ListenerWD - Before Find Element--->By.cssSelector: .contact-page_message__2qafk>h1
19:42:43.007  INFO  manager.ListenerWD - After Find Element--->By.cssSelector: .contact-page_message__2qafk>h1
19:42:43.020  INFO  manager.ListenerWD - Location of element(505, 271)
19:42:43.054  INFO  tests.TestBase - Name of method-->removeFirstContact
19:42:43.055  INFO  manager.ListenerWD - Before Find ElementS--->By.cssSelector: .contact-item_card__2SOIM
19:42:48.065  INFO  manager.ListenerWD - After Find ElementS--->By.cssSelector: .contact-item_card__2SOIM
19:42:48.065  INFO  manager.ListenerWD - List of elements is--->0
19:42:48.066  INFO  manager.HelperBase - Number of Contacts  list before remove is--->0
19:42:48.066  INFO  manager.ListenerWD - Before Find Element--->By.cssSelector: .contact-item_card__2SOIM
19:42:53.141  INFO  manager.ListenerWD - Huston we have a problem!
19:42:53.142  INFO  manager.ListenerWD - Object target--->ChromeDriver: chrome on WINDOWS (7f8a4bdeb13dc254ccdae5b184e2ee0d)
19:42:53.143  INFO  manager.ListenerWD - *************
19:42:53.143  INFO  manager.ListenerWD - Method namefindElement
19:42:53.143  INFO  manager.ListenerWD - *************
19:42:53.143  INFO  manager.ListenerWD - *************
19:42:53.144  INFO  manager.ListenerWD - *************
19:42:53.146  INFO  manager.ListenerWD - InvocationTargetException & getTargetExceptionorg.openqa.selenium.NoSuchElementException: no such element: Unable to locate element: {"method":"css selector","selector":".contact-item_card__2SOIM"}
  (Session info: chrome=112.0.5615.138)
For documentation on this error, please visit: https://selenium.dev/exceptions/#no_such_element
Build info: version: '4.7.0', revision: '0a5b49d16f'
System info: os.name: 'Windows 10', os.arch: 'amd64', os.version: '10.0', java.version: '11.0.18'
Driver info: org.openqa.selenium.chrome.ChromeDriver
Command: [7f8a4bdeb13dc254ccdae5b184e2ee0d, findElement {using=css selector, value=.contact-item_card__2SOIM}]
Capabilities {acceptInsecureCerts: false, browserName: chrome, browserVersion: 112.0.5615.138, chrome: {chromedriverVersion: 112.0.5615.49 (bd2a7bcb881c..., userDataDir: C:\Users\ADAM-M~1\AppData\L...}, goog:chromeOptions: {debuggerAddress: localhost:56202}, networkConnectionEnabled: false, pageLoadStrategy: normal, platformName: WINDOWS, proxy: Proxy(), se:cdp: ws://localhost:56202/devtoo..., se:cdpVersion: 112.0.5615.138, setWindowRect: true, strictFileInteractability: false, timeouts: {implicit: 0, pageLoad: 300000, script: 30000}, unhandledPromptBehavior: dismiss and notify, webauthn:extension:credBlob: true, webauthn:extension:largeBlob: true, webauthn:extension:minPinLength: true, webauthn:extension:prf: true, webauthn:virtualAuthenticators: true}
Session ID: 7f8a4bdeb13dc254ccdae5b184e2ee0d
19:42:53.148  INFO  manager.ListenerWD - *************
19:42:53.156  INFO  manager.ListenerWD - Screen with error is--->src/test/screenshots/screen_1274.png
