19:30:28.234  INFO  manager.ApplicationManager - All tests run in Chrome Browser
19:30:30.828  INFO  manager.ApplicationManager - The link--->https://telranedu.web.app/home
19:30:30.894  INFO  tests.TestBase - Name of method-->loginSuccessModel
19:30:31.900  INFO  manager.ListenerWD - Before Find ElementS--->By.xpath: //button[text()='Sign Out']
19:30:36.940  INFO  manager.ListenerWD - After Find ElementS--->By.xpath: //button[text()='Sign Out']
19:30:36.945  INFO  manager.ListenerWD - List of elements is--->0
19:30:36.949  INFO  tests.TestBase - Test data---> email: 'inna_83@gmail.com' & password: 'Aa13579$'
19:30:36.974  INFO  manager.ListenerWD - Before Find Element--->By.cssSelector: a[href='/login']
19:30:37.030  INFO  manager.ListenerWD - After Find Element--->By.cssSelector: a[href='/login']
19:30:37.052  INFO  manager.ListenerWD - Location of element(1169, 34)
19:30:37.142  INFO  manager.ListenerWD - Before Find Element--->By.name: email
19:30:37.209  INFO  manager.ListenerWD - After Find Element--->By.name: email
19:30:37.233  INFO  manager.ListenerWD - Location of element(431, 250)
19:30:37.547  INFO  manager.ListenerWD - Before Find Element--->By.xpath: //input[la]
19:30:42.636  INFO  manager.ListenerWD - Huston we have a problem!
19:30:42.639  INFO  manager.ListenerWD - Object target--->ChromeDriver: chrome on WINDOWS (b5b72165a2e8974ccb4244d24d6650e7)
19:30:42.640  INFO  manager.ListenerWD - *************
19:30:42.641  INFO  manager.ListenerWD - findElement
19:30:42.642  INFO  manager.ListenerWD - *************
19:30:42.642  INFO  manager.ListenerWD - InvocationTargetException1java.lang.reflect.InvocationTargetException
19:30:42.642  INFO  manager.ListenerWD - *************
19:30:42.643  INFO  manager.ListenerWD - InvocationTargetException2null
19:30:42.644  INFO  manager.ListenerWD - *************
19:30:42.645  INFO  manager.ListenerWD - InvocationTargetException3java.lang.reflect.InvocationTargetException
19:30:42.645  INFO  manager.ListenerWD - *************
