14:10:40.944  INFO  manager.ApplicationManager - All tests run in Chrome Browser
14:10:43.338  INFO  manager.ApplicationManager - The link--->https://telranedu.web.app/home
14:10:44.391  INFO  manager.ListenerWD - Before Find ElementS--->By.xpath: //button[text()='Sign Out']
14:10:49.442  INFO  manager.ListenerWD - After Find ElementS--->By.xpath: //button[text()='Sign Out']
14:10:49.447  INFO  manager.ListenerWD - List of elements is--->0
14:10:49.449  INFO  manager.ListenerWD - Before Find Element--->By.cssSelector: a[href='/login']
14:10:49.500  INFO  manager.ListenerWD - After Find Element--->By.cssSelector: a[href='/login']
14:10:49.520  INFO  manager.ListenerWD - Location of element(1169, 34)
14:10:49.603  INFO  manager.ListenerWD - Before Find Element--->By.name: email
14:10:49.662  INFO  manager.ListenerWD - After Find Element--->By.name: email
14:10:49.688  INFO  manager.ListenerWD - Location of element(431, 250)
14:10:50.012  INFO  manager.ListenerWD - Before Find Element--->By.name: password
14:10:50.058  INFO  manager.ListenerWD - After Find Element--->By.name: password
14:10:50.075  INFO  manager.ListenerWD - Location of element(431, 320)
14:10:50.348  INFO  manager.ListenerWD - Before Find Element--->By.xpath: //button[text()='Login']
14:10:50.398  INFO  manager.ListenerWD - After Find Element--->By.xpath: //button[text()='Login']
14:10:50.417  INFO  manager.ListenerWD - Location of element(431, 390)
14:10:50.481  INFO  tests.TestBase - Before method finish logout
14:10:50.518  INFO  tests.TestBase - Name of method-->addContactSuccessAllFields
14:10:50.565  INFO  tests.TestBase - Tests run with data: --->Contact(name=Kate, lastName=Ivanov, phone=748949445667, email=katya@mail.com, address=London,Trafalgar sq,5, description=all fields)
14:10:50.566  INFO  manager.ListenerWD - Before Find Element--->By.cssSelector: a[href='/add']
14:10:51.510  INFO  manager.ListenerWD - After Find Element--->By.cssSelector: a[href='/add']
14:10:51.533  INFO  manager.ListenerWD - Location of element(986, 34)
14:10:51.609  INFO  manager.ListenerWD - Before Find Element--->By.cssSelector: input[placeholder='Name']
14:10:51.657  INFO  manager.ListenerWD - After Find Element--->By.cssSelector: input[placeholder='Name']
14:10:51.679  INFO  manager.ListenerWD - Location of element(201, 165)
14:10:51.952  INFO  manager.ListenerWD - Before Find Element--->By.cssSelector: input[placeholder='Last Name']
14:10:51.996  INFO  manager.ListenerWD - After Find Element--->By.cssSelector: input[placeholder='Last Name']
14:10:52.015  INFO  manager.ListenerWD - Location of element(201, 238)
14:10:52.313  INFO  manager.ListenerWD - Before Find Element--->By.cssSelector: input[placeholder='Phone']
14:10:52.354  INFO  manager.ListenerWD - After Find Element--->By.cssSelector: input[placeholder='Phone']
14:10:52.373  INFO  manager.ListenerWD - Location of element(201, 311)
14:10:52.652  INFO  manager.ListenerWD - Before Find Element--->By.xpath: //input[@placeholder='email']
14:10:52.698  INFO  manager.ListenerWD - After Find Element--->By.xpath: //input[@placeholder='email']
14:10:52.716  INFO  manager.ListenerWD - Location of element(201, 385)
14:10:52.998  INFO  manager.ListenerWD - Before Find Element--->By.cssSelector: input[placeholder='Address']
14:10:53.039  INFO  manager.ListenerWD - After Find Element--->By.cssSelector: input[placeholder='Address']
14:10:53.058  INFO  manager.ListenerWD - Location of element(201, 458)
14:10:53.367  INFO  manager.ListenerWD - Before Find Element--->By.xpath: //input[@placeholder='description']
14:10:53.410  INFO  manager.ListenerWD - After Find Element--->By.xpath: //input[@placeholder='description']
14:10:53.429  INFO  manager.ListenerWD - Location of element(201, 531)
14:10:53.709  INFO  manager.ListenerWD - Before Find Element--->By.cssSelector: .add_form__2rsm2>button
14:10:53.750  INFO  manager.ListenerWD - After Find Element--->By.cssSelector: .add_form__2rsm2>button
14:10:53.770  INFO  manager.ListenerWD - Location of element(204, 605)
14:10:53.958  INFO  manager.ListenerWD - Before Find Element--->By.cssSelector: .add_form__2rsm2>button
14:10:53.995  INFO  manager.ListenerWD - After Find Element--->By.cssSelector: .add_form__2rsm2>button
14:10:54.010  INFO  manager.ListenerWD - Location of element(204, 514)
14:10:54.064  INFO  manager.ListenerWD - Before Find ElementS--->By.cssSelector: h2
14:10:54.738  INFO  manager.ListenerWD - After Find ElementS--->By.cssSelector: h2
14:10:54.739  INFO  manager.ListenerWD - List of elements is--->3
14:10:54.824  INFO  manager.ListenerWD - Before Find ElementS--->By.cssSelector: h3
14:10:54.889  INFO  manager.ListenerWD - After Find ElementS--->By.cssSelector: h3
14:10:54.890  INFO  manager.ListenerWD - List of elements is--->3
14:10:54.969  INFO  tests.TestBase - Name of method-->addContactSuccessAllFields
14:10:54.970  INFO  tests.TestBase - Tests run with data: --->Contact(name=Kate, lastName=Ivanov, phone=74849494876, email=katya@mail.com, address=London,Trafalgar sq,5, description=null)
14:10:54.971  INFO  manager.ListenerWD - Before Find Element--->By.cssSelector: a[href='/add']
14:10:55.000  INFO  manager.ListenerWD - After Find Element--->By.cssSelector: a[href='/add']
14:10:55.013  INFO  manager.ListenerWD - Location of element(1000, 34)
14:10:55.070  INFO  manager.ListenerWD - Before Find Element--->By.cssSelector: input[placeholder='Name']
14:10:55.113  INFO  manager.ListenerWD - After Find Element--->By.cssSelector: input[placeholder='Name']
14:10:55.133  INFO  manager.ListenerWD - Location of element(201, 165)
14:10:55.406  INFO  manager.ListenerWD - Before Find Element--->By.cssSelector: input[placeholder='Last Name']
14:10:55.436  INFO  manager.ListenerWD - After Find Element--->By.cssSelector: input[placeholder='Last Name']
14:10:55.457  INFO  manager.ListenerWD - Location of element(201, 238)
14:10:55.740  INFO  manager.ListenerWD - Before Find Element--->By.cssSelector: input[placeholder='Phone']
14:10:55.776  INFO  manager.ListenerWD - After Find Element--->By.cssSelector: input[placeholder='Phone']
14:10:55.793  INFO  manager.ListenerWD - Location of element(201, 311)
14:10:56.087  INFO  manager.ListenerWD - Before Find Element--->By.xpath: //input[@placeholder='email']
14:10:56.117  INFO  manager.ListenerWD - After Find Element--->By.xpath: //input[@placeholder='email']
14:10:56.135  INFO  manager.ListenerWD - Location of element(201, 385)
14:10:56.407  INFO  manager.ListenerWD - Before Find Element--->By.cssSelector: input[placeholder='Address']
14:10:56.433  INFO  manager.ListenerWD - After Find Element--->By.cssSelector: input[placeholder='Address']
14:10:56.446  INFO  manager.ListenerWD - Location of element(201, 458)
14:10:56.706  INFO  manager.ListenerWD - Before Find Element--->By.xpath: //input[@placeholder='description']
14:10:56.730  INFO  manager.ListenerWD - After Find Element--->By.xpath: //input[@placeholder='description']
14:10:56.747  INFO  manager.ListenerWD - Location of element(201, 531)
14:10:56.986  INFO  manager.ListenerWD - Before Find Element--->By.cssSelector: .add_form__2rsm2>button
14:10:57.027  INFO  manager.ListenerWD - After Find Element--->By.cssSelector: .add_form__2rsm2>button
14:10:57.043  INFO  manager.ListenerWD - Location of element(204, 605)
14:10:57.186  INFO  manager.ListenerWD - Before Find Element--->By.cssSelector: .add_form__2rsm2>button
14:10:57.227  INFO  manager.ListenerWD - After Find Element--->By.cssSelector: .add_form__2rsm2>button
14:10:57.242  INFO  manager.ListenerWD - Location of element(204, 514)
14:10:57.304  INFO  manager.ListenerWD - Before Find ElementS--->By.cssSelector: h2
14:10:57.810  INFO  manager.ListenerWD - After Find ElementS--->By.cssSelector: h2
14:10:57.810  INFO  manager.ListenerWD - List of elements is--->4
14:10:57.877  INFO  manager.ListenerWD - Before Find ElementS--->By.cssSelector: h3
14:10:57.944  INFO  manager.ListenerWD - After Find ElementS--->By.cssSelector: h3
14:10:57.944  INFO  manager.ListenerWD - List of elements is--->4
14:10:58.047  INFO  tests.TestBase - Name of method-->addNewContactSuccess
14:10:58.059  INFO  tests.TestBase - Tests run with data:--->Contact(name=Kate1847, lastName=Ivanov, phone=748494941847, email=katya1847@mail.com, address=London,Trafalgar sq,5, description=null)
14:10:58.061  INFO  manager.ListenerWD - Before Find Element--->By.cssSelector: a[href='/add']
14:10:58.107  INFO  manager.ListenerWD - After Find Element--->By.cssSelector: a[href='/add']
14:10:58.120  INFO  manager.ListenerWD - Location of element(1000, 34)
14:10:58.174  INFO  manager.ListenerWD - Before Find Element--->By.cssSelector: input[placeholder='Name']
14:10:58.220  INFO  manager.ListenerWD - After Find Element--->By.cssSelector: input[placeholder='Name']
14:10:58.237  INFO  manager.ListenerWD - Location of element(201, 165)
14:10:58.476  INFO  manager.ListenerWD - Before Find Element--->By.cssSelector: input[placeholder='Last Name']
14:10:58.502  INFO  manager.ListenerWD - After Find Element--->By.cssSelector: input[placeholder='Last Name']
14:10:58.523  INFO  manager.ListenerWD - Location of element(201, 238)
14:10:58.810  INFO  manager.ListenerWD - Before Find Element--->By.cssSelector: input[placeholder='Phone']
14:10:58.839  INFO  manager.ListenerWD - After Find Element--->By.cssSelector: input[placeholder='Phone']
14:10:58.858  INFO  manager.ListenerWD - Location of element(201, 311)
14:10:59.145  INFO  manager.ListenerWD - Before Find Element--->By.xpath: //input[@placeholder='email']
14:10:59.177  INFO  manager.ListenerWD - After Find Element--->By.xpath: //input[@placeholder='email']
14:10:59.199  INFO  manager.ListenerWD - Location of element(201, 385)
14:10:59.476  INFO  manager.ListenerWD - Before Find Element--->By.cssSelector: input[placeholder='Address']
14:10:59.504  INFO  manager.ListenerWD - After Find Element--->By.cssSelector: input[placeholder='Address']
14:10:59.527  INFO  manager.ListenerWD - Location of element(201, 458)
14:10:59.824  INFO  manager.ListenerWD - Before Find Element--->By.xpath: //input[@placeholder='description']
14:10:59.858  INFO  manager.ListenerWD - After Find Element--->By.xpath: //input[@placeholder='description']
14:10:59.874  INFO  manager.ListenerWD - Location of element(201, 531)
14:11:00.085  INFO  manager.ListenerWD - Before Find Element--->By.cssSelector: .add_form__2rsm2>button
14:11:00.118  INFO  manager.ListenerWD - After Find Element--->By.cssSelector: .add_form__2rsm2>button
14:11:00.136  INFO  manager.ListenerWD - Location of element(204, 605)
14:11:00.248  INFO  manager.ListenerWD - Before Find Element--->By.cssSelector: .add_form__2rsm2>button
14:11:00.279  INFO  manager.ListenerWD - After Find Element--->By.cssSelector: .add_form__2rsm2>button
14:11:00.293  INFO  manager.ListenerWD - Location of element(204, 514)
14:11:00.355  INFO  manager.ListenerWD - Before Find ElementS--->By.cssSelector: h2
14:11:00.871  INFO  manager.ListenerWD - After Find ElementS--->By.cssSelector: h2
14:11:00.871  INFO  manager.ListenerWD - List of elements is--->5
14:11:00.987  INFO  manager.ListenerWD - Before Find ElementS--->By.cssSelector: h3
14:11:01.078  INFO  manager.ListenerWD - After Find ElementS--->By.cssSelector: h3
14:11:01.079  INFO  manager.ListenerWD - List of elements is--->5
14:11:01.211  INFO  tests.TestBase - Name of method-->addNewContactWrongAddress
14:11:01.213  INFO  tests.TestBase - Tests run with data:--->Contact(name=Kate, lastName=Ivanov, phone=78748494947346, email=katya@mail.com, address=, description=empty address)
14:11:01.213  INFO  manager.ListenerWD - Before Find Element--->By.cssSelector: a[href='/add']
14:11:01.239  INFO  manager.ListenerWD - After Find Element--->By.cssSelector: a[href='/add']
14:11:01.254  INFO  manager.ListenerWD - Location of element(1000, 34)
14:11:01.301  INFO  manager.ListenerWD - Before Find Element--->By.cssSelector: input[placeholder='Name']
14:11:01.337  INFO  manager.ListenerWD - After Find Element--->By.cssSelector: input[placeholder='Name']
14:11:01.352  INFO  manager.ListenerWD - Location of element(201, 165)
14:11:01.619  INFO  manager.ListenerWD - Before Find Element--->By.cssSelector: input[placeholder='Last Name']
14:11:01.648  INFO  manager.ListenerWD - After Find Element--->By.cssSelector: input[placeholder='Last Name']
14:11:01.668  INFO  manager.ListenerWD - Location of element(201, 238)
14:11:01.952  INFO  manager.ListenerWD - Before Find Element--->By.cssSelector: input[placeholder='Phone']
14:11:01.984  INFO  manager.ListenerWD - After Find Element--->By.cssSelector: input[placeholder='Phone']
14:11:02.003  INFO  manager.ListenerWD - Location of element(201, 311)
14:11:02.281  INFO  manager.ListenerWD - Before Find Element--->By.xpath: //input[@placeholder='email']
14:11:02.309  INFO  manager.ListenerWD - After Find Element--->By.xpath: //input[@placeholder='email']
14:11:02.327  INFO  manager.ListenerWD - Location of element(201, 385)
14:11:02.604  INFO  manager.ListenerWD - Before Find Element--->By.cssSelector: input[placeholder='Address']
14:11:02.636  INFO  manager.ListenerWD - After Find Element--->By.cssSelector: input[placeholder='Address']
14:11:02.655  INFO  manager.ListenerWD - Location of element(201, 458)
14:11:02.911  INFO  manager.ListenerWD - Before Find Element--->By.xpath: //input[@placeholder='description']
14:11:02.939  INFO  manager.ListenerWD - After Find Element--->By.xpath: //input[@placeholder='description']
14:11:02.959  INFO  manager.ListenerWD - Location of element(201, 531)
14:11:03.239  INFO  manager.ListenerWD - Before Find Element--->By.cssSelector: .add_form__2rsm2>button
14:11:03.267  INFO  manager.ListenerWD - After Find Element--->By.cssSelector: .add_form__2rsm2>button
14:11:03.288  INFO  manager.ListenerWD - Location of element(204, 605)
14:11:03.411  INFO  manager.ListenerWD - Before Find Element--->By.cssSelector: .add_form__2rsm2>button
14:11:03.447  INFO  manager.ListenerWD - After Find Element--->By.cssSelector: .add_form__2rsm2>button
14:11:03.464  INFO  manager.ListenerWD - Location of element(204, 514)
14:11:03.528  INFO  manager.ListenerWD - Before Find ElementS--->By.cssSelector: a.active[href='/add']
14:11:03.565  INFO  manager.ListenerWD - After Find ElementS--->By.cssSelector: a.active[href='/add']
14:11:03.565  INFO  manager.ListenerWD - List of elements is--->1
14:11:03.567  INFO  tests.TestBase - Name of method-->addNewContactWrongEmail
14:11:03.568  INFO  tests.TestBase - Tests run with data:--->Contact(name=Kate, lastName=Ivanov, phone=34567654367, email=katyamail.com, address=NY, description=empty email)
14:11:03.569  INFO  manager.ListenerWD - Before Find Element--->By.cssSelector: a[href='/add']
14:11:03.597  INFO  manager.ListenerWD - After Find Element--->By.cssSelector: a[href='/add']
14:11:03.613  INFO  manager.ListenerWD - Location of element(985, -57)
14:11:03.671  INFO  manager.ListenerWD - Before Find Element--->By.cssSelector: input[placeholder='Name']
14:11:03.705  INFO  manager.ListenerWD - After Find Element--->By.cssSelector: input[placeholder='Name']
14:11:03.721  INFO  manager.ListenerWD - Location of element(201, 132)
14:11:03.970  INFO  manager.ListenerWD - Before Find Element--->By.cssSelector: input[placeholder='Last Name']
14:11:03.995  INFO  manager.ListenerWD - After Find Element--->By.cssSelector: input[placeholder='Last Name']
14:11:04.010  INFO  manager.ListenerWD - Location of element(201, 205)
14:11:04.285  INFO  manager.ListenerWD - Before Find Element--->By.cssSelector: input[placeholder='Phone']
14:11:04.316  INFO  manager.ListenerWD - After Find Element--->By.cssSelector: input[placeholder='Phone']
14:11:04.332  INFO  manager.ListenerWD - Location of element(201, 279)
14:11:04.626  INFO  manager.ListenerWD - Before Find Element--->By.xpath: //input[@placeholder='email']
14:11:04.652  INFO  manager.ListenerWD - After Find Element--->By.xpath: //input[@placeholder='email']
14:11:04.665  INFO  manager.ListenerWD - Location of element(201, 352)
14:11:04.945  INFO  manager.ListenerWD - Before Find Element--->By.cssSelector: input[placeholder='Address']
14:11:04.972  INFO  manager.ListenerWD - After Find Element--->By.cssSelector: input[placeholder='Address']
14:11:04.989  INFO  manager.ListenerWD - Location of element(201, 425)
14:11:05.226  INFO  manager.ListenerWD - Before Find Element--->By.xpath: //input[@placeholder='description']
14:11:05.255  INFO  manager.ListenerWD - After Find Element--->By.xpath: //input[@placeholder='description']
14:11:05.270  INFO  manager.ListenerWD - Location of element(201, 499)
14:11:05.559  INFO  manager.ListenerWD - Before Find Element--->By.cssSelector: .add_form__2rsm2>button
14:11:05.589  INFO  manager.ListenerWD - After Find Element--->By.cssSelector: .add_form__2rsm2>button
14:11:05.604  INFO  manager.ListenerWD - Location of element(204, 572)
14:11:05.721  INFO  manager.ListenerWD - Before Find Element--->By.cssSelector: .add_form__2rsm2>button
14:11:05.753  INFO  manager.ListenerWD - After Find Element--->By.cssSelector: .add_form__2rsm2>button
14:11:05.769  INFO  manager.ListenerWD - Location of element(204, 514)
14:11:05.812  INFO  manager.ListenerWD - Before Find ElementS--->By.cssSelector: a.active[href='/add']
14:11:05.840  INFO  manager.ListenerWD - After Find ElementS--->By.cssSelector: a.active[href='/add']
14:11:05.840  INFO  manager.ListenerWD - List of elements is--->1
14:11:05.888  INFO  manager.ListenerWD - Huston we have a problem!
14:11:05.889  INFO  manager.ListenerWD - Object target--->org.openqa.selenium.remote.RemoteWebDriver$RemoteTargetLocator@539fc5d1
14:11:05.889  INFO  manager.ListenerWD - *************
14:11:05.890  INFO  manager.ListenerWD - Method namealert
14:11:05.890  INFO  manager.ListenerWD - *************
14:11:05.890  INFO  manager.ListenerWD - *************
14:11:05.890  INFO  manager.ListenerWD - *************
14:11:05.895  INFO  manager.ListenerWD - InvocationTargetException & getTargetExceptionorg.openqa.selenium.NoAlertPresentException: no such alert
  (Session info: chrome=112.0.5615.138)
Build info: version: '4.7.0', revision: '0a5b49d16f'
System info: os.name: 'Windows 10', os.arch: 'amd64', os.version: '10.0', java.version: '11.0.18'
Driver info: org.openqa.selenium.chrome.ChromeDriver
Command: [aa60fa254e7e9949b369eb32dc1aadc8, getAlertText {}]
Capabilities {acceptInsecureCerts: false, browserName: chrome, browserVersion: 112.0.5615.138, chrome: {chromedriverVersion: 112.0.5615.49 (bd2a7bcb881c..., userDataDir: C:\Users\ADAM-M~1\AppData\L...}, goog:chromeOptions: {debuggerAddress: localhost:49866}, networkConnectionEnabled: false, pageLoadStrategy: normal, platformName: WINDOWS, proxy: Proxy(), se:cdp: ws://localhost:49866/devtoo..., se:cdpVersion: 112.0.5615.138, setWindowRect: true, strictFileInteractability: false, timeouts: {implicit: 0, pageLoad: 300000, script: 30000}, unhandledPromptBehavior: dismiss and notify, webauthn:extension:credBlob: true, webauthn:extension:largeBlob: true, webauthn:extension:minPinLength: true, webauthn:extension:prf: true, webauthn:virtualAuthenticators: true}
Session ID: aa60fa254e7e9949b369eb32dc1aadc8
14:11:05.895  INFO  manager.ListenerWD - *************
14:11:05.896  INFO  manager.ListenerWD - Screen with error is--->src/test/screenshots/screen_1155.png
14:11:06.445  INFO  tests.TestBase - Tests finish with massage:'Email not valid: must be a well-formed email address'
14:11:06.448  INFO  tests.TestBase - Name of method-->addNewContactWrongLastName
14:11:06.452  INFO  tests.TestBase - Tests run with data:--->Contact(name=Kate, lastName=, phone=78748494947346, email=katya@mail.com, address=NY, description=empty last name)
14:11:06.452  INFO  manager.ListenerWD - Before Find Element--->By.cssSelector: a[href='/add']
14:11:06.480  INFO  manager.ListenerWD - After Find Element--->By.cssSelector: a[href='/add']
14:11:06.494  INFO  manager.ListenerWD - Location of element(985, -57)
14:11:06.544  INFO  manager.ListenerWD - Before Find Element--->By.cssSelector: input[placeholder='Name']
14:11:06.574  INFO  manager.ListenerWD - After Find Element--->By.cssSelector: input[placeholder='Name']
14:11:06.587  INFO  manager.ListenerWD - Location of element(201, 132)
14:11:06.842  INFO  manager.ListenerWD - Before Find Element--->By.cssSelector: input[placeholder='Last Name']
14:11:06.868  INFO  manager.ListenerWD - After Find Element--->By.cssSelector: input[placeholder='Last Name']
14:11:06.885  INFO  manager.ListenerWD - Location of element(201, 205)
14:11:07.133  INFO  manager.ListenerWD - Before Find Element--->By.cssSelector: input[placeholder='Phone']
14:11:07.159  INFO  manager.ListenerWD - After Find Element--->By.cssSelector: input[placeholder='Phone']
14:11:07.173  INFO  manager.ListenerWD - Location of element(201, 279)
14:11:07.448  INFO  manager.ListenerWD - Before Find Element--->By.xpath: //input[@placeholder='email']
14:11:07.479  INFO  manager.ListenerWD - After Find Element--->By.xpath: //input[@placeholder='email']
14:11:07.493  INFO  manager.ListenerWD - Location of element(201, 352)
14:11:07.773  INFO  manager.ListenerWD - Before Find Element--->By.cssSelector: input[placeholder='Address']
14:11:07.802  INFO  manager.ListenerWD - After Find Element--->By.cssSelector: input[placeholder='Address']
14:11:07.814  INFO  manager.ListenerWD - Location of element(201, 425)
14:11:08.084  INFO  manager.ListenerWD - Before Find Element--->By.xpath: //input[@placeholder='description']
14:11:08.114  INFO  manager.ListenerWD - After Find Element--->By.xpath: //input[@placeholder='description']
14:11:08.131  INFO  manager.ListenerWD - Location of element(201, 499)
14:11:08.952  INFO  manager.ListenerWD - Before Find Element--->By.cssSelector: .add_form__2rsm2>button
14:11:08.979  INFO  manager.ListenerWD - After Find Element--->By.cssSelector: .add_form__2rsm2>button
14:11:08.992  INFO  manager.ListenerWD - Location of element(204, 572)
14:11:09.120  INFO  manager.ListenerWD - Before Find Element--->By.cssSelector: .add_form__2rsm2>button
14:11:09.153  INFO  manager.ListenerWD - After Find Element--->By.cssSelector: .add_form__2rsm2>button
14:11:09.171  INFO  manager.ListenerWD - Location of element(204, 514)
14:11:09.220  INFO  manager.ListenerWD - Before Find ElementS--->By.cssSelector: a.active[href='/add']
14:11:09.249  INFO  manager.ListenerWD - After Find ElementS--->By.cssSelector: a.active[href='/add']
14:11:09.249  INFO  manager.ListenerWD - List of elements is--->1
14:11:09.252  INFO  tests.TestBase - Name of method-->addNewContactWrongName
14:11:09.254  INFO  tests.TestBase - Tests run with data:--->Contact(name=, lastName=Ivanov, phone=787484949345, email=katya@mail.com, address=London,Trafalgar sq,5, description=empty name)
14:11:09.255  INFO  manager.ListenerWD - Before Find Element--->By.cssSelector: a[href='/add']
14:11:09.284  INFO  manager.ListenerWD - After Find Element--->By.cssSelector: a[href='/add']
14:11:09.300  INFO  manager.ListenerWD - Location of element(985, -57)
14:11:09.353  INFO  manager.ListenerWD - Before Find Element--->By.cssSelector: input[placeholder='Name']
14:11:09.382  INFO  manager.ListenerWD - After Find Element--->By.cssSelector: input[placeholder='Name']
14:11:09.396  INFO  manager.ListenerWD - Location of element(201, 132)
14:11:09.656  INFO  manager.ListenerWD - Before Find Element--->By.cssSelector: input[placeholder='Last Name']
14:11:09.681  INFO  manager.ListenerWD - After Find Element--->By.cssSelector: input[placeholder='Last Name']
14:11:09.693  INFO  manager.ListenerWD - Location of element(201, 205)
14:11:09.898  INFO  manager.ListenerWD - Before Find Element--->By.cssSelector: input[placeholder='Phone']
14:11:09.924  INFO  manager.ListenerWD - After Find Element--->By.cssSelector: input[placeholder='Phone']
14:11:09.937  INFO  manager.ListenerWD - Location of element(201, 279)
14:11:10.218  INFO  manager.ListenerWD - Before Find Element--->By.xpath: //input[@placeholder='email']
14:11:10.245  INFO  manager.ListenerWD - After Find Element--->By.xpath: //input[@placeholder='email']
14:11:10.260  INFO  manager.ListenerWD - Location of element(201, 352)
14:11:10.544  INFO  manager.ListenerWD - Before Find Element--->By.cssSelector: input[placeholder='Address']
14:11:10.569  INFO  manager.ListenerWD - After Find Element--->By.cssSelector: input[placeholder='Address']
14:11:10.583  INFO  manager.ListenerWD - Location of element(201, 425)
14:11:10.839  INFO  manager.ListenerWD - Before Find Element--->By.xpath: //input[@placeholder='description']
14:11:10.864  INFO  manager.ListenerWD - After Find Element--->By.xpath: //input[@placeholder='description']
14:11:10.873  INFO  manager.ListenerWD - Location of element(201, 499)
14:11:11.105  INFO  manager.ListenerWD - Before Find Element--->By.cssSelector: .add_form__2rsm2>button
14:11:11.129  INFO  manager.ListenerWD - After Find Element--->By.cssSelector: .add_form__2rsm2>button
14:11:11.143  INFO  manager.ListenerWD - Location of element(204, 572)
14:11:11.250  INFO  manager.ListenerWD - Before Find Element--->By.cssSelector: .add_form__2rsm2>button
14:11:11.283  INFO  manager.ListenerWD - After Find Element--->By.cssSelector: .add_form__2rsm2>button
14:11:11.296  INFO  manager.ListenerWD - Location of element(204, 514)
14:11:11.337  INFO  manager.ListenerWD - Before Find ElementS--->By.cssSelector: a.active[href='/add']
14:11:11.363  INFO  manager.ListenerWD - After Find ElementS--->By.cssSelector: a.active[href='/add']
14:11:11.363  INFO  manager.ListenerWD - List of elements is--->1
14:11:11.365  INFO  tests.TestBase - Name of method-->addNewContactWrongPhone
14:11:11.366  INFO  tests.TestBase - Tests run with data:--->Contact(name=Kate, lastName=Ivanov, phone=, email=katya@mail.com, address=NY, description=empty phone)
14:11:11.366  INFO  manager.ListenerWD - Before Find Element--->By.cssSelector: a[href='/add']
14:11:11.388  INFO  manager.ListenerWD - After Find Element--->By.cssSelector: a[href='/add']
14:11:11.400  INFO  manager.ListenerWD - Location of element(985, -57)
14:11:11.452  INFO  manager.ListenerWD - Before Find Element--->By.cssSelector: input[placeholder='Name']
14:11:11.484  INFO  manager.ListenerWD - After Find Element--->By.cssSelector: input[placeholder='Name']
14:11:11.501  INFO  manager.ListenerWD - Location of element(201, 132)
14:11:11.736  INFO  manager.ListenerWD - Before Find Element--->By.cssSelector: input[placeholder='Last Name']
14:11:11.765  INFO  manager.ListenerWD - After Find Element--->By.cssSelector: input[placeholder='Last Name']
14:11:11.781  INFO  manager.ListenerWD - Location of element(201, 205)
14:11:12.031  INFO  manager.ListenerWD - Before Find Element--->By.cssSelector: input[placeholder='Phone']
14:11:12.057  INFO  manager.ListenerWD - After Find Element--->By.cssSelector: input[placeholder='Phone']
14:11:12.071  INFO  manager.ListenerWD - Location of element(201, 279)
14:11:12.317  INFO  manager.ListenerWD - Before Find Element--->By.xpath: //input[@placeholder='email']
14:11:12.343  INFO  manager.ListenerWD - After Find Element--->By.xpath: //input[@placeholder='email']
14:11:12.355  INFO  manager.ListenerWD - Location of element(201, 352)
14:11:12.626  INFO  manager.ListenerWD - Before Find Element--->By.cssSelector: input[placeholder='Address']
14:11:12.652  INFO  manager.ListenerWD - After Find Element--->By.cssSelector: input[placeholder='Address']
14:11:12.671  INFO  manager.ListenerWD - Location of element(201, 425)
14:11:12.933  INFO  manager.ListenerWD - Before Find Element--->By.xpath: //input[@placeholder='description']
14:11:12.964  INFO  manager.ListenerWD - After Find Element--->By.xpath: //input[@placeholder='description']
14:11:12.979  INFO  manager.ListenerWD - Location of element(201, 499)
14:11:13.251  INFO  manager.ListenerWD - Before Find Element--->By.cssSelector: .add_form__2rsm2>button
14:11:13.281  INFO  manager.ListenerWD - After Find Element--->By.cssSelector: .add_form__2rsm2>button
14:11:13.297  INFO  manager.ListenerWD - Location of element(204, 572)
14:11:13.429  INFO  manager.ListenerWD - Before Find Element--->By.cssSelector: .add_form__2rsm2>button
14:11:13.462  INFO  manager.ListenerWD - After Find Element--->By.cssSelector: .add_form__2rsm2>button
14:11:13.477  INFO  manager.ListenerWD - Location of element(204, 514)
14:11:13.516  INFO  manager.ListenerWD - Before Find ElementS--->By.cssSelector: a.active[href='/add']
14:11:13.546  INFO  manager.ListenerWD - After Find ElementS--->By.cssSelector: a.active[href='/add']
14:11:13.546  INFO  manager.ListenerWD - List of elements is--->1
14:11:13.557  INFO  manager.ListenerWD - Huston we have a problem!
14:11:13.557  INFO  manager.ListenerWD - Object target--->org.openqa.selenium.remote.RemoteWebDriver$RemoteTargetLocator@6115846e
14:11:13.557  INFO  manager.ListenerWD - *************
14:11:13.557  INFO  manager.ListenerWD - Method namealert
14:11:13.557  INFO  manager.ListenerWD - *************
14:11:13.558  INFO  manager.ListenerWD - *************
14:11:13.559  INFO  manager.ListenerWD - *************
14:11:13.559  INFO  manager.ListenerWD - InvocationTargetException & getTargetExceptionorg.openqa.selenium.NoAlertPresentException: no such alert
  (Session info: chrome=112.0.5615.138)
Build info: version: '4.7.0', revision: '0a5b49d16f'
System info: os.name: 'Windows 10', os.arch: 'amd64', os.version: '10.0', java.version: '11.0.18'
Driver info: org.openqa.selenium.chrome.ChromeDriver
Command: [aa60fa254e7e9949b369eb32dc1aadc8, getAlertText {}]
Capabilities {acceptInsecureCerts: false, browserName: chrome, browserVersion: 112.0.5615.138, chrome: {chromedriverVersion: 112.0.5615.49 (bd2a7bcb881c..., userDataDir: C:\Users\ADAM-M~1\AppData\L...}, goog:chromeOptions: {debuggerAddress: localhost:49866}, networkConnectionEnabled: false, pageLoadStrategy: normal, platformName: WINDOWS, proxy: Proxy(), se:cdp: ws://localhost:49866/devtoo..., se:cdpVersion: 112.0.5615.138, setWindowRect: true, strictFileInteractability: false, timeouts: {implicit: 0, pageLoad: 300000, script: 30000}, unhandledPromptBehavior: dismiss and notify, webauthn:extension:credBlob: true, webauthn:extension:largeBlob: true, webauthn:extension:minPinLength: true, webauthn:extension:prf: true, webauthn:virtualAuthenticators: true}
Session ID: aa60fa254e7e9949b369eb32dc1aadc8
14:11:13.560  INFO  manager.ListenerWD - *************
14:11:13.560  INFO  manager.ListenerWD - Screen with error is--->src/test/screenshots/screen_1225.png
14:11:14.100  INFO  tests.TestBase - Tests finish with massage: 'Phone not valid: Phone number must contain only digits! And length min 10, max 15!'
