19:43:53.982  INFO  manager.ApplicationManager - All tests run in Chrome Browser
19:43:56.918  INFO  manager.ApplicationManager - The link--->https://telranedu.web.app/home
19:43:57.967  INFO  manager.ListenerWD - Before Find ElementS--->By.xpath: //button[text()='Sign Out']
19:44:03.000  INFO  manager.ListenerWD - After Find ElementS--->By.xpath: //button[text()='Sign Out']
19:44:03.004  INFO  manager.ListenerWD - List of elements is--->0
19:44:03.007  INFO  manager.ListenerWD - Before Find Element--->By.cssSelector: a[href='/login']
19:44:03.052  INFO  manager.ListenerWD - After Find Element--->By.cssSelector: a[href='/login']
19:44:03.091  INFO  manager.ListenerWD - Location of element(1169, 34)
19:44:03.185  INFO  manager.ListenerWD - Before Find Element--->By.name: email
19:44:03.241  INFO  manager.ListenerWD - After Find Element--->By.name: email
19:44:03.264  INFO  manager.ListenerWD - Location of element(431, 250)
19:44:03.579  INFO  manager.ListenerWD - Before Find Element--->By.name: password
19:44:03.623  INFO  manager.ListenerWD - After Find Element--->By.name: password
19:44:03.640  INFO  manager.ListenerWD - Location of element(431, 320)
19:44:03.904  INFO  manager.ListenerWD - Before Find Element--->By.xpath: //button[text()='Login']
19:44:03.954  INFO  manager.ListenerWD - After Find Element--->By.xpath: //button[text()='Login']
19:44:03.969  INFO  manager.ListenerWD - Location of element(431, 390)
19:44:04.030  INFO  tests.TestBase - Before method finish logout
19:44:04.030  INFO  manager.ListenerWD - Before Find ElementS--->By.cssSelector: .contact-item_card__2SOIM
19:44:09.055  INFO  manager.ListenerWD - After Find ElementS--->By.cssSelector: .contact-item_card__2SOIM
19:44:09.055  INFO  manager.ListenerWD - List of elements is--->0
19:44:09.068  INFO  manager.ListenerWD - Before Find Element--->By.cssSelector: a[href='/add']
19:44:09.124  INFO  manager.ListenerWD - After Find Element--->By.cssSelector: a[href='/add']
19:44:09.142  INFO  manager.ListenerWD - Location of element(1000, 34)
19:44:09.212  INFO  manager.ListenerWD - Before Find Element--->By.cssSelector: [placeholder='Name']
19:44:09.274  INFO  manager.ListenerWD - After Find Element--->By.cssSelector: [placeholder='Name']
19:44:09.291  INFO  manager.ListenerWD - Location of element(201, 165)
19:44:09.565  INFO  manager.ListenerWD - Before Find Element--->By.cssSelector: [placeholder='Last Name']
19:44:09.615  INFO  manager.ListenerWD - After Find Element--->By.cssSelector: [placeholder='Last Name']
19:44:09.633  INFO  manager.ListenerWD - Location of element(201, 238)
19:44:09.939  INFO  manager.ListenerWD - Before Find Element--->By.cssSelector: [placeholder='Phone']
19:44:09.983  INFO  manager.ListenerWD - After Find Element--->By.cssSelector: [placeholder='Phone']
19:44:10.000  INFO  manager.ListenerWD - Location of element(201, 311)
19:44:10.278  INFO  manager.ListenerWD - Before Find Element--->By.cssSelector: [placeholder='email']
19:44:10.337  INFO  manager.ListenerWD - After Find Element--->By.cssSelector: [placeholder='email']
19:44:10.355  INFO  manager.ListenerWD - Location of element(201, 385)
19:44:10.655  INFO  manager.ListenerWD - Before Find Element--->By.cssSelector: [placeholder='Address']
19:44:10.699  INFO  manager.ListenerWD - After Find Element--->By.cssSelector: [placeholder='Address']
19:44:10.714  INFO  manager.ListenerWD - Location of element(201, 458)
19:44:10.965  INFO  manager.ListenerWD - Before Find Element--->By.cssSelector: [placeholder='description']
19:44:11.001  INFO  manager.ListenerWD - After Find Element--->By.cssSelector: [placeholder='description']
19:44:11.017  INFO  manager.ListenerWD - Location of element(201, 531)
19:44:11.306  INFO  manager.ListenerWD - Before Find Element--->By.cssSelector: .add_form__2rsm2>button
19:44:11.345  INFO  manager.ListenerWD - After Find Element--->By.cssSelector: .add_form__2rsm2>button
19:44:11.359  INFO  manager.ListenerWD - Location of element(204, 605)
19:44:11.505  INFO  manager.ListenerWD - Before Find Element--->By.cssSelector: .add_form__2rsm2>button
19:44:11.534  INFO  manager.ListenerWD - After Find Element--->By.cssSelector: .add_form__2rsm2>button
19:44:11.545  INFO  manager.ListenerWD - Location of element(204, 514)
19:44:12.111  INFO  manager.ListenerWD - Before Find Element--->By.cssSelector: a[href='/add']
19:44:12.140  INFO  manager.ListenerWD - After Find Element--->By.cssSelector: a[href='/add']
19:44:12.153  INFO  manager.ListenerWD - Location of element(986, -9)
19:44:12.206  INFO  manager.ListenerWD - Before Find Element--->By.cssSelector: [placeholder='Name']
19:44:17.273  INFO  manager.ListenerWD - Huston we have a problem!
19:44:17.274  INFO  manager.ListenerWD - Object target--->ChromeDriver: chrome on WINDOWS (14e601c7b05880b54fc74d78d385fe21)
19:44:17.275  INFO  manager.ListenerWD - *************
19:44:17.275  INFO  manager.ListenerWD - Method namefindElement
19:44:17.275  INFO  manager.ListenerWD - *************
19:44:17.276  INFO  manager.ListenerWD - *************
19:44:17.276  INFO  manager.ListenerWD - *************
19:44:17.280  INFO  manager.ListenerWD - InvocationTargetException & getTargetExceptionorg.openqa.selenium.NoSuchElementException: no such element: Unable to locate element: {"method":"css selector","selector":"[placeholder='Name']"}
  (Session info: chrome=112.0.5615.138)
For documentation on this error, please visit: https://selenium.dev/exceptions/#no_such_element
Build info: version: '4.7.0', revision: '0a5b49d16f'
System info: os.name: 'Windows 10', os.arch: 'amd64', os.version: '10.0', java.version: '11.0.18'
Driver info: org.openqa.selenium.chrome.ChromeDriver
Command: [14e601c7b05880b54fc74d78d385fe21, findElement {using=css selector, value=[placeholder='Name']}]
Capabilities {acceptInsecureCerts: false, browserName: chrome, browserVersion: 112.0.5615.138, chrome: {chromedriverVersion: 112.0.5615.49 (bd2a7bcb881c..., userDataDir: C:\Users\ADAM-M~1\AppData\L...}, goog:chromeOptions: {debuggerAddress: localhost:56395}, networkConnectionEnabled: false, pageLoadStrategy: normal, platformName: WINDOWS, proxy: Proxy(), se:cdp: ws://localhost:56395/devtoo..., se:cdpVersion: 112.0.5615.138, setWindowRect: true, strictFileInteractability: false, timeouts: {implicit: 0, pageLoad: 300000, script: 30000}, unhandledPromptBehavior: dismiss and notify, webauthn:extension:credBlob: true, webauthn:extension:largeBlob: true, webauthn:extension:minPinLength: true, webauthn:extension:prf: true, webauthn:virtualAuthenticators: true}
Session ID: 14e601c7b05880b54fc74d78d385fe21
19:44:17.281  INFO  manager.ListenerWD - *************
19:44:17.282  INFO  manager.ListenerWD - Screen with error is--->src/test/screenshots/screen_1770.png
