19:47:12.385  INFO  manager.ApplicationManager - All tests run in Chrome Browser
19:47:14.665  INFO  manager.ApplicationManager - The link--->https://telranedu.web.app/home
19:47:15.718  INFO  manager.ListenerWD - Before Find ElementS--->By.xpath: //button[text()='Sign Out']
19:47:20.777  INFO  manager.ListenerWD - After Find ElementS--->By.xpath: //button[text()='Sign Out']
19:47:20.787  INFO  manager.ListenerWD - List of elements is--->0
19:47:20.791  INFO  manager.ListenerWD - Before Find Element--->By.cssSelector: a[href='/login']
19:47:20.844  INFO  manager.ListenerWD - After Find Element--->By.cssSelector: a[href='/login']
19:47:20.864  INFO  manager.ListenerWD - Location of element(1169, 34)
19:47:20.936  INFO  manager.ListenerWD - Before Find Element--->By.name: email
19:47:21.002  INFO  manager.ListenerWD - After Find Element--->By.name: email
19:47:21.028  INFO  manager.ListenerWD - Location of element(431, 250)
19:47:21.341  INFO  manager.ListenerWD - Before Find Element--->By.name: password
19:47:21.383  INFO  manager.ListenerWD - After Find Element--->By.name: password
19:47:21.400  INFO  manager.ListenerWD - Location of element(431, 320)
19:47:21.651  INFO  manager.ListenerWD - Before Find Element--->By.xpath: //button[text()='Login']
19:47:21.697  INFO  manager.ListenerWD - After Find Element--->By.xpath: //button[text()='Login']
19:47:21.715  INFO  manager.ListenerWD - Location of element(431, 390)
19:47:21.782  INFO  tests.TestBase - Before method finish logout
19:47:21.783  INFO  manager.ListenerWD - Before Find ElementS--->By.cssSelector: .contact-item_card__2SOIM
19:47:23.414  INFO  manager.ListenerWD - After Find ElementS--->By.cssSelector: .contact-item_card__2SOIM
19:47:23.414  INFO  manager.ListenerWD - List of elements is--->2
19:47:23.427  INFO  manager.ListenerWD - Before Find Element--->By.cssSelector: a[href='/add']
19:47:23.465  INFO  manager.ListenerWD - After Find Element--->By.cssSelector: a[href='/add']
19:47:23.483  INFO  manager.ListenerWD - Location of element(1000, 34)
19:47:23.561  INFO  manager.ListenerWD - Before Find Element--->By.cssSelector: [placeholder='Name']
19:47:23.607  INFO  manager.ListenerWD - After Find Element--->By.cssSelector: [placeholder='Name']
19:47:23.621  INFO  manager.ListenerWD - Location of element(201, 165)
19:47:23.903  INFO  manager.ListenerWD - Before Find Element--->By.cssSelector: [placeholder='Last Name']
19:47:23.953  INFO  manager.ListenerWD - After Find Element--->By.cssSelector: [placeholder='Last Name']
19:47:23.969  INFO  manager.ListenerWD - Location of element(201, 238)
19:47:24.231  INFO  manager.ListenerWD - Before Find Element--->By.cssSelector: [placeholder='Phone']
19:47:24.275  INFO  manager.ListenerWD - After Find Element--->By.cssSelector: [placeholder='Phone']
19:47:24.293  INFO  manager.ListenerWD - Location of element(201, 311)
19:47:24.533  INFO  manager.ListenerWD - Before Find Element--->By.cssSelector: [placeholder='email']
19:47:24.571  INFO  manager.ListenerWD - After Find Element--->By.cssSelector: [placeholder='email']
19:47:24.587  INFO  manager.ListenerWD - Location of element(201, 385)
19:47:24.822  INFO  manager.ListenerWD - Before Find Element--->By.cssSelector: [placeholder='Address']
19:47:24.863  INFO  manager.ListenerWD - After Find Element--->By.cssSelector: [placeholder='Address']
19:47:24.882  INFO  manager.ListenerWD - Location of element(201, 458)
19:47:25.151  INFO  manager.ListenerWD - Before Find Element--->By.cssSelector: [placeholder='description']
19:47:25.194  INFO  manager.ListenerWD - After Find Element--->By.cssSelector: [placeholder='description']
19:47:25.213  INFO  manager.ListenerWD - Location of element(201, 531)
19:47:25.472  INFO  manager.ListenerWD - Before Find Element--->By.cssSelector: .add_form__2rsm2>button
19:47:25.520  INFO  manager.ListenerWD - After Find Element--->By.cssSelector: .add_form__2rsm2>button
19:47:25.537  INFO  manager.ListenerWD - Location of element(204, 605)
19:47:25.717  INFO  manager.ListenerWD - Before Find Element--->By.cssSelector: .add_form__2rsm2>button
19:47:25.748  INFO  manager.ListenerWD - After Find Element--->By.cssSelector: .add_form__2rsm2>button
19:47:25.762  INFO  manager.ListenerWD - Location of element(204, 514)
19:47:26.331  INFO  manager.ListenerWD - Before Find Element--->By.cssSelector: a[href='/add']
19:47:26.358  INFO  manager.ListenerWD - After Find Element--->By.cssSelector: a[href='/add']
19:47:26.373  INFO  manager.ListenerWD - Location of element(986, -9)
19:47:26.435  INFO  manager.ListenerWD - Before Find Element--->By.cssSelector: [placeholder='Name']
19:47:26.474  INFO  manager.ListenerWD - After Find Element--->By.cssSelector: [placeholder='Name']
19:47:26.495  INFO  manager.ListenerWD - Location of element(201, 165)
19:47:26.771  INFO  manager.ListenerWD - Before Find Element--->By.cssSelector: [placeholder='Last Name']
19:47:26.805  INFO  manager.ListenerWD - After Find Element--->By.cssSelector: [placeholder='Last Name']
19:47:26.825  INFO  manager.ListenerWD - Location of element(201, 238)
19:47:27.097  INFO  manager.ListenerWD - Before Find Element--->By.cssSelector: [placeholder='Phone']
19:47:27.132  INFO  manager.ListenerWD - After Find Element--->By.cssSelector: [placeholder='Phone']
19:47:27.148  INFO  manager.ListenerWD - Location of element(201, 311)
19:47:27.399  INFO  manager.ListenerWD - Before Find Element--->By.cssSelector: [placeholder='email']
19:47:27.427  INFO  manager.ListenerWD - After Find Element--->By.cssSelector: [placeholder='email']
19:47:27.444  INFO  manager.ListenerWD - Location of element(201, 385)
19:47:27.725  INFO  manager.ListenerWD - Before Find Element--->By.cssSelector: [placeholder='Address']
19:47:27.760  INFO  manager.ListenerWD - After Find Element--->By.cssSelector: [placeholder='Address']
19:47:27.777  INFO  manager.ListenerWD - Location of element(201, 458)
19:47:28.026  INFO  manager.ListenerWD - Before Find Element--->By.cssSelector: [placeholder='description']
19:47:28.055  INFO  manager.ListenerWD - After Find Element--->By.cssSelector: [placeholder='description']
19:47:28.069  INFO  manager.ListenerWD - Location of element(201, 531)
19:47:28.315  INFO  manager.ListenerWD - Before Find Element--->By.cssSelector: .add_form__2rsm2>button
19:47:28.349  INFO  manager.ListenerWD - After Find Element--->By.cssSelector: .add_form__2rsm2>button
19:47:28.366  INFO  manager.ListenerWD - Location of element(204, 605)
19:47:28.478  INFO  manager.ListenerWD - Before Find Element--->By.cssSelector: .add_form__2rsm2>button
19:47:28.510  INFO  manager.ListenerWD - After Find Element--->By.cssSelector: .add_form__2rsm2>button
19:47:28.521  INFO  manager.ListenerWD - Location of element(204, 514)
19:47:29.089  INFO  manager.ListenerWD - Before Find Element--->By.cssSelector: a[href='/add']
19:47:29.118  INFO  manager.ListenerWD - After Find Element--->By.cssSelector: a[href='/add']
19:47:29.131  INFO  manager.ListenerWD - Location of element(1000, 34)
19:47:29.183  INFO  manager.ListenerWD - Before Find Element--->By.cssSelector: [placeholder='Name']
19:47:29.225  INFO  manager.ListenerWD - After Find Element--->By.cssSelector: [placeholder='Name']
19:47:29.240  INFO  manager.ListenerWD - Location of element(201, 165)
19:47:29.503  INFO  manager.ListenerWD - Before Find Element--->By.cssSelector: [placeholder='Last Name']
19:47:29.534  INFO  manager.ListenerWD - After Find Element--->By.cssSelector: [placeholder='Last Name']
19:47:29.551  INFO  manager.ListenerWD - Location of element(201, 238)
19:47:29.827  INFO  manager.ListenerWD - Before Find Element--->By.cssSelector: [placeholder='Phone']
19:47:29.854  INFO  manager.ListenerWD - After Find Element--->By.cssSelector: [placeholder='Phone']
19:47:29.870  INFO  manager.ListenerWD - Location of element(201, 311)
19:47:30.104  INFO  manager.ListenerWD - Before Find Element--->By.cssSelector: [placeholder='email']
19:47:30.128  INFO  manager.ListenerWD - After Find Element--->By.cssSelector: [placeholder='email']
19:47:30.142  INFO  manager.ListenerWD - Location of element(201, 385)
19:47:30.428  INFO  manager.ListenerWD - Before Find Element--->By.cssSelector: [placeholder='Address']
19:47:30.455  INFO  manager.ListenerWD - After Find Element--->By.cssSelector: [placeholder='Address']
19:47:30.471  INFO  manager.ListenerWD - Location of element(201, 458)
19:47:30.707  INFO  manager.ListenerWD - Before Find Element--->By.cssSelector: [placeholder='description']
19:47:30.735  INFO  manager.ListenerWD - After Find Element--->By.cssSelector: [placeholder='description']
19:47:30.753  INFO  manager.ListenerWD - Location of element(201, 531)
19:47:31.000  INFO  manager.ListenerWD - Before Find Element--->By.cssSelector: .add_form__2rsm2>button
19:47:31.029  INFO  manager.ListenerWD - After Find Element--->By.cssSelector: .add_form__2rsm2>button
19:47:31.049  INFO  manager.ListenerWD - Location of element(204, 605)
19:47:31.171  INFO  manager.ListenerWD - Before Find Element--->By.cssSelector: .add_form__2rsm2>button
19:47:31.209  INFO  manager.ListenerWD - After Find Element--->By.cssSelector: .add_form__2rsm2>button
19:47:31.225  INFO  manager.ListenerWD - Location of element(204, 514)
19:47:31.821  INFO  tests.TestBase - Name of method-->removeAllContact
19:47:31.825  INFO  manager.ListenerWD - Before Find ElementS--->By.cssSelector: .contact-item_card__2SOIM
19:47:31.899  INFO  manager.ListenerWD - After Find ElementS--->By.cssSelector: .contact-item_card__2SOIM
19:47:31.899  INFO  manager.ListenerWD - List of elements is--->5
19:47:31.900  INFO  manager.ListenerWD - Before Find Element--->By.cssSelector: .contact-item_card__2SOIM
19:47:31.932  INFO  manager.ListenerWD - After Find Element--->By.cssSelector: .contact-item_card__2SOIM
19:47:31.952  INFO  manager.ListenerWD - Location of element(192, 150)
19:47:32.028  INFO  manager.ListenerWD - Before Find Element--->By.xpath: //button[text()='Remove']
19:47:32.071  INFO  manager.ListenerWD - After Find Element--->By.xpath: //button[text()='Remove']
19:47:32.089  INFO  manager.ListenerWD - Location of element(635, 371)
19:47:33.150  INFO  manager.ListenerWD - Before Find ElementS--->By.cssSelector: .contact-item_card__2SOIM
19:47:33.199  INFO  manager.ListenerWD - After Find ElementS--->By.cssSelector: .contact-item_card__2SOIM
19:47:33.199  INFO  manager.ListenerWD - List of elements is--->4
19:47:33.199  INFO  manager.ListenerWD - Before Find Element--->By.cssSelector: .contact-item_card__2SOIM
19:47:33.223  INFO  manager.ListenerWD - After Find Element--->By.cssSelector: .contact-item_card__2SOIM
19:47:33.235  INFO  manager.ListenerWD - Location of element(192, 150)
19:47:33.284  INFO  manager.ListenerWD - Before Find Element--->By.xpath: //button[text()='Remove']
19:47:33.319  INFO  manager.ListenerWD - After Find Element--->By.xpath: //button[text()='Remove']
19:47:33.337  INFO  manager.ListenerWD - Location of element(635, 371)
19:47:34.397  INFO  manager.ListenerWD - Before Find ElementS--->By.cssSelector: .contact-item_card__2SOIM
19:47:34.437  INFO  manager.ListenerWD - After Find ElementS--->By.cssSelector: .contact-item_card__2SOIM
19:47:34.437  INFO  manager.ListenerWD - List of elements is--->3
19:47:34.438  INFO  manager.ListenerWD - Before Find Element--->By.cssSelector: .contact-item_card__2SOIM
19:47:34.459  INFO  manager.ListenerWD - After Find Element--->By.cssSelector: .contact-item_card__2SOIM
19:47:34.473  INFO  manager.ListenerWD - Location of element(192, 150)
19:47:34.518  INFO  manager.ListenerWD - Before Find Element--->By.xpath: //button[text()='Remove']
19:47:34.553  INFO  manager.ListenerWD - After Find Element--->By.xpath: //button[text()='Remove']
19:47:34.573  INFO  manager.ListenerWD - Location of element(635, 371)
19:47:35.640  INFO  manager.ListenerWD - Before Find ElementS--->By.cssSelector: .contact-item_card__2SOIM
19:47:35.671  INFO  manager.ListenerWD - After Find ElementS--->By.cssSelector: .contact-item_card__2SOIM
19:47:35.672  INFO  manager.ListenerWD - List of elements is--->2
19:47:35.672  INFO  manager.ListenerWD - Before Find Element--->By.cssSelector: .contact-item_card__2SOIM
19:47:35.694  INFO  manager.ListenerWD - After Find Element--->By.cssSelector: .contact-item_card__2SOIM
19:47:35.708  INFO  manager.ListenerWD - Location of element(192, 150)
19:47:35.760  INFO  manager.ListenerWD - Before Find Element--->By.xpath: //button[text()='Remove']
19:47:35.795  INFO  manager.ListenerWD - After Find Element--->By.xpath: //button[text()='Remove']
19:47:35.811  INFO  manager.ListenerWD - Location of element(635, 371)
19:47:36.879  INFO  manager.ListenerWD - Before Find ElementS--->By.cssSelector: .contact-item_card__2SOIM
19:47:36.904  INFO  manager.ListenerWD - After Find ElementS--->By.cssSelector: .contact-item_card__2SOIM
19:47:36.905  INFO  manager.ListenerWD - List of elements is--->1
19:47:36.905  INFO  manager.ListenerWD - Before Find Element--->By.cssSelector: .contact-item_card__2SOIM
19:47:36.932  INFO  manager.ListenerWD - After Find Element--->By.cssSelector: .contact-item_card__2SOIM
19:47:36.948  INFO  manager.ListenerWD - Location of element(192, 150)
19:47:36.995  INFO  manager.ListenerWD - Before Find Element--->By.xpath: //button[text()='Remove']
19:47:37.028  INFO  manager.ListenerWD - After Find Element--->By.xpath: //button[text()='Remove']
19:47:37.046  INFO  manager.ListenerWD - Location of element(635, 371)
19:47:38.110  INFO  manager.ListenerWD - Before Find ElementS--->By.cssSelector: .contact-item_card__2SOIM
19:47:43.165  INFO  manager.ListenerWD - After Find ElementS--->By.cssSelector: .contact-item_card__2SOIM
19:47:43.166  INFO  manager.ListenerWD - List of elements is--->0
19:47:43.172  INFO  manager.ListenerWD - Before Find Element--->By.cssSelector: .contact-page_message__2qafk>h1
19:47:43.201  INFO  manager.ListenerWD - After Find Element--->By.cssSelector: .contact-page_message__2qafk>h1
19:47:43.217  INFO  manager.ListenerWD - Location of element(505, 271)
19:47:43.249  INFO  manager.ListenerWD - Before Find Element--->By.cssSelector: .contact-page_message__2qafk>h1
19:47:43.270  INFO  manager.ListenerWD - After Find Element--->By.cssSelector: .contact-page_message__2qafk>h1
19:47:43.282  INFO  manager.ListenerWD - Location of element(505, 271)
19:47:43.339  INFO  tests.TestBase - Name of method-->removeFirstContact
19:47:43.340  INFO  manager.ListenerWD - Before Find ElementS--->By.cssSelector: .contact-item_card__2SOIM
19:47:48.390  INFO  manager.ListenerWD - After Find ElementS--->By.cssSelector: .contact-item_card__2SOIM
19:47:48.390  INFO  manager.ListenerWD - List of elements is--->0
19:47:48.391  INFO  manager.HelperBase - Number of Contacts  list before remove is--->0
19:47:48.392  INFO  manager.ListenerWD - Before Find Element--->By.cssSelector: .contact-item_card__2SOIM
19:47:53.422  INFO  manager.ListenerWD - Huston we have a problem!
19:47:53.423  INFO  manager.ListenerWD - Object target--->ChromeDriver: chrome on WINDOWS (ced6b2b22f4b49bac4ebe3f53d543c61)
19:47:53.423  INFO  manager.ListenerWD - *************
19:47:53.423  INFO  manager.ListenerWD - Method namefindElement
19:47:53.423  INFO  manager.ListenerWD - *************
19:47:53.423  INFO  manager.ListenerWD - *************
19:47:53.423  INFO  manager.ListenerWD - *************
19:47:53.425  INFO  manager.ListenerWD - InvocationTargetException & getTargetExceptionorg.openqa.selenium.NoSuchElementException: no such element: Unable to locate element: {"method":"css selector","selector":".contact-item_card__2SOIM"}
  (Session info: chrome=112.0.5615.138)
For documentation on this error, please visit: https://selenium.dev/exceptions/#no_such_element
Build info: version: '4.7.0', revision: '0a5b49d16f'
System info: os.name: 'Windows 10', os.arch: 'amd64', os.version: '10.0', java.version: '11.0.18'
Driver info: org.openqa.selenium.chrome.ChromeDriver
Command: [ced6b2b22f4b49bac4ebe3f53d543c61, findElement {using=css selector, value=.contact-item_card__2SOIM}]
Capabilities {acceptInsecureCerts: false, browserName: chrome, browserVersion: 112.0.5615.138, chrome: {chromedriverVersion: 112.0.5615.49 (bd2a7bcb881c..., userDataDir: C:\Users\ADAM-M~1\AppData\L...}, goog:chromeOptions: {debuggerAddress: localhost:56598}, networkConnectionEnabled: false, pageLoadStrategy: normal, platformName: WINDOWS, proxy: Proxy(), se:cdp: ws://localhost:56598/devtoo..., se:cdpVersion: 112.0.5615.138, setWindowRect: true, strictFileInteractability: false, timeouts: {implicit: 0, pageLoad: 300000, script: 30000}, unhandledPromptBehavior: dismiss and notify, webauthn:extension:credBlob: true, webauthn:extension:largeBlob: true, webauthn:extension:minPinLength: true, webauthn:extension:prf: true, webauthn:virtualAuthenticators: true}
Session ID: ced6b2b22f4b49bac4ebe3f53d543c61
19:47:53.425  INFO  manager.ListenerWD - *************
19:47:53.426  INFO  manager.ListenerWD - Screen with error is--->src/test/screenshots/screen_1930.png
