19:38:02.517  INFO  manager.ApplicationManager - All tests run in Chrome Browser
19:38:04.883  INFO  manager.ApplicationManager - The link--->https://telranedu.web.app/home
19:38:05.954  INFO  manager.ListenerWD - Before Find ElementS--->By.xpath: //button[text()='Sign Out']
19:38:11.008  INFO  manager.ListenerWD - After Find ElementS--->By.xpath: //button[text()='Sign Out']
19:38:11.014  INFO  manager.ListenerWD - List of elements is--->0
19:38:11.017  INFO  manager.ListenerWD - Before Find Element--->By.cssSelector: a[href='/login']
19:38:11.076  INFO  manager.ListenerWD - After Find Element--->By.cssSelector: a[href='/login']
19:38:11.099  INFO  manager.ListenerWD - Location of element(1169, 34)
19:38:11.181  INFO  manager.ListenerWD - Before Find Element--->By.name: email
19:38:11.228  INFO  manager.ListenerWD - After Find Element--->By.name: email
19:38:11.252  INFO  manager.ListenerWD - Location of element(431, 250)
19:38:11.554  INFO  manager.ListenerWD - Before Find Element--->By.name: password
19:38:11.600  INFO  manager.ListenerWD - After Find Element--->By.name: password
19:38:11.618  INFO  manager.ListenerWD - Location of element(431, 320)
19:38:11.900  INFO  manager.ListenerWD - Before Find Element--->By.xpath: //button[text()='Login']
19:38:11.948  INFO  manager.ListenerWD - After Find Element--->By.xpath: //button[text()='Login']
19:38:11.968  INFO  manager.ListenerWD - Location of element(431, 390)
19:38:12.040  INFO  tests.TestBase - Before method finish logout
19:38:12.074  INFO  tests.TestBase - Name of method-->addNewContactWrongPhone
19:38:12.121  INFO  tests.TestBase - Tests run with data: --->Contact(name=John, lastName=Wick, phone=123, email=john@gmail.com, address=NY, description=The best John)
19:38:12.122  INFO  manager.ListenerWD - Before Find Element--->By.cssSelector: a[href='/add']
19:38:13.192  INFO  manager.ListenerWD - After Find Element--->By.cssSelector: a[href='/add']
19:38:13.213  INFO  manager.ListenerWD - Location of element(986, 34)
19:38:13.285  INFO  manager.ListenerWD - Before Find Element--->By.cssSelector: [placeholder='Name']
19:38:13.330  INFO  manager.ListenerWD - After Find Element--->By.cssSelector: [placeholder='Name']
19:38:13.348  INFO  manager.ListenerWD - Location of element(201, 165)
19:38:13.616  INFO  manager.ListenerWD - Before Find Element--->By.cssSelector: [placeholder='Last Name']
19:38:13.655  INFO  manager.ListenerWD - After Find Element--->By.cssSelector: [placeholder='Last Name']
19:38:13.673  INFO  manager.ListenerWD - Location of element(201, 238)
19:38:13.968  INFO  manager.ListenerWD - Before Find Element--->By.cssSelector: [placeholder='Phone']
19:38:14.006  INFO  manager.ListenerWD - After Find Element--->By.cssSelector: [placeholder='Phone']
19:38:14.022  INFO  manager.ListenerWD - Location of element(201, 311)
19:38:14.265  INFO  manager.ListenerWD - Before Find Element--->By.cssSelector: [placeholder='email']
19:38:14.314  INFO  manager.ListenerWD - After Find Element--->By.cssSelector: [placeholder='email']
19:38:14.331  INFO  manager.ListenerWD - Location of element(201, 385)
19:38:14.602  INFO  manager.ListenerWD - Before Find Element--->By.cssSelector: [placeholder='Address']
19:38:14.643  INFO  manager.ListenerWD - After Find Element--->By.cssSelector: [placeholder='Address']
19:38:14.657  INFO  manager.ListenerWD - Location of element(201, 458)
19:38:14.929  INFO  manager.ListenerWD - Before Find Element--->By.cssSelector: [placeholder='description']
19:38:14.972  INFO  manager.ListenerWD - After Find Element--->By.cssSelector: [placeholder='description']
19:38:14.989  INFO  manager.ListenerWD - Location of element(201, 531)
19:38:15.277  INFO  manager.ListenerWD - Before Find Element--->By.cssSelector: .add_form__2rsm2>button
19:38:15.321  INFO  manager.ListenerWD - After Find Element--->By.cssSelector: .add_form__2rsm2>button
19:38:15.344  INFO  manager.ListenerWD - Location of element(204, 605)
19:38:15.565  INFO  manager.ListenerWD - Before Find Element--->By.cssSelector: .add_form__2rsm2>button
19:38:15.604  INFO  manager.ListenerWD - After Find Element--->By.cssSelector: .add_form__2rsm2>button
19:38:15.621  INFO  manager.ListenerWD - Location of element(204, 514)
19:38:15.687  INFO  manager.ListenerWD - Before Find ElementS--->By.cssSelector: a.active[href='/add']
19:38:15.730  INFO  manager.ListenerWD - After Find ElementS--->By.cssSelector: a.active[href='/add']
19:38:15.731  INFO  manager.ListenerWD - List of elements is--->1
19:38:15.780  INFO  manager.ListenerWD - Huston we have a problem!
19:38:15.781  INFO  manager.ListenerWD - Object target--->org.openqa.selenium.remote.RemoteWebDriver$RemoteTargetLocator@7e64c1a9
19:38:15.781  INFO  manager.ListenerWD - *************
19:38:15.783  INFO  manager.ListenerWD - Method namealert
19:38:15.783  INFO  manager.ListenerWD - *************
19:38:15.783  INFO  manager.ListenerWD - *************
19:38:15.783  INFO  manager.ListenerWD - *************
19:38:15.788  INFO  manager.ListenerWD - InvocationTargetException & getTargetExceptionorg.openqa.selenium.NoAlertPresentException: no such alert
  (Session info: chrome=112.0.5615.138)
Build info: version: '4.7.0', revision: '0a5b49d16f'
System info: os.name: 'Windows 10', os.arch: 'amd64', os.version: '10.0', java.version: '11.0.18'
Driver info: org.openqa.selenium.chrome.ChromeDriver
Command: [f4d60cda89ca1ca2774ad93939fb2c7b, getAlertText {}]
Capabilities {acceptInsecureCerts: false, browserName: chrome, browserVersion: 112.0.5615.138, chrome: {chromedriverVersion: 112.0.5615.49 (bd2a7bcb881c..., userDataDir: C:\Users\ADAM-M~1\AppData\L...}, goog:chromeOptions: {debuggerAddress: localhost:56065}, networkConnectionEnabled: false, pageLoadStrategy: normal, platformName: WINDOWS, proxy: Proxy(), se:cdp: ws://localhost:56065/devtoo..., se:cdpVersion: 112.0.5615.138, setWindowRect: true, strictFileInteractability: false, timeouts: {implicit: 0, pageLoad: 300000, script: 30000}, unhandledPromptBehavior: dismiss and notify, webauthn:extension:credBlob: true, webauthn:extension:largeBlob: true, webauthn:extension:minPinLength: true, webauthn:extension:prf: true, webauthn:virtualAuthenticators: true}
Session ID: f4d60cda89ca1ca2774ad93939fb2c7b
19:38:15.790  INFO  manager.ListenerWD - *************
19:38:15.799  INFO  manager.ListenerWD - Screen with error is--->src/test/screenshots/screen_1884.png
19:38:16.393  INFO  tests.TestBase - Name of method-->addNewContactWrongPhone
19:38:16.395  INFO  tests.TestBase - Tests run with data: --->Contact(name=John, lastName=Wick, phone=12345678910111213141516, email=john@gmail.com, address=NY, description=The best John)
19:38:16.396  INFO  manager.ListenerWD - Before Find Element--->By.cssSelector: a[href='/add']
19:38:16.444  INFO  manager.ListenerWD - After Find Element--->By.cssSelector: a[href='/add']
19:38:16.473  INFO  manager.ListenerWD - Location of element(985, -57)
19:38:16.564  INFO  manager.ListenerWD - Before Find Element--->By.cssSelector: [placeholder='Name']
19:38:16.612  INFO  manager.ListenerWD - After Find Element--->By.cssSelector: [placeholder='Name']
19:38:16.627  INFO  manager.ListenerWD - Location of element(201, 132)
19:38:16.989  INFO  manager.ListenerWD - Before Find Element--->By.cssSelector: [placeholder='Last Name']
19:38:17.026  INFO  manager.ListenerWD - After Find Element--->By.cssSelector: [placeholder='Last Name']
19:38:17.045  INFO  manager.ListenerWD - Location of element(201, 205)
19:38:17.285  INFO  manager.ListenerWD - Before Find Element--->By.cssSelector: [placeholder='Phone']
19:38:17.313  INFO  manager.ListenerWD - After Find Element--->By.cssSelector: [placeholder='Phone']
19:38:17.328  INFO  manager.ListenerWD - Location of element(201, 279)
19:38:17.594  INFO  manager.ListenerWD - Before Find Element--->By.cssSelector: [placeholder='email']
19:38:17.627  INFO  manager.ListenerWD - After Find Element--->By.cssSelector: [placeholder='email']
19:38:17.641  INFO  manager.ListenerWD - Location of element(201, 352)
19:38:17.874  INFO  manager.ListenerWD - Before Find Element--->By.cssSelector: [placeholder='Address']
19:38:17.899  INFO  manager.ListenerWD - After Find Element--->By.cssSelector: [placeholder='Address']
19:38:17.913  INFO  manager.ListenerWD - Location of element(201, 425)
19:38:18.135  INFO  manager.ListenerWD - Before Find Element--->By.cssSelector: [placeholder='description']
19:38:18.170  INFO  manager.ListenerWD - After Find Element--->By.cssSelector: [placeholder='description']
19:38:18.182  INFO  manager.ListenerWD - Location of element(201, 499)
19:38:18.439  INFO  manager.ListenerWD - Before Find Element--->By.cssSelector: .add_form__2rsm2>button
19:38:18.471  INFO  manager.ListenerWD - After Find Element--->By.cssSelector: .add_form__2rsm2>button
19:38:18.484  INFO  manager.ListenerWD - Location of element(204, 572)
19:38:18.623  INFO  manager.ListenerWD - Before Find Element--->By.cssSelector: .add_form__2rsm2>button
19:38:18.651  INFO  manager.ListenerWD - After Find Element--->By.cssSelector: .add_form__2rsm2>button
19:38:18.665  INFO  manager.ListenerWD - Location of element(204, 514)
19:38:18.707  INFO  manager.ListenerWD - Before Find ElementS--->By.cssSelector: a.active[href='/add']
19:38:18.732  INFO  manager.ListenerWD - After Find ElementS--->By.cssSelector: a.active[href='/add']
19:38:18.733  INFO  manager.ListenerWD - List of elements is--->1
19:38:18.748  INFO  manager.ListenerWD - Huston we have a problem!
19:38:18.749  INFO  manager.ListenerWD - Object target--->org.openqa.selenium.remote.RemoteWebDriver$RemoteTargetLocator@6d963d70
19:38:18.749  INFO  manager.ListenerWD - *************
19:38:18.750  INFO  manager.ListenerWD - Method namealert
19:38:18.750  INFO  manager.ListenerWD - *************
19:38:18.750  INFO  manager.ListenerWD - *************
19:38:18.750  INFO  manager.ListenerWD - *************
19:38:18.750  INFO  manager.ListenerWD - InvocationTargetException & getTargetExceptionorg.openqa.selenium.NoAlertPresentException: no such alert
  (Session info: chrome=112.0.5615.138)
Build info: version: '4.7.0', revision: '0a5b49d16f'
System info: os.name: 'Windows 10', os.arch: 'amd64', os.version: '10.0', java.version: '11.0.18'
Driver info: org.openqa.selenium.chrome.ChromeDriver
Command: [f4d60cda89ca1ca2774ad93939fb2c7b, getAlertText {}]
Capabilities {acceptInsecureCerts: false, browserName: chrome, browserVersion: 112.0.5615.138, chrome: {chromedriverVersion: 112.0.5615.49 (bd2a7bcb881c..., userDataDir: C:\Users\ADAM-M~1\AppData\L...}, goog:chromeOptions: {debuggerAddress: localhost:56065}, networkConnectionEnabled: false, pageLoadStrategy: normal, platformName: WINDOWS, proxy: Proxy(), se:cdp: ws://localhost:56065/devtoo..., se:cdpVersion: 112.0.5615.138, setWindowRect: true, strictFileInteractability: false, timeouts: {implicit: 0, pageLoad: 300000, script: 30000}, unhandledPromptBehavior: dismiss and notify, webauthn:extension:credBlob: true, webauthn:extension:largeBlob: true, webauthn:extension:minPinLength: true, webauthn:extension:prf: true, webauthn:virtualAuthenticators: true}
Session ID: f4d60cda89ca1ca2774ad93939fb2c7b
19:38:18.752  INFO  manager.ListenerWD - *************
19:38:18.752  INFO  manager.ListenerWD - Screen with error is--->src/test/screenshots/screen_1647.png
19:38:19.305  INFO  tests.TestBase - Name of method-->addNewContactWrongPhone
19:38:19.308  INFO  tests.TestBase - Tests run with data: --->Contact(name=John, lastName=Wick, phone=wwwwwwwwwww, email=john@gmail.com, address=NY, description=The best John)
19:38:19.309  INFO  manager.ListenerWD - Before Find Element--->By.cssSelector: a[href='/add']
19:38:19.338  INFO  manager.ListenerWD - After Find Element--->By.cssSelector: a[href='/add']
19:38:19.355  INFO  manager.ListenerWD - Location of element(985, -57)
19:38:19.404  INFO  manager.ListenerWD - Before Find Element--->By.cssSelector: [placeholder='Name']
19:38:19.444  INFO  manager.ListenerWD - After Find Element--->By.cssSelector: [placeholder='Name']
19:38:19.460  INFO  manager.ListenerWD - Location of element(201, 132)
19:38:19.700  INFO  manager.ListenerWD - Before Find Element--->By.cssSelector: [placeholder='Last Name']
19:38:19.735  INFO  manager.ListenerWD - After Find Element--->By.cssSelector: [placeholder='Last Name']
19:38:19.749  INFO  manager.ListenerWD - Location of element(201, 205)
19:38:19.981  INFO  manager.ListenerWD - Before Find Element--->By.cssSelector: [placeholder='Phone']
19:38:20.016  INFO  manager.ListenerWD - After Find Element--->By.cssSelector: [placeholder='Phone']
19:38:20.030  INFO  manager.ListenerWD - Location of element(201, 279)
19:38:20.287  INFO  manager.ListenerWD - Before Find Element--->By.cssSelector: [placeholder='email']
19:38:20.318  INFO  manager.ListenerWD - After Find Element--->By.cssSelector: [placeholder='email']
19:38:20.334  INFO  manager.ListenerWD - Location of element(201, 352)
19:38:20.604  INFO  manager.ListenerWD - Before Find Element--->By.cssSelector: [placeholder='Address']
19:38:20.633  INFO  manager.ListenerWD - After Find Element--->By.cssSelector: [placeholder='Address']
19:38:20.645  INFO  manager.ListenerWD - Location of element(201, 425)
19:38:20.863  INFO  manager.ListenerWD - Before Find Element--->By.cssSelector: [placeholder='description']
19:38:20.893  INFO  manager.ListenerWD - After Find Element--->By.cssSelector: [placeholder='description']
19:38:20.904  INFO  manager.ListenerWD - Location of element(201, 499)
19:38:21.134  INFO  manager.ListenerWD - Before Find Element--->By.cssSelector: .add_form__2rsm2>button
19:38:21.166  INFO  manager.ListenerWD - After Find Element--->By.cssSelector: .add_form__2rsm2>button
19:38:21.179  INFO  manager.ListenerWD - Location of element(204, 572)
19:38:21.303  INFO  manager.ListenerWD - Before Find Element--->By.cssSelector: .add_form__2rsm2>button
19:38:21.331  INFO  manager.ListenerWD - After Find Element--->By.cssSelector: .add_form__2rsm2>button
19:38:21.343  INFO  manager.ListenerWD - Location of element(204, 514)
19:38:21.387  INFO  manager.ListenerWD - Before Find ElementS--->By.cssSelector: a.active[href='/add']
19:38:21.418  INFO  manager.ListenerWD - After Find ElementS--->By.cssSelector: a.active[href='/add']
19:38:21.418  INFO  manager.ListenerWD - List of elements is--->1
19:38:21.433  INFO  manager.ListenerWD - Huston we have a problem!
19:38:21.433  INFO  manager.ListenerWD - Object target--->org.openqa.selenium.remote.RemoteWebDriver$RemoteTargetLocator@353e6389
19:38:21.433  INFO  manager.ListenerWD - *************
19:38:21.433  INFO  manager.ListenerWD - Method namealert
19:38:21.433  INFO  manager.ListenerWD - *************
19:38:21.433  INFO  manager.ListenerWD - *************
19:38:21.433  INFO  manager.ListenerWD - *************
19:38:21.434  INFO  manager.ListenerWD - InvocationTargetException & getTargetExceptionorg.openqa.selenium.NoAlertPresentException: no such alert
  (Session info: chrome=112.0.5615.138)
Build info: version: '4.7.0', revision: '0a5b49d16f'
System info: os.name: 'Windows 10', os.arch: 'amd64', os.version: '10.0', java.version: '11.0.18'
Driver info: org.openqa.selenium.chrome.ChromeDriver
Command: [f4d60cda89ca1ca2774ad93939fb2c7b, getAlertText {}]
Capabilities {acceptInsecureCerts: false, browserName: chrome, browserVersion: 112.0.5615.138, chrome: {chromedriverVersion: 112.0.5615.49 (bd2a7bcb881c..., userDataDir: C:\Users\ADAM-M~1\AppData\L...}, goog:chromeOptions: {debuggerAddress: localhost:56065}, networkConnectionEnabled: false, pageLoadStrategy: normal, platformName: WINDOWS, proxy: Proxy(), se:cdp: ws://localhost:56065/devtoo..., se:cdpVersion: 112.0.5615.138, setWindowRect: true, strictFileInteractability: false, timeouts: {implicit: 0, pageLoad: 300000, script: 30000}, unhandledPromptBehavior: dismiss and notify, webauthn:extension:credBlob: true, webauthn:extension:largeBlob: true, webauthn:extension:minPinLength: true, webauthn:extension:prf: true, webauthn:virtualAuthenticators: true}
Session ID: f4d60cda89ca1ca2774ad93939fb2c7b
19:38:21.434  INFO  manager.ListenerWD - *************
19:38:21.434  INFO  manager.ListenerWD - Screen with error is--->src/test/screenshots/screen_1252.png
19:38:21.972  INFO  tests.TestBase - Name of method-->addNewContactWrongPhone
19:38:21.973  INFO  tests.TestBase - Tests run with data: --->Contact(name=John, lastName=Wick, phone=, email=john@gmail.com, address=NY, description=The best John)
19:38:21.973  INFO  manager.ListenerWD - Before Find Element--->By.cssSelector: a[href='/add']
19:38:22.000  INFO  manager.ListenerWD - After Find Element--->By.cssSelector: a[href='/add']
19:38:22.014  INFO  manager.ListenerWD - Location of element(985, -57)
19:38:22.066  INFO  manager.ListenerWD - Before Find Element--->By.cssSelector: [placeholder='Name']
19:38:22.105  INFO  manager.ListenerWD - After Find Element--->By.cssSelector: [placeholder='Name']
19:38:22.121  INFO  manager.ListenerWD - Location of element(201, 132)
19:38:22.348  INFO  manager.ListenerWD - Before Find Element--->By.cssSelector: [placeholder='Last Name']
19:38:22.376  INFO  manager.ListenerWD - After Find Element--->By.cssSelector: [placeholder='Last Name']
19:38:22.388  INFO  manager.ListenerWD - Location of element(201, 205)
19:38:22.646  INFO  manager.ListenerWD - Before Find Element--->By.cssSelector: [placeholder='Phone']
19:38:22.676  INFO  manager.ListenerWD - After Find Element--->By.cssSelector: [placeholder='Phone']
19:38:22.696  INFO  manager.ListenerWD - Location of element(201, 279)
19:38:22.932  INFO  manager.ListenerWD - Before Find Element--->By.cssSelector: [placeholder='email']
19:38:22.959  INFO  manager.ListenerWD - After Find Element--->By.cssSelector: [placeholder='email']
19:38:22.973  INFO  manager.ListenerWD - Location of element(201, 352)
19:38:23.180  INFO  manager.ListenerWD - Before Find Element--->By.cssSelector: [placeholder='Address']
19:38:23.207  INFO  manager.ListenerWD - After Find Element--->By.cssSelector: [placeholder='Address']
19:38:23.219  INFO  manager.ListenerWD - Location of element(201, 425)
19:38:23.463  INFO  manager.ListenerWD - Before Find Element--->By.cssSelector: [placeholder='description']
19:38:23.492  INFO  manager.ListenerWD - After Find Element--->By.cssSelector: [placeholder='description']
19:38:23.504  INFO  manager.ListenerWD - Location of element(201, 499)
19:38:23.776  INFO  manager.ListenerWD - Before Find Element--->By.cssSelector: .add_form__2rsm2>button
19:38:23.806  INFO  manager.ListenerWD - After Find Element--->By.cssSelector: .add_form__2rsm2>button
19:38:23.823  INFO  manager.ListenerWD - Location of element(204, 572)
19:38:23.960  INFO  manager.ListenerWD - Before Find Element--->By.cssSelector: .add_form__2rsm2>button
19:38:23.997  INFO  manager.ListenerWD - After Find Element--->By.cssSelector: .add_form__2rsm2>button
19:38:24.011  INFO  manager.ListenerWD - Location of element(204, 514)
19:38:24.069  INFO  manager.ListenerWD - Before Find ElementS--->By.cssSelector: a.active[href='/add']
19:38:24.115  INFO  manager.ListenerWD - After Find ElementS--->By.cssSelector: a.active[href='/add']
19:38:24.115  INFO  manager.ListenerWD - List of elements is--->1
19:38:24.129  INFO  manager.ListenerWD - Huston we have a problem!
19:38:24.129  INFO  manager.ListenerWD - Object target--->org.openqa.selenium.remote.RemoteWebDriver$RemoteTargetLocator@191ec193
19:38:24.129  INFO  manager.ListenerWD - *************
19:38:24.129  INFO  manager.ListenerWD - Method namealert
19:38:24.129  INFO  manager.ListenerWD - *************
19:38:24.129  INFO  manager.ListenerWD - *************
19:38:24.129  INFO  manager.ListenerWD - *************
19:38:24.129  INFO  manager.ListenerWD - InvocationTargetException & getTargetExceptionorg.openqa.selenium.NoAlertPresentException: no such alert
  (Session info: chrome=112.0.5615.138)
Build info: version: '4.7.0', revision: '0a5b49d16f'
System info: os.name: 'Windows 10', os.arch: 'amd64', os.version: '10.0', java.version: '11.0.18'
Driver info: org.openqa.selenium.chrome.ChromeDriver
Command: [f4d60cda89ca1ca2774ad93939fb2c7b, getAlertText {}]
Capabilities {acceptInsecureCerts: false, browserName: chrome, browserVersion: 112.0.5615.138, chrome: {chromedriverVersion: 112.0.5615.49 (bd2a7bcb881c..., userDataDir: C:\Users\ADAM-M~1\AppData\L...}, goog:chromeOptions: {debuggerAddress: localhost:56065}, networkConnectionEnabled: false, pageLoadStrategy: normal, platformName: WINDOWS, proxy: Proxy(), se:cdp: ws://localhost:56065/devtoo..., se:cdpVersion: 112.0.5615.138, setWindowRect: true, strictFileInteractability: false, timeouts: {implicit: 0, pageLoad: 300000, script: 30000}, unhandledPromptBehavior: dismiss and notify, webauthn:extension:credBlob: true, webauthn:extension:largeBlob: true, webauthn:extension:minPinLength: true, webauthn:extension:prf: true, webauthn:virtualAuthenticators: true}
Session ID: f4d60cda89ca1ca2774ad93939fb2c7b
19:38:24.129  INFO  manager.ListenerWD - *************
19:38:24.129  INFO  manager.ListenerWD - Screen with error is--->src/test/screenshots/screen_1708.png
