14:11:31.157  INFO  manager.ApplicationManager - All tests run in Chrome Browser
14:11:32.874  INFO  manager.ApplicationManager - The link--->https://telranedu.web.app/home
14:11:33.919  INFO  manager.ListenerWD - Before Find ElementS--->By.xpath: //button[text()='Sign Out']
14:11:38.957  INFO  manager.ListenerWD - After Find ElementS--->By.xpath: //button[text()='Sign Out']
14:11:38.963  INFO  manager.ListenerWD - List of elements is--->0
14:11:38.966  INFO  manager.ListenerWD - Before Find Element--->By.cssSelector: a[href='/login']
14:11:39.024  INFO  manager.ListenerWD - After Find Element--->By.cssSelector: a[href='/login']
14:11:39.064  INFO  manager.ListenerWD - Location of element(1169, 34)
14:11:39.156  INFO  manager.ListenerWD - Before Find Element--->By.name: email
14:11:39.226  INFO  manager.ListenerWD - After Find Element--->By.name: email
14:11:39.252  INFO  manager.ListenerWD - Location of element(431, 250)
14:11:39.578  INFO  manager.ListenerWD - Before Find Element--->By.name: password
14:11:39.621  INFO  manager.ListenerWD - After Find Element--->By.name: password
14:11:39.637  INFO  manager.ListenerWD - Location of element(431, 320)
14:11:39.890  INFO  manager.ListenerWD - Before Find Element--->By.xpath: //button[text()='Login']
14:11:39.934  INFO  manager.ListenerWD - After Find Element--->By.xpath: //button[text()='Login']
14:11:39.951  INFO  manager.ListenerWD - Location of element(431, 390)
14:11:40.022  INFO  tests.TestBase - Before method finish logout
14:11:40.023  INFO  manager.ListenerWD - Before Find ElementS--->By.cssSelector: .contact-item_card__2SOIM
14:11:41.655  INFO  manager.ListenerWD - After Find ElementS--->By.cssSelector: .contact-item_card__2SOIM
14:11:41.656  INFO  manager.ListenerWD - List of elements is--->5
14:11:41.682  INFO  tests.TestBase - Name of method-->removeAllContact
14:11:41.686  INFO  manager.ListenerWD - Before Find ElementS--->By.cssSelector: .contact-item_card__2SOIM
14:11:41.793  INFO  manager.ListenerWD - After Find ElementS--->By.cssSelector: .contact-item_card__2SOIM
14:11:41.794  INFO  manager.ListenerWD - List of elements is--->5
14:11:41.794  INFO  manager.ListenerWD - Before Find Element--->By.cssSelector: .contact-item_card__2SOIM
14:11:41.826  INFO  manager.ListenerWD - After Find Element--->By.cssSelector: .contact-item_card__2SOIM
14:11:41.842  INFO  manager.ListenerWD - Location of element(192, 150)
14:11:41.925  INFO  manager.ListenerWD - Before Find Element--->By.xpath: //button[text()='Remove']
14:11:41.967  INFO  manager.ListenerWD - After Find Element--->By.xpath: //button[text()='Remove']
14:11:41.986  INFO  manager.ListenerWD - Location of element(635, 371)
14:11:43.057  INFO  manager.ListenerWD - Before Find ElementS--->By.cssSelector: .contact-item_card__2SOIM
14:11:43.125  INFO  manager.ListenerWD - After Find ElementS--->By.cssSelector: .contact-item_card__2SOIM
14:11:43.126  INFO  manager.ListenerWD - List of elements is--->4
14:11:43.126  INFO  manager.ListenerWD - Before Find Element--->By.cssSelector: .contact-item_card__2SOIM
14:11:43.155  INFO  manager.ListenerWD - After Find Element--->By.cssSelector: .contact-item_card__2SOIM
14:11:43.168  INFO  manager.ListenerWD - Location of element(192, 150)
14:11:43.219  INFO  manager.ListenerWD - Before Find Element--->By.xpath: //button[text()='Remove']
14:11:43.254  INFO  manager.ListenerWD - After Find Element--->By.xpath: //button[text()='Remove']
14:11:43.270  INFO  manager.ListenerWD - Location of element(635, 371)
14:11:44.334  INFO  manager.ListenerWD - Before Find ElementS--->By.cssSelector: .contact-item_card__2SOIM
14:11:44.385  INFO  manager.ListenerWD - After Find ElementS--->By.cssSelector: .contact-item_card__2SOIM
14:11:44.386  INFO  manager.ListenerWD - List of elements is--->3
14:11:44.386  INFO  manager.ListenerWD - Before Find Element--->By.cssSelector: .contact-item_card__2SOIM
14:11:44.418  INFO  manager.ListenerWD - After Find Element--->By.cssSelector: .contact-item_card__2SOIM
14:11:44.436  INFO  manager.ListenerWD - Location of element(192, 150)
14:11:44.502  INFO  manager.ListenerWD - Before Find Element--->By.xpath: //button[text()='Remove']
14:11:44.539  INFO  manager.ListenerWD - After Find Element--->By.xpath: //button[text()='Remove']
14:11:44.558  INFO  manager.ListenerWD - Location of element(635, 371)
14:11:45.642  INFO  manager.ListenerWD - Before Find ElementS--->By.cssSelector: .contact-item_card__2SOIM
14:11:45.689  INFO  manager.ListenerWD - After Find ElementS--->By.cssSelector: .contact-item_card__2SOIM
14:11:45.690  INFO  manager.ListenerWD - List of elements is--->2
14:11:45.692  INFO  manager.ListenerWD - Before Find Element--->By.cssSelector: .contact-item_card__2SOIM
14:11:45.729  INFO  manager.ListenerWD - After Find Element--->By.cssSelector: .contact-item_card__2SOIM
14:11:45.744  INFO  manager.ListenerWD - Location of element(192, 150)
14:11:45.811  INFO  manager.ListenerWD - Before Find Element--->By.xpath: //button[text()='Remove']
14:11:45.850  INFO  manager.ListenerWD - After Find Element--->By.xpath: //button[text()='Remove']
14:11:45.869  INFO  manager.ListenerWD - Location of element(635, 371)
14:11:46.944  INFO  manager.ListenerWD - Before Find ElementS--->By.cssSelector: .contact-item_card__2SOIM
14:11:46.980  INFO  manager.ListenerWD - After Find ElementS--->By.cssSelector: .contact-item_card__2SOIM
14:11:46.980  INFO  manager.ListenerWD - List of elements is--->1
14:11:46.980  INFO  manager.ListenerWD - Before Find Element--->By.cssSelector: .contact-item_card__2SOIM
14:11:47.013  INFO  manager.ListenerWD - After Find Element--->By.cssSelector: .contact-item_card__2SOIM
14:11:47.028  INFO  manager.ListenerWD - Location of element(192, 150)
14:11:47.084  INFO  manager.ListenerWD - Before Find Element--->By.xpath: //button[text()='Remove']
14:11:47.126  INFO  manager.ListenerWD - After Find Element--->By.xpath: //button[text()='Remove']
14:11:47.145  INFO  manager.ListenerWD - Location of element(635, 371)
14:11:48.219  INFO  manager.ListenerWD - Before Find ElementS--->By.cssSelector: .contact-item_card__2SOIM
14:11:53.283  INFO  manager.ListenerWD - After Find ElementS--->By.cssSelector: .contact-item_card__2SOIM
14:11:53.283  INFO  manager.ListenerWD - List of elements is--->0
14:11:53.289  INFO  manager.ListenerWD - Before Find Element--->By.cssSelector: .contact-page_message__2qafk>h1
14:11:53.314  INFO  manager.ListenerWD - After Find Element--->By.cssSelector: .contact-page_message__2qafk>h1
14:11:53.333  INFO  manager.ListenerWD - Location of element(505, 271)
14:11:53.379  INFO  manager.ListenerWD - Before Find Element--->By.cssSelector: .contact-page_message__2qafk>h1
14:11:53.406  INFO  manager.ListenerWD - After Find Element--->By.cssSelector: .contact-page_message__2qafk>h1
14:11:53.422  INFO  manager.ListenerWD - Location of element(505, 271)
14:11:53.455  INFO  tests.TestBase - Name of method-->removeFirstContact
14:11:53.456  INFO  manager.ListenerWD - Before Find ElementS--->By.cssSelector: .contact-item_card__2SOIM
14:11:58.217  INFO  manager.ListenerWD - After Find ElementS--->By.cssSelector: .contact-item_card__2SOIM
14:11:58.217  INFO  manager.ListenerWD - List of elements is--->0
14:11:58.218  INFO  manager.HelperBase - Number of Contacts  list before remove is--->0
14:11:58.219  INFO  manager.ListenerWD - Before Find Element--->By.cssSelector: .contact-item_card__2SOIM
14:11:58.260  INFO  manager.ListenerWD - Huston we have a problem!
14:11:58.260  INFO  manager.ListenerWD - Object target--->ChromeDriver: chrome on WINDOWS (b36d80497f9ed9039e07f1e036f5792d)
14:11:58.261  INFO  manager.ListenerWD - *************
14:11:58.262  INFO  manager.ListenerWD - Method namefindElement
14:11:58.262  INFO  manager.ListenerWD - *************
14:11:58.262  INFO  manager.ListenerWD - *************
14:11:58.262  INFO  manager.ListenerWD - *************
14:11:58.267  INFO  manager.ListenerWD - InvocationTargetException & getTargetExceptionorg.openqa.selenium.NoSuchWindowException: no such window: target window already closed
from unknown error: web view not found
  (Session info: chrome=112.0.5615.138)
Build info: version: '4.7.0', revision: '0a5b49d16f'
System info: os.name: 'Windows 10', os.arch: 'amd64', os.version: '10.0', java.version: '11.0.18'
Driver info: org.openqa.selenium.chrome.ChromeDriver
Command: [b36d80497f9ed9039e07f1e036f5792d, findElement {using=css selector, value=.contact-item_card__2SOIM}]
Capabilities {acceptInsecureCerts: false, browserName: chrome, browserVersion: 112.0.5615.138, chrome: {chromedriverVersion: 112.0.5615.49 (bd2a7bcb881c..., userDataDir: C:\Users\ADAM-M~1\AppData\L...}, goog:chromeOptions: {debuggerAddress: localhost:49933}, networkConnectionEnabled: false, pageLoadStrategy: normal, platformName: WINDOWS, proxy: Proxy(), se:cdp: ws://localhost:49933/devtoo..., se:cdpVersion: 112.0.5615.138, setWindowRect: true, strictFileInteractability: false, timeouts: {implicit: 0, pageLoad: 300000, script: 30000}, unhandledPromptBehavior: dismiss and notify, webauthn:extension:credBlob: true, webauthn:extension:largeBlob: true, webauthn:extension:minPinLength: true, webauthn:extension:prf: true, webauthn:virtualAuthenticators: true}
Session ID: b36d80497f9ed9039e07f1e036f5792d
14:11:58.271  INFO  manager.ListenerWD - *************
14:11:58.284  INFO  manager.ListenerWD - Screen with error is--->src/test/screenshots/screen_1709.png
