19:41:06.360  INFO  manager.ApplicationManager - All tests run in Chrome Browser
19:41:08.047  INFO  manager.ApplicationManager - The link--->https://telranedu.web.app/home
19:41:09.096  INFO  manager.ListenerWD - Before Find ElementS--->By.xpath: //button[text()='Sign Out']
19:41:14.139  INFO  manager.ListenerWD - After Find ElementS--->By.xpath: //button[text()='Sign Out']
19:41:14.146  INFO  manager.ListenerWD - List of elements is--->0
19:41:14.149  INFO  manager.ListenerWD - Before Find Element--->By.cssSelector: a[href='/login']
19:41:14.199  INFO  manager.ListenerWD - After Find Element--->By.cssSelector: a[href='/login']
19:41:14.236  INFO  manager.ListenerWD - Location of element(1169, 34)
19:41:14.326  INFO  manager.ListenerWD - Before Find Element--->By.name: email
19:41:14.393  INFO  manager.ListenerWD - After Find Element--->By.name: email
19:41:14.420  INFO  manager.ListenerWD - Location of element(431, 250)
19:41:14.722  INFO  manager.ListenerWD - Before Find Element--->By.name: password
19:41:14.766  INFO  manager.ListenerWD - After Find Element--->By.name: password
19:41:14.785  INFO  manager.ListenerWD - Location of element(431, 320)
19:41:15.079  INFO  manager.ListenerWD - Before Find Element--->By.xpath: //button[text()='Login']
19:41:15.129  INFO  manager.ListenerWD - After Find Element--->By.xpath: //button[text()='Login']
19:41:15.146  INFO  manager.ListenerWD - Location of element(431, 390)
19:41:15.209  INFO  tests.TestBase - Before method finish logout
19:41:15.249  INFO  tests.TestBase - Name of method-->addContactSuccessAllFields
19:41:15.299  INFO  tests.TestBase - Tests run with data: --->Contact(name=Kate, lastName=Ivanov, phone=748949445667, email=katya@mail.com, address=London,Trafalgar sq,5, description=all fields)
19:41:15.299  INFO  manager.ListenerWD - Before Find Element--->By.cssSelector: a[href='/add']
19:41:16.399  INFO  manager.ListenerWD - After Find Element--->By.cssSelector: a[href='/add']
19:41:16.421  INFO  manager.ListenerWD - Location of element(986, 34)
19:41:16.498  INFO  manager.ListenerWD - Before Find Element--->By.cssSelector: [placeholder='Name']
19:41:16.550  INFO  manager.ListenerWD - After Find Element--->By.cssSelector: [placeholder='Name']
19:41:16.571  INFO  manager.ListenerWD - Location of element(201, 165)
19:41:16.844  INFO  manager.ListenerWD - Before Find Element--->By.cssSelector: [placeholder='Last Name']
19:41:16.888  INFO  manager.ListenerWD - After Find Element--->By.cssSelector: [placeholder='Last Name']
19:41:16.905  INFO  manager.ListenerWD - Location of element(201, 238)
19:41:17.194  INFO  manager.ListenerWD - Before Find Element--->By.cssSelector: [placeholder='Phone']
19:41:17.232  INFO  manager.ListenerWD - After Find Element--->By.cssSelector: [placeholder='Phone']
19:41:17.250  INFO  manager.ListenerWD - Location of element(201, 311)
19:41:17.521  INFO  manager.ListenerWD - Before Find Element--->By.cssSelector: [placeholder='email']
19:41:17.568  INFO  manager.ListenerWD - After Find Element--->By.cssSelector: [placeholder='email']
19:41:17.587  INFO  manager.ListenerWD - Location of element(201, 385)
19:41:17.871  INFO  manager.ListenerWD - Before Find Element--->By.cssSelector: [placeholder='Address']
19:41:17.915  INFO  manager.ListenerWD - After Find Element--->By.cssSelector: [placeholder='Address']
19:41:17.932  INFO  manager.ListenerWD - Location of element(201, 458)
19:41:18.215  INFO  manager.ListenerWD - Before Find Element--->By.cssSelector: [placeholder='description']
19:41:18.256  INFO  manager.ListenerWD - After Find Element--->By.cssSelector: [placeholder='description']
19:41:18.276  INFO  manager.ListenerWD - Location of element(201, 531)
19:41:18.540  INFO  manager.ListenerWD - Before Find Element--->By.cssSelector: .add_form__2rsm2>button
19:41:18.583  INFO  manager.ListenerWD - After Find Element--->By.cssSelector: .add_form__2rsm2>button
19:41:18.600  INFO  manager.ListenerWD - Location of element(204, 605)
19:41:18.798  INFO  manager.ListenerWD - Before Find Element--->By.cssSelector: .add_form__2rsm2>button
19:41:18.832  INFO  manager.ListenerWD - After Find Element--->By.cssSelector: .add_form__2rsm2>button
19:41:18.847  INFO  manager.ListenerWD - Location of element(204, 514)
19:41:18.909  INFO  manager.ListenerWD - Before Find ElementS--->By.cssSelector: h2
19:41:19.549  INFO  manager.ListenerWD - After Find ElementS--->By.cssSelector: h2
19:41:19.549  INFO  manager.ListenerWD - List of elements is--->1
19:41:19.577  INFO  manager.ListenerWD - Before Find ElementS--->By.cssSelector: h3
19:41:19.615  INFO  manager.ListenerWD - After Find ElementS--->By.cssSelector: h3
19:41:19.615  INFO  manager.ListenerWD - List of elements is--->1
19:41:19.642  INFO  tests.TestBase - Name of method-->addContactSuccessAllFields
19:41:19.643  INFO  tests.TestBase - Tests run with data: --->Contact(name=Kate, lastName=Ivanov, phone=74849494876, email=katya@mail.com, address=London,Trafalgar sq,5, description=null)
19:41:19.643  INFO  manager.ListenerWD - Before Find Element--->By.cssSelector: a[href='/add']
19:41:19.678  INFO  manager.ListenerWD - After Find Element--->By.cssSelector: a[href='/add']
19:41:19.692  INFO  manager.ListenerWD - Location of element(1000, 34)
19:41:19.744  INFO  manager.ListenerWD - Before Find Element--->By.cssSelector: [placeholder='Name']
19:41:19.787  INFO  manager.ListenerWD - After Find Element--->By.cssSelector: [placeholder='Name']
19:41:19.801  INFO  manager.ListenerWD - Location of element(201, 165)
19:41:20.036  INFO  manager.ListenerWD - Before Find Element--->By.cssSelector: [placeholder='Last Name']
19:41:20.067  INFO  manager.ListenerWD - After Find Element--->By.cssSelector: [placeholder='Last Name']
19:41:20.087  INFO  manager.ListenerWD - Location of element(201, 238)
19:41:20.383  INFO  manager.ListenerWD - Before Find Element--->By.cssSelector: [placeholder='Phone']
19:41:20.417  INFO  manager.ListenerWD - After Find Element--->By.cssSelector: [placeholder='Phone']
19:41:20.435  INFO  manager.ListenerWD - Location of element(201, 311)
19:41:20.698  INFO  manager.ListenerWD - Before Find Element--->By.cssSelector: [placeholder='email']
19:41:20.738  INFO  manager.ListenerWD - After Find Element--->By.cssSelector: [placeholder='email']
19:41:20.757  INFO  manager.ListenerWD - Location of element(201, 385)
19:41:21.043  INFO  manager.ListenerWD - Before Find Element--->By.cssSelector: [placeholder='Address']
19:41:21.081  INFO  manager.ListenerWD - After Find Element--->By.cssSelector: [placeholder='Address']
19:41:21.099  INFO  manager.ListenerWD - Location of element(201, 458)
19:41:21.396  INFO  manager.ListenerWD - Before Find Element--->By.cssSelector: [placeholder='description']
19:41:21.436  INFO  manager.ListenerWD - After Find Element--->By.cssSelector: [placeholder='description']
19:41:21.454  INFO  manager.ListenerWD - Location of element(201, 531)
19:41:21.681  INFO  manager.ListenerWD - Before Find Element--->By.cssSelector: .add_form__2rsm2>button
19:41:21.724  INFO  manager.ListenerWD - After Find Element--->By.cssSelector: .add_form__2rsm2>button
19:41:21.758  INFO  manager.ListenerWD - Location of element(204, 605)
19:41:21.878  INFO  manager.ListenerWD - Before Find Element--->By.cssSelector: .add_form__2rsm2>button
19:41:21.914  INFO  manager.ListenerWD - After Find Element--->By.cssSelector: .add_form__2rsm2>button
19:41:21.925  INFO  manager.ListenerWD - Location of element(204, 514)
19:41:21.981  INFO  manager.ListenerWD - Before Find ElementS--->By.cssSelector: h2
19:41:22.462  INFO  manager.ListenerWD - After Find ElementS--->By.cssSelector: h2
19:41:22.463  INFO  manager.ListenerWD - List of elements is--->2
19:41:22.489  INFO  manager.ListenerWD - Before Find ElementS--->By.cssSelector: h3
19:41:22.533  INFO  manager.ListenerWD - After Find ElementS--->By.cssSelector: h3
19:41:22.534  INFO  manager.ListenerWD - List of elements is--->2
19:41:22.588  INFO  tests.TestBase - Name of method-->addNewContactSuccess
19:41:22.597  INFO  tests.TestBase - Tests run with data:--->Contact(name=Kate1715, lastName=Ivanov, phone=748494941715, email=katya1715@mail.com, address=London,Trafalgar sq,5, description=null)
19:41:22.598  INFO  manager.ListenerWD - Before Find Element--->By.cssSelector: a[href='/add']
19:41:22.632  INFO  manager.ListenerWD - After Find Element--->By.cssSelector: a[href='/add']
19:41:22.645  INFO  manager.ListenerWD - Location of element(1000, 34)
19:41:22.693  INFO  manager.ListenerWD - Before Find Element--->By.cssSelector: [placeholder='Name']
19:41:22.740  INFO  manager.ListenerWD - After Find Element--->By.cssSelector: [placeholder='Name']
19:41:22.761  INFO  manager.ListenerWD - Location of element(201, 165)
19:41:23.012  INFO  manager.ListenerWD - Before Find Element--->By.cssSelector: [placeholder='Last Name']
19:41:23.044  INFO  manager.ListenerWD - After Find Element--->By.cssSelector: [placeholder='Last Name']
19:41:23.060  INFO  manager.ListenerWD - Location of element(201, 238)
19:41:23.309  INFO  manager.ListenerWD - Before Find Element--->By.cssSelector: [placeholder='Phone']
19:41:23.334  INFO  manager.ListenerWD - After Find Element--->By.cssSelector: [placeholder='Phone']
19:41:23.348  INFO  manager.ListenerWD - Location of element(201, 311)
19:41:23.591  INFO  manager.ListenerWD - Before Find Element--->By.cssSelector: [placeholder='email']
19:41:23.623  INFO  manager.ListenerWD - After Find Element--->By.cssSelector: [placeholder='email']
19:41:23.640  INFO  manager.ListenerWD - Location of element(201, 385)
19:41:23.893  INFO  manager.ListenerWD - Before Find Element--->By.cssSelector: [placeholder='Address']
19:41:23.924  INFO  manager.ListenerWD - After Find Element--->By.cssSelector: [placeholder='Address']
19:41:23.943  INFO  manager.ListenerWD - Location of element(201, 458)
19:41:24.207  INFO  manager.ListenerWD - Before Find Element--->By.cssSelector: [placeholder='description']
19:41:24.237  INFO  manager.ListenerWD - After Find Element--->By.cssSelector: [placeholder='description']
19:41:24.254  INFO  manager.ListenerWD - Location of element(201, 531)
19:41:24.441  INFO  manager.ListenerWD - Before Find Element--->By.cssSelector: .add_form__2rsm2>button
19:41:24.469  INFO  manager.ListenerWD - After Find Element--->By.cssSelector: .add_form__2rsm2>button
19:41:24.485  INFO  manager.ListenerWD - Location of element(204, 605)
19:41:24.624  INFO  manager.ListenerWD - Before Find Element--->By.cssSelector: .add_form__2rsm2>button
19:41:24.652  INFO  manager.ListenerWD - After Find Element--->By.cssSelector: .add_form__2rsm2>button
19:41:24.667  INFO  manager.ListenerWD - Location of element(204, 514)
19:41:24.732  INFO  manager.ListenerWD - Before Find ElementS--->By.cssSelector: h2
19:41:25.227  INFO  manager.ListenerWD - After Find ElementS--->By.cssSelector: h2
19:41:25.228  INFO  manager.ListenerWD - List of elements is--->3
19:41:25.292  INFO  manager.ListenerWD - Before Find ElementS--->By.cssSelector: h3
19:41:25.332  INFO  manager.ListenerWD - After Find ElementS--->By.cssSelector: h3
19:41:25.333  INFO  manager.ListenerWD - List of elements is--->3
19:41:25.393  INFO  tests.TestBase - Name of method-->addNewContactWrongAddress
19:41:25.395  INFO  tests.TestBase - Tests run with data:--->Contact(name=Kate, lastName=Ivanov, phone=78748494947346, email=katya@mail.com, address=, description=empty address)
19:41:25.395  INFO  manager.ListenerWD - Before Find Element--->By.cssSelector: a[href='/add']
19:41:25.416  INFO  manager.ListenerWD - After Find Element--->By.cssSelector: a[href='/add']
19:41:25.431  INFO  manager.ListenerWD - Location of element(1000, 34)
19:41:25.483  INFO  manager.ListenerWD - Before Find Element--->By.cssSelector: [placeholder='Name']
19:41:25.523  INFO  manager.ListenerWD - After Find Element--->By.cssSelector: [placeholder='Name']
19:41:25.539  INFO  manager.ListenerWD - Location of element(201, 165)
19:41:25.816  INFO  manager.ListenerWD - Before Find Element--->By.cssSelector: [placeholder='Last Name']
19:41:25.844  INFO  manager.ListenerWD - After Find Element--->By.cssSelector: [placeholder='Last Name']
19:41:25.860  INFO  manager.ListenerWD - Location of element(201, 238)
19:41:26.103  INFO  manager.ListenerWD - Before Find Element--->By.cssSelector: [placeholder='Phone']
19:41:26.142  INFO  manager.ListenerWD - After Find Element--->By.cssSelector: [placeholder='Phone']
19:41:26.162  INFO  manager.ListenerWD - Location of element(201, 311)
19:41:26.442  INFO  manager.ListenerWD - Before Find Element--->By.cssSelector: [placeholder='email']
19:41:26.468  INFO  manager.ListenerWD - After Find Element--->By.cssSelector: [placeholder='email']
19:41:26.485  INFO  manager.ListenerWD - Location of element(201, 385)
19:41:26.745  INFO  manager.ListenerWD - Before Find Element--->By.cssSelector: [placeholder='Address']
19:41:26.772  INFO  manager.ListenerWD - After Find Element--->By.cssSelector: [placeholder='Address']
19:41:26.791  INFO  manager.ListenerWD - Location of element(201, 458)
19:41:27.072  INFO  manager.ListenerWD - Before Find Element--->By.cssSelector: [placeholder='description']
19:41:27.096  INFO  manager.ListenerWD - After Find Element--->By.cssSelector: [placeholder='description']
19:41:27.115  INFO  manager.ListenerWD - Location of element(201, 531)
19:41:27.406  INFO  manager.ListenerWD - Before Find Element--->By.cssSelector: .add_form__2rsm2>button
19:41:27.434  INFO  manager.ListenerWD - After Find Element--->By.cssSelector: .add_form__2rsm2>button
19:41:27.457  INFO  manager.ListenerWD - Location of element(204, 605)
19:41:27.632  INFO  manager.ListenerWD - Before Find Element--->By.cssSelector: .add_form__2rsm2>button
19:41:27.663  INFO  manager.ListenerWD - After Find Element--->By.cssSelector: .add_form__2rsm2>button
19:41:27.680  INFO  manager.ListenerWD - Location of element(204, 514)
19:41:27.758  INFO  manager.ListenerWD - Before Find ElementS--->By.cssSelector: a.active[href='/add']
19:41:27.790  INFO  manager.ListenerWD - After Find ElementS--->By.cssSelector: a.active[href='/add']
19:41:27.790  INFO  manager.ListenerWD - List of elements is--->1
19:41:27.792  INFO  tests.TestBase - Name of method-->addNewContactWrongEmail
19:41:27.794  INFO  tests.TestBase - Tests run with data:--->Contact(name=Kate, lastName=Ivanov, phone=34567654367, email=katyamail.com, address=NY, description=empty email)
19:41:27.794  INFO  manager.ListenerWD - Before Find Element--->By.cssSelector: a[href='/add']
19:41:27.817  INFO  manager.ListenerWD - After Find Element--->By.cssSelector: a[href='/add']
19:41:27.829  INFO  manager.ListenerWD - Location of element(985, -57)
19:41:27.885  INFO  manager.ListenerWD - Before Find Element--->By.cssSelector: [placeholder='Name']
19:41:27.920  INFO  manager.ListenerWD - After Find Element--->By.cssSelector: [placeholder='Name']
19:41:27.934  INFO  manager.ListenerWD - Location of element(201, 132)
19:41:28.180  INFO  manager.ListenerWD - Before Find Element--->By.cssSelector: [placeholder='Last Name']
19:41:28.206  INFO  manager.ListenerWD - After Find Element--->By.cssSelector: [placeholder='Last Name']
19:41:28.217  INFO  manager.ListenerWD - Location of element(201, 205)
19:41:28.433  INFO  manager.ListenerWD - Before Find Element--->By.cssSelector: [placeholder='Phone']
19:41:28.458  INFO  manager.ListenerWD - After Find Element--->By.cssSelector: [placeholder='Phone']
19:41:28.469  INFO  manager.ListenerWD - Location of element(201, 279)
19:41:28.733  INFO  manager.ListenerWD - Before Find Element--->By.cssSelector: [placeholder='email']
19:41:28.761  INFO  manager.ListenerWD - After Find Element--->By.cssSelector: [placeholder='email']
19:41:28.775  INFO  manager.ListenerWD - Location of element(201, 352)
19:41:29.071  INFO  manager.ListenerWD - Before Find Element--->By.cssSelector: [placeholder='Address']
19:41:29.098  INFO  manager.ListenerWD - After Find Element--->By.cssSelector: [placeholder='Address']
19:41:29.112  INFO  manager.ListenerWD - Location of element(201, 425)
19:41:29.328  INFO  manager.ListenerWD - Before Find Element--->By.cssSelector: [placeholder='description']
19:41:29.355  INFO  manager.ListenerWD - After Find Element--->By.cssSelector: [placeholder='description']
19:41:29.369  INFO  manager.ListenerWD - Location of element(201, 499)
19:41:29.653  INFO  manager.ListenerWD - Before Find Element--->By.cssSelector: .add_form__2rsm2>button
19:41:29.679  INFO  manager.ListenerWD - After Find Element--->By.cssSelector: .add_form__2rsm2>button
19:41:29.693  INFO  manager.ListenerWD - Location of element(204, 572)
19:41:29.823  INFO  manager.ListenerWD - Before Find Element--->By.cssSelector: .add_form__2rsm2>button
19:41:29.858  INFO  manager.ListenerWD - After Find Element--->By.cssSelector: .add_form__2rsm2>button
19:41:29.875  INFO  manager.ListenerWD - Location of element(204, 514)
19:41:29.919  INFO  manager.ListenerWD - Before Find ElementS--->By.cssSelector: a.active[href='/add']
19:41:29.950  INFO  manager.ListenerWD - After Find ElementS--->By.cssSelector: a.active[href='/add']
19:41:29.951  INFO  manager.ListenerWD - List of elements is--->1
19:41:29.991  INFO  manager.ListenerWD - Huston we have a problem!
19:41:29.992  INFO  manager.ListenerWD - Object target--->org.openqa.selenium.remote.RemoteWebDriver$RemoteTargetLocator@5e67a490
19:41:29.994  INFO  manager.ListenerWD - *************
19:41:29.994  INFO  manager.ListenerWD - Method namealert
19:41:29.994  INFO  manager.ListenerWD - *************
19:41:29.994  INFO  manager.ListenerWD - *************
19:41:29.994  INFO  manager.ListenerWD - *************
19:41:29.997  INFO  manager.ListenerWD - InvocationTargetException & getTargetExceptionorg.openqa.selenium.NoAlertPresentException: no such alert
  (Session info: chrome=112.0.5615.138)
Build info: version: '4.7.0', revision: '0a5b49d16f'
System info: os.name: 'Windows 10', os.arch: 'amd64', os.version: '10.0', java.version: '11.0.18'
Driver info: org.openqa.selenium.chrome.ChromeDriver
Command: [b152b0f7295e118b9a5dc31a38c81c82, getAlertText {}]
Capabilities {acceptInsecureCerts: false, browserName: chrome, browserVersion: 112.0.5615.138, chrome: {chromedriverVersion: 112.0.5615.49 (bd2a7bcb881c..., userDataDir: C:\Users\ADAM-M~1\AppData\L...}, goog:chromeOptions: {debuggerAddress: localhost:56138}, networkConnectionEnabled: false, pageLoadStrategy: normal, platformName: WINDOWS, proxy: Proxy(), se:cdp: ws://localhost:56138/devtoo..., se:cdpVersion: 112.0.5615.138, setWindowRect: true, strictFileInteractability: false, timeouts: {implicit: 0, pageLoad: 300000, script: 30000}, unhandledPromptBehavior: dismiss and notify, webauthn:extension:credBlob: true, webauthn:extension:largeBlob: true, webauthn:extension:minPinLength: true, webauthn:extension:prf: true, webauthn:virtualAuthenticators: true}
Session ID: b152b0f7295e118b9a5dc31a38c81c82
19:41:29.997  INFO  manager.ListenerWD - *************
19:41:29.999  INFO  manager.ListenerWD - Screen with error is--->src/test/screenshots/screen_1940.png
19:41:30.543  INFO  tests.TestBase - Tests finish with massage:'Email not valid: must be a well-formed email address'
19:41:30.547  INFO  tests.TestBase - Name of method-->addNewContactWrongLastName
19:41:30.549  INFO  tests.TestBase - Tests run with data:--->Contact(name=Kate, lastName=, phone=78748494947346, email=katya@mail.com, address=NY, description=empty last name)
19:41:30.549  INFO  manager.ListenerWD - Before Find Element--->By.cssSelector: a[href='/add']
19:41:30.580  INFO  manager.ListenerWD - After Find Element--->By.cssSelector: a[href='/add']
19:41:30.597  INFO  manager.ListenerWD - Location of element(985, -57)
19:41:30.654  INFO  manager.ListenerWD - Before Find Element--->By.cssSelector: [placeholder='Name']
19:41:30.688  INFO  manager.ListenerWD - After Find Element--->By.cssSelector: [placeholder='Name']
19:41:30.704  INFO  manager.ListenerWD - Location of element(201, 132)
19:41:30.951  INFO  manager.ListenerWD - Before Find Element--->By.cssSelector: [placeholder='Last Name']
19:41:30.977  INFO  manager.ListenerWD - After Find Element--->By.cssSelector: [placeholder='Last Name']
19:41:30.989  INFO  manager.ListenerWD - Location of element(201, 205)
19:41:31.221  INFO  manager.ListenerWD - Before Find Element--->By.cssSelector: [placeholder='Phone']
19:41:31.247  INFO  manager.ListenerWD - After Find Element--->By.cssSelector: [placeholder='Phone']
19:41:31.260  INFO  manager.ListenerWD - Location of element(201, 279)
19:41:31.520  INFO  manager.ListenerWD - Before Find Element--->By.cssSelector: [placeholder='email']
19:41:31.551  INFO  manager.ListenerWD - After Find Element--->By.cssSelector: [placeholder='email']
19:41:31.568  INFO  manager.ListenerWD - Location of element(201, 352)
19:41:31.840  INFO  manager.ListenerWD - Before Find Element--->By.cssSelector: [placeholder='Address']
19:41:31.867  INFO  manager.ListenerWD - After Find Element--->By.cssSelector: [placeholder='Address']
19:41:31.882  INFO  manager.ListenerWD - Location of element(201, 425)
19:41:32.133  INFO  manager.ListenerWD - Before Find Element--->By.cssSelector: [placeholder='description']
19:41:32.162  INFO  manager.ListenerWD - After Find Element--->By.cssSelector: [placeholder='description']
19:41:32.178  INFO  manager.ListenerWD - Location of element(201, 499)
19:41:33.015  INFO  manager.ListenerWD - Before Find Element--->By.cssSelector: .add_form__2rsm2>button
19:41:33.039  INFO  manager.ListenerWD - After Find Element--->By.cssSelector: .add_form__2rsm2>button
19:41:33.051  INFO  manager.ListenerWD - Location of element(204, 572)
19:41:33.146  INFO  manager.ListenerWD - Before Find Element--->By.cssSelector: .add_form__2rsm2>button
19:41:33.175  INFO  manager.ListenerWD - After Find Element--->By.cssSelector: .add_form__2rsm2>button
19:41:33.190  INFO  manager.ListenerWD - Location of element(204, 514)
19:41:33.236  INFO  manager.ListenerWD - Before Find ElementS--->By.cssSelector: a.active[href='/add']
19:41:33.262  INFO  manager.ListenerWD - After Find ElementS--->By.cssSelector: a.active[href='/add']
19:41:33.262  INFO  manager.ListenerWD - List of elements is--->1
19:41:33.264  INFO  tests.TestBase - Name of method-->addNewContactWrongName
19:41:33.265  INFO  tests.TestBase - Tests run with data:--->Contact(name=, lastName=Ivanov, phone=787484949345, email=katya@mail.com, address=London,Trafalgar sq,5, description=empty name)
19:41:33.265  INFO  manager.ListenerWD - Before Find Element--->By.cssSelector: a[href='/add']
19:41:33.289  INFO  manager.ListenerWD - After Find Element--->By.cssSelector: a[href='/add']
19:41:33.304  INFO  manager.ListenerWD - Location of element(985, -57)
19:41:33.354  INFO  manager.ListenerWD - Before Find Element--->By.cssSelector: [placeholder='Name']
19:41:33.383  INFO  manager.ListenerWD - After Find Element--->By.cssSelector: [placeholder='Name']
19:41:33.399  INFO  manager.ListenerWD - Location of element(201, 132)
19:41:33.642  INFO  manager.ListenerWD - Before Find Element--->By.cssSelector: [placeholder='Last Name']
19:41:33.667  INFO  manager.ListenerWD - After Find Element--->By.cssSelector: [placeholder='Last Name']
19:41:33.680  INFO  manager.ListenerWD - Location of element(201, 205)
19:41:33.884  INFO  manager.ListenerWD - Before Find Element--->By.cssSelector: [placeholder='Phone']
19:41:33.910  INFO  manager.ListenerWD - After Find Element--->By.cssSelector: [placeholder='Phone']
19:41:33.923  INFO  manager.ListenerWD - Location of element(201, 279)
19:41:34.158  INFO  manager.ListenerWD - Before Find Element--->By.cssSelector: [placeholder='email']
19:41:34.186  INFO  manager.ListenerWD - After Find Element--->By.cssSelector: [placeholder='email']
19:41:34.201  INFO  manager.ListenerWD - Location of element(201, 352)
19:41:34.469  INFO  manager.ListenerWD - Before Find Element--->By.cssSelector: [placeholder='Address']
19:41:34.497  INFO  manager.ListenerWD - After Find Element--->By.cssSelector: [placeholder='Address']
19:41:34.512  INFO  manager.ListenerWD - Location of element(201, 425)
19:41:34.788  INFO  manager.ListenerWD - Before Find Element--->By.cssSelector: [placeholder='description']
19:41:34.812  INFO  manager.ListenerWD - After Find Element--->By.cssSelector: [placeholder='description']
19:41:34.828  INFO  manager.ListenerWD - Location of element(201, 499)
19:41:35.098  INFO  manager.ListenerWD - Before Find Element--->By.cssSelector: .add_form__2rsm2>button
19:41:35.130  INFO  manager.ListenerWD - After Find Element--->By.cssSelector: .add_form__2rsm2>button
19:41:35.146  INFO  manager.ListenerWD - Location of element(204, 572)
19:41:35.249  INFO  manager.ListenerWD - Before Find Element--->By.cssSelector: .add_form__2rsm2>button
19:41:35.280  INFO  manager.ListenerWD - After Find Element--->By.cssSelector: .add_form__2rsm2>button
19:41:35.295  INFO  manager.ListenerWD - Location of element(204, 514)
19:41:35.347  INFO  manager.ListenerWD - Before Find ElementS--->By.cssSelector: a.active[href='/add']
19:41:35.372  INFO  manager.ListenerWD - After Find ElementS--->By.cssSelector: a.active[href='/add']
19:41:35.372  INFO  manager.ListenerWD - List of elements is--->1
19:41:35.373  INFO  tests.TestBase - Name of method-->addNewContactWrongPhone
19:41:35.376  INFO  tests.TestBase - Tests run with data: --->Contact(name=John, lastName=Wick, phone=123, email=john@gmail.com, address=NY, description=The best John)
19:41:35.376  INFO  manager.ListenerWD - Before Find Element--->By.cssSelector: a[href='/add']
19:41:35.400  INFO  manager.ListenerWD - After Find Element--->By.cssSelector: a[href='/add']
19:41:35.415  INFO  manager.ListenerWD - Location of element(985, -57)
19:41:35.473  INFO  manager.ListenerWD - Before Find Element--->By.cssSelector: [placeholder='Name']
19:41:35.504  INFO  manager.ListenerWD - After Find Element--->By.cssSelector: [placeholder='Name']
19:41:35.517  INFO  manager.ListenerWD - Location of element(201, 132)
19:41:35.718  INFO  manager.ListenerWD - Before Find Element--->By.cssSelector: [placeholder='Last Name']
19:41:35.746  INFO  manager.ListenerWD - After Find Element--->By.cssSelector: [placeholder='Last Name']
19:41:35.760  INFO  manager.ListenerWD - Location of element(201, 205)
19:41:36.011  INFO  manager.ListenerWD - Before Find Element--->By.cssSelector: [placeholder='Phone']
19:41:36.036  INFO  manager.ListenerWD - After Find Element--->By.cssSelector: [placeholder='Phone']
19:41:36.047  INFO  manager.ListenerWD - Location of element(201, 279)
19:41:36.274  INFO  manager.ListenerWD - Before Find Element--->By.cssSelector: [placeholder='email']
19:41:36.301  INFO  manager.ListenerWD - After Find Element--->By.cssSelector: [placeholder='email']
19:41:36.313  INFO  manager.ListenerWD - Location of element(201, 352)
19:41:36.517  INFO  manager.ListenerWD - Before Find Element--->By.cssSelector: [placeholder='Address']
19:41:36.540  INFO  manager.ListenerWD - After Find Element--->By.cssSelector: [placeholder='Address']
19:41:36.551  INFO  manager.ListenerWD - Location of element(201, 425)
19:41:36.793  INFO  manager.ListenerWD - Before Find Element--->By.cssSelector: [placeholder='description']
19:41:36.818  INFO  manager.ListenerWD - After Find Element--->By.cssSelector: [placeholder='description']
19:41:36.831  INFO  manager.ListenerWD - Location of element(201, 499)
19:41:37.078  INFO  manager.ListenerWD - Before Find Element--->By.cssSelector: .add_form__2rsm2>button
19:41:37.110  INFO  manager.ListenerWD - After Find Element--->By.cssSelector: .add_form__2rsm2>button
19:41:37.124  INFO  manager.ListenerWD - Location of element(204, 572)
19:41:37.263  INFO  manager.ListenerWD - Before Find Element--->By.cssSelector: .add_form__2rsm2>button
19:41:37.297  INFO  manager.ListenerWD - After Find Element--->By.cssSelector: .add_form__2rsm2>button
19:41:37.313  INFO  manager.ListenerWD - Location of element(204, 514)
19:41:37.366  INFO  manager.ListenerWD - Before Find ElementS--->By.cssSelector: a.active[href='/add']
19:41:37.399  INFO  manager.ListenerWD - After Find ElementS--->By.cssSelector: a.active[href='/add']
19:41:37.399  INFO  manager.ListenerWD - List of elements is--->1
19:41:37.413  INFO  manager.ListenerWD - Huston we have a problem!
19:41:37.414  INFO  manager.ListenerWD - Object target--->org.openqa.selenium.remote.RemoteWebDriver$RemoteTargetLocator@3e98b933
19:41:37.414  INFO  manager.ListenerWD - *************
19:41:37.414  INFO  manager.ListenerWD - Method namealert
19:41:37.414  INFO  manager.ListenerWD - *************
19:41:37.414  INFO  manager.ListenerWD - *************
19:41:37.414  INFO  manager.ListenerWD - *************
19:41:37.414  INFO  manager.ListenerWD - InvocationTargetException & getTargetExceptionorg.openqa.selenium.NoAlertPresentException: no such alert
  (Session info: chrome=112.0.5615.138)
Build info: version: '4.7.0', revision: '0a5b49d16f'
System info: os.name: 'Windows 10', os.arch: 'amd64', os.version: '10.0', java.version: '11.0.18'
Driver info: org.openqa.selenium.chrome.ChromeDriver
Command: [b152b0f7295e118b9a5dc31a38c81c82, getAlertText {}]
Capabilities {acceptInsecureCerts: false, browserName: chrome, browserVersion: 112.0.5615.138, chrome: {chromedriverVersion: 112.0.5615.49 (bd2a7bcb881c..., userDataDir: C:\Users\ADAM-M~1\AppData\L...}, goog:chromeOptions: {debuggerAddress: localhost:56138}, networkConnectionEnabled: false, pageLoadStrategy: normal, platformName: WINDOWS, proxy: Proxy(), se:cdp: ws://localhost:56138/devtoo..., se:cdpVersion: 112.0.5615.138, setWindowRect: true, strictFileInteractability: false, timeouts: {implicit: 0, pageLoad: 300000, script: 30000}, unhandledPromptBehavior: dismiss and notify, webauthn:extension:credBlob: true, webauthn:extension:largeBlob: true, webauthn:extension:minPinLength: true, webauthn:extension:prf: true, webauthn:virtualAuthenticators: true}
Session ID: b152b0f7295e118b9a5dc31a38c81c82
19:41:37.415  INFO  manager.ListenerWD - *************
19:41:37.415  INFO  manager.ListenerWD - Screen with error is--->src/test/screenshots/screen_1688.png
19:41:37.957  INFO  tests.TestBase - Name of method-->addNewContactWrongPhone
19:41:37.959  INFO  tests.TestBase - Tests run with data: --->Contact(name=John, lastName=Wick, phone=12345678910111213141516, email=john@gmail.com, address=NY, description=The best John)
19:41:37.959  INFO  manager.ListenerWD - Before Find Element--->By.cssSelector: a[href='/add']
19:41:37.985  INFO  manager.ListenerWD - After Find Element--->By.cssSelector: a[href='/add']
19:41:38.004  INFO  manager.ListenerWD - Location of element(985, -57)
19:41:38.058  INFO  manager.ListenerWD - Before Find Element--->By.cssSelector: [placeholder='Name']
19:41:38.085  INFO  manager.ListenerWD - After Find Element--->By.cssSelector: [placeholder='Name']
19:41:38.102  INFO  manager.ListenerWD - Location of element(201, 132)
19:41:38.351  INFO  manager.ListenerWD - Before Find Element--->By.cssSelector: [placeholder='Last Name']
19:41:38.374  INFO  manager.ListenerWD - After Find Element--->By.cssSelector: [placeholder='Last Name']
19:41:38.390  INFO  manager.ListenerWD - Location of element(201, 205)
19:41:38.638  INFO  manager.ListenerWD - Before Find Element--->By.cssSelector: [placeholder='Phone']
19:41:38.661  INFO  manager.ListenerWD - After Find Element--->By.cssSelector: [placeholder='Phone']
19:41:38.677  INFO  manager.ListenerWD - Location of element(201, 279)
19:41:38.963  INFO  manager.ListenerWD - Before Find Element--->By.cssSelector: [placeholder='email']
19:41:38.988  INFO  manager.ListenerWD - After Find Element--->By.cssSelector: [placeholder='email']
19:41:39.001  INFO  manager.ListenerWD - Location of element(201, 352)
19:41:39.279  INFO  manager.ListenerWD - Before Find Element--->By.cssSelector: [placeholder='Address']
19:41:39.305  INFO  manager.ListenerWD - After Find Element--->By.cssSelector: [placeholder='Address']
19:41:39.319  INFO  manager.ListenerWD - Location of element(201, 425)
19:41:39.574  INFO  manager.ListenerWD - Before Find Element--->By.cssSelector: [placeholder='description']
19:41:39.600  INFO  manager.ListenerWD - After Find Element--->By.cssSelector: [placeholder='description']
19:41:39.616  INFO  manager.ListenerWD - Location of element(201, 499)
19:41:39.878  INFO  manager.ListenerWD - Before Find Element--->By.cssSelector: .add_form__2rsm2>button
19:41:39.900  INFO  manager.ListenerWD - After Find Element--->By.cssSelector: .add_form__2rsm2>button
19:41:39.911  INFO  manager.ListenerWD - Location of element(204, 572)
19:41:40.010  INFO  manager.ListenerWD - Before Find Element--->By.cssSelector: .add_form__2rsm2>button
19:41:40.054  INFO  manager.ListenerWD - After Find Element--->By.cssSelector: .add_form__2rsm2>button
19:41:40.064  INFO  manager.ListenerWD - Location of element(204, 514)
19:41:40.106  INFO  manager.ListenerWD - Before Find ElementS--->By.cssSelector: a.active[href='/add']
19:41:40.131  INFO  manager.ListenerWD - After Find ElementS--->By.cssSelector: a.active[href='/add']
19:41:40.131  INFO  manager.ListenerWD - List of elements is--->1
19:41:40.145  INFO  manager.ListenerWD - Huston we have a problem!
19:41:40.146  INFO  manager.ListenerWD - Object target--->org.openqa.selenium.remote.RemoteWebDriver$RemoteTargetLocator@6fd9dbe6
19:41:40.146  INFO  manager.ListenerWD - *************
19:41:40.146  INFO  manager.ListenerWD - Method namealert
19:41:40.146  INFO  manager.ListenerWD - *************
19:41:40.146  INFO  manager.ListenerWD - *************
19:41:40.146  INFO  manager.ListenerWD - *************
19:41:40.146  INFO  manager.ListenerWD - InvocationTargetException & getTargetExceptionorg.openqa.selenium.NoAlertPresentException: no such alert
  (Session info: chrome=112.0.5615.138)
Build info: version: '4.7.0', revision: '0a5b49d16f'
System info: os.name: 'Windows 10', os.arch: 'amd64', os.version: '10.0', java.version: '11.0.18'
Driver info: org.openqa.selenium.chrome.ChromeDriver
Command: [b152b0f7295e118b9a5dc31a38c81c82, getAlertText {}]
Capabilities {acceptInsecureCerts: false, browserName: chrome, browserVersion: 112.0.5615.138, chrome: {chromedriverVersion: 112.0.5615.49 (bd2a7bcb881c..., userDataDir: C:\Users\ADAM-M~1\AppData\L...}, goog:chromeOptions: {debuggerAddress: localhost:56138}, networkConnectionEnabled: false, pageLoadStrategy: normal, platformName: WINDOWS, proxy: Proxy(), se:cdp: ws://localhost:56138/devtoo..., se:cdpVersion: 112.0.5615.138, setWindowRect: true, strictFileInteractability: false, timeouts: {implicit: 0, pageLoad: 300000, script: 30000}, unhandledPromptBehavior: dismiss and notify, webauthn:extension:credBlob: true, webauthn:extension:largeBlob: true, webauthn:extension:minPinLength: true, webauthn:extension:prf: true, webauthn:virtualAuthenticators: true}
Session ID: b152b0f7295e118b9a5dc31a38c81c82
19:41:40.146  INFO  manager.ListenerWD - *************
19:41:40.146  INFO  manager.ListenerWD - Screen with error is--->src/test/screenshots/screen_1939.png
19:41:40.685  INFO  tests.TestBase - Name of method-->addNewContactWrongPhone
19:41:40.688  INFO  tests.TestBase - Tests run with data: --->Contact(name=John, lastName=Wick, phone=wwwwwwwwwww, email=john@gmail.com, address=NY, description=The best John)
19:41:40.688  INFO  manager.ListenerWD - Before Find Element--->By.cssSelector: a[href='/add']
19:41:40.715  INFO  manager.ListenerWD - After Find Element--->By.cssSelector: a[href='/add']
19:41:40.729  INFO  manager.ListenerWD - Location of element(985, -57)
19:41:40.781  INFO  manager.ListenerWD - Before Find Element--->By.cssSelector: [placeholder='Name']
19:41:40.810  INFO  manager.ListenerWD - After Find Element--->By.cssSelector: [placeholder='Name']
19:41:40.823  INFO  manager.ListenerWD - Location of element(201, 132)
19:41:41.051  INFO  manager.ListenerWD - Before Find Element--->By.cssSelector: [placeholder='Last Name']
19:41:41.075  INFO  manager.ListenerWD - After Find Element--->By.cssSelector: [placeholder='Last Name']
19:41:41.086  INFO  manager.ListenerWD - Location of element(201, 205)
19:41:41.322  INFO  manager.ListenerWD - Before Find Element--->By.cssSelector: [placeholder='Phone']
19:41:41.348  INFO  manager.ListenerWD - After Find Element--->By.cssSelector: [placeholder='Phone']
19:41:41.360  INFO  manager.ListenerWD - Location of element(201, 279)
19:41:41.604  INFO  manager.ListenerWD - Before Find Element--->By.cssSelector: [placeholder='email']
19:41:41.630  INFO  manager.ListenerWD - After Find Element--->By.cssSelector: [placeholder='email']
19:41:41.648  INFO  manager.ListenerWD - Location of element(201, 352)
19:41:41.932  INFO  manager.ListenerWD - Before Find Element--->By.cssSelector: [placeholder='Address']
19:41:41.958  INFO  manager.ListenerWD - After Find Element--->By.cssSelector: [placeholder='Address']
19:41:41.973  INFO  manager.ListenerWD - Location of element(201, 425)
19:41:42.206  INFO  manager.ListenerWD - Before Find Element--->By.cssSelector: [placeholder='description']
19:41:42.239  INFO  manager.ListenerWD - After Find Element--->By.cssSelector: [placeholder='description']
19:41:42.254  INFO  manager.ListenerWD - Location of element(201, 499)
19:41:42.527  INFO  manager.ListenerWD - Before Find Element--->By.cssSelector: .add_form__2rsm2>button
19:41:42.556  INFO  manager.ListenerWD - After Find Element--->By.cssSelector: .add_form__2rsm2>button
19:41:42.572  INFO  manager.ListenerWD - Location of element(204, 572)
19:41:42.687  INFO  manager.ListenerWD - Before Find Element--->By.cssSelector: .add_form__2rsm2>button
19:41:42.725  INFO  manager.ListenerWD - After Find Element--->By.cssSelector: .add_form__2rsm2>button
19:41:42.737  INFO  manager.ListenerWD - Location of element(204, 514)
19:41:42.779  INFO  manager.ListenerWD - Before Find ElementS--->By.cssSelector: a.active[href='/add']
19:41:42.809  INFO  manager.ListenerWD - After Find ElementS--->By.cssSelector: a.active[href='/add']
19:41:42.809  INFO  manager.ListenerWD - List of elements is--->1
19:41:42.824  INFO  manager.ListenerWD - Huston we have a problem!
19:41:42.825  INFO  manager.ListenerWD - Object target--->org.openqa.selenium.remote.RemoteWebDriver$RemoteTargetLocator@6fa3def8
19:41:42.825  INFO  manager.ListenerWD - *************
19:41:42.825  INFO  manager.ListenerWD - Method namealert
19:41:42.825  INFO  manager.ListenerWD - *************
19:41:42.825  INFO  manager.ListenerWD - *************
19:41:42.825  INFO  manager.ListenerWD - *************
19:41:42.825  INFO  manager.ListenerWD - InvocationTargetException & getTargetExceptionorg.openqa.selenium.NoAlertPresentException: no such alert
  (Session info: chrome=112.0.5615.138)
Build info: version: '4.7.0', revision: '0a5b49d16f'
System info: os.name: 'Windows 10', os.arch: 'amd64', os.version: '10.0', java.version: '11.0.18'
Driver info: org.openqa.selenium.chrome.ChromeDriver
Command: [b152b0f7295e118b9a5dc31a38c81c82, getAlertText {}]
Capabilities {acceptInsecureCerts: false, browserName: chrome, browserVersion: 112.0.5615.138, chrome: {chromedriverVersion: 112.0.5615.49 (bd2a7bcb881c..., userDataDir: C:\Users\ADAM-M~1\AppData\L...}, goog:chromeOptions: {debuggerAddress: localhost:56138}, networkConnectionEnabled: false, pageLoadStrategy: normal, platformName: WINDOWS, proxy: Proxy(), se:cdp: ws://localhost:56138/devtoo..., se:cdpVersion: 112.0.5615.138, setWindowRect: true, strictFileInteractability: false, timeouts: {implicit: 0, pageLoad: 300000, script: 30000}, unhandledPromptBehavior: dismiss and notify, webauthn:extension:credBlob: true, webauthn:extension:largeBlob: true, webauthn:extension:minPinLength: true, webauthn:extension:prf: true, webauthn:virtualAuthenticators: true}
Session ID: b152b0f7295e118b9a5dc31a38c81c82
19:41:42.826  INFO  manager.ListenerWD - *************
19:41:42.826  INFO  manager.ListenerWD - Screen with error is--->src/test/screenshots/screen_1377.png
19:41:43.397  INFO  tests.TestBase - Name of method-->addNewContactWrongPhone
19:41:43.398  INFO  tests.TestBase - Tests run with data: --->Contact(name=John, lastName=Wick, phone=, email=john@gmail.com, address=NY, description=The best John)
19:41:43.398  INFO  manager.ListenerWD - Before Find Element--->By.cssSelector: a[href='/add']
19:41:43.426  INFO  manager.ListenerWD - After Find Element--->By.cssSelector: a[href='/add']
19:41:43.442  INFO  manager.ListenerWD - Location of element(985, -57)
19:41:43.486  INFO  manager.ListenerWD - Before Find Element--->By.cssSelector: [placeholder='Name']
19:41:43.513  INFO  manager.ListenerWD - After Find Element--->By.cssSelector: [placeholder='Name']
19:41:43.528  INFO  manager.ListenerWD - Location of element(201, 132)
19:41:43.775  INFO  manager.ListenerWD - Before Find Element--->By.cssSelector: [placeholder='Last Name']
19:41:43.799  INFO  manager.ListenerWD - After Find Element--->By.cssSelector: [placeholder='Last Name']
19:41:43.811  INFO  manager.ListenerWD - Location of element(201, 205)
19:41:44.061  INFO  manager.ListenerWD - Before Find Element--->By.cssSelector: [placeholder='Phone']
19:41:44.084  INFO  manager.ListenerWD - After Find Element--->By.cssSelector: [placeholder='Phone']
19:41:44.099  INFO  manager.ListenerWD - Location of element(201, 279)
19:41:44.330  INFO  manager.ListenerWD - Before Find Element--->By.cssSelector: [placeholder='email']
19:41:44.356  INFO  manager.ListenerWD - After Find Element--->By.cssSelector: [placeholder='email']
19:41:44.367  INFO  manager.ListenerWD - Location of element(201, 352)
19:41:44.621  INFO  manager.ListenerWD - Before Find Element--->By.cssSelector: [placeholder='Address']
19:41:44.646  INFO  manager.ListenerWD - After Find Element--->By.cssSelector: [placeholder='Address']
19:41:44.663  INFO  manager.ListenerWD - Location of element(201, 425)
19:41:44.938  INFO  manager.ListenerWD - Before Find Element--->By.cssSelector: [placeholder='description']
19:41:44.967  INFO  manager.ListenerWD - After Find Element--->By.cssSelector: [placeholder='description']
19:41:44.979  INFO  manager.ListenerWD - Location of element(201, 499)
19:41:45.252  INFO  manager.ListenerWD - Before Find Element--->By.cssSelector: .add_form__2rsm2>button
19:41:45.274  INFO  manager.ListenerWD - After Find Element--->By.cssSelector: .add_form__2rsm2>button
19:41:45.287  INFO  manager.ListenerWD - Location of element(204, 572)
19:41:45.420  INFO  manager.ListenerWD - Before Find Element--->By.cssSelector: .add_form__2rsm2>button
19:41:45.445  INFO  manager.ListenerWD - After Find Element--->By.cssSelector: .add_form__2rsm2>button
19:41:45.457  INFO  manager.ListenerWD - Location of element(204, 514)
19:41:45.497  INFO  manager.ListenerWD - Before Find ElementS--->By.cssSelector: a.active[href='/add']
19:41:45.526  INFO  manager.ListenerWD - After Find ElementS--->By.cssSelector: a.active[href='/add']
19:41:45.526  INFO  manager.ListenerWD - List of elements is--->1
19:41:45.539  INFO  manager.ListenerWD - Huston we have a problem!
19:41:45.540  INFO  manager.ListenerWD - Object target--->org.openqa.selenium.remote.RemoteWebDriver$RemoteTargetLocator@300aa927
19:41:45.540  INFO  manager.ListenerWD - *************
19:41:45.540  INFO  manager.ListenerWD - Method namealert
19:41:45.540  INFO  manager.ListenerWD - *************
19:41:45.540  INFO  manager.ListenerWD - *************
19:41:45.540  INFO  manager.ListenerWD - *************
19:41:45.540  INFO  manager.ListenerWD - InvocationTargetException & getTargetExceptionorg.openqa.selenium.NoAlertPresentException: no such alert
  (Session info: chrome=112.0.5615.138)
Build info: version: '4.7.0', revision: '0a5b49d16f'
System info: os.name: 'Windows 10', os.arch: 'amd64', os.version: '10.0', java.version: '11.0.18'
Driver info: org.openqa.selenium.chrome.ChromeDriver
Command: [b152b0f7295e118b9a5dc31a38c81c82, getAlertText {}]
Capabilities {acceptInsecureCerts: false, browserName: chrome, browserVersion: 112.0.5615.138, chrome: {chromedriverVersion: 112.0.5615.49 (bd2a7bcb881c..., userDataDir: C:\Users\ADAM-M~1\AppData\L...}, goog:chromeOptions: {debuggerAddress: localhost:56138}, networkConnectionEnabled: false, pageLoadStrategy: normal, platformName: WINDOWS, proxy: Proxy(), se:cdp: ws://localhost:56138/devtoo..., se:cdpVersion: 112.0.5615.138, setWindowRect: true, strictFileInteractability: false, timeouts: {implicit: 0, pageLoad: 300000, script: 30000}, unhandledPromptBehavior: dismiss and notify, webauthn:extension:credBlob: true, webauthn:extension:largeBlob: true, webauthn:extension:minPinLength: true, webauthn:extension:prf: true, webauthn:virtualAuthenticators: true}
Session ID: b152b0f7295e118b9a5dc31a38c81c82
19:41:45.540  INFO  manager.ListenerWD - *************
19:41:45.540  INFO  manager.ListenerWD - Screen with error is--->src/test/screenshots/screen_1055.png
