20:43:21.271  INFO  manager.ApplicationManager - All tests run in Chrome Browser
20:43:23.568  INFO  manager.ApplicationManager - The link--->https://telranedu.web.app/home
20:43:23.642  INFO  tests.TestBase - Name of method-->registrationExistsUser
20:43:24.656  INFO  manager.ListenerWD - Before Find ElementS--->By.xpath: //button[text()='Sign Out']
20:43:29.696  INFO  manager.ListenerWD - After Find ElementS--->By.xpath: //button[text()='Sign Out']
20:43:29.702  INFO  manager.ListenerWD - List of elements is--->0
20:43:29.704  INFO  tests.TestBase - Start test with name 'Registration of Exist User'
20:43:29.742  INFO  tests.TestBase - Tests run with data:--->User{email='inna_83@gmail.com', password='Aa13579$'}
20:43:29.743  INFO  manager.ListenerWD - Before Find Element--->By.cssSelector: a[href='/login']
20:43:29.799  INFO  manager.ListenerWD - After Find Element--->By.cssSelector: a[href='/login']
20:43:29.820  INFO  manager.ListenerWD - Location of element(1169, 34)
20:43:29.912  INFO  manager.ListenerWD - Before Find Element--->By.name: email
20:43:29.968  INFO  manager.ListenerWD - After Find Element--->By.name: email
20:43:29.991  INFO  manager.ListenerWD - Location of element(431, 250)
20:43:30.318  INFO  manager.ListenerWD - Before Find Element--->By.name: password
20:43:30.364  INFO  manager.ListenerWD - After Find Element--->By.name: password
20:43:30.381  INFO  manager.ListenerWD - Location of element(431, 320)
20:43:31.636  INFO  manager.ListenerWD - Before Find Element--->By.xpath: //button[text()='Registration']
20:43:31.688  INFO  manager.ListenerWD - After Find Element--->By.xpath: //button[text()='Registration']
20:43:31.714  INFO  manager.ListenerWD - Location of element(681, 390)
20:43:31.825  INFO  manager.ListenerWD - Huston we have a problem!
20:43:31.826  INFO  manager.ListenerWD - Object target--->org.openqa.selenium.remote.RemoteWebDriver$RemoteTargetLocator@25a7fedf
20:43:31.826  INFO  manager.ListenerWD - *************
20:43:31.827  INFO  manager.ListenerWD - Method namealert
20:43:31.827  INFO  manager.ListenerWD - *************
20:43:31.827  INFO  manager.ListenerWD - *************
20:43:31.828  INFO  manager.ListenerWD - *************
20:43:31.830  INFO  manager.ListenerWD - InvocationTargetException & getTargetExceptionorg.openqa.selenium.NoAlertPresentException: no such alert
  (Session info: chrome=112.0.5615.138)
Build info: version: '4.7.0', revision: '0a5b49d16f'
System info: os.name: 'Windows 10', os.arch: 'amd64', os.version: '10.0', java.version: '11.0.18'
Driver info: org.openqa.selenium.chrome.ChromeDriver
Command: [d02a168c79cc28e5fe0466d934f1dd3a, getAlertText {}]
Capabilities {acceptInsecureCerts: false, browserName: chrome, browserVersion: 112.0.5615.138, chrome: {chromedriverVersion: 112.0.5615.49 (bd2a7bcb881c..., userDataDir: C:\Users\ADAM-M~1\AppData\L...}, goog:chromeOptions: {debuggerAddress: localhost:57213}, networkConnectionEnabled: false, pageLoadStrategy: normal, platformName: WINDOWS, proxy: Proxy(), se:cdp: ws://localhost:57213/devtoo..., se:cdpVersion: 112.0.5615.138, setWindowRect: true, strictFileInteractability: false, timeouts: {implicit: 0, pageLoad: 300000, script: 30000}, unhandledPromptBehavior: dismiss and notify, webauthn:extension:credBlob: true, webauthn:extension:largeBlob: true, webauthn:extension:minPinLength: true, webauthn:extension:prf: true, webauthn:virtualAuthenticators: true}
Session ID: d02a168c79cc28e5fe0466d934f1dd3a
20:43:31.831  INFO  manager.ListenerWD - *************
20:43:31.837  INFO  manager.ListenerWD - Screen with error is--->src/test/screenshots/screen_1260.png
20:43:32.375  INFO  manager.ListenerWD - Huston we have a problem!
20:43:32.375  INFO  manager.ListenerWD - Object target--->org.openqa.selenium.remote.RemoteWebDriver$RemoteTargetLocator@7e62cfa3
20:43:32.376  INFO  manager.ListenerWD - *************
20:43:32.376  INFO  manager.ListenerWD - Method namealert
20:43:32.376  INFO  manager.ListenerWD - *************
20:43:32.376  INFO  manager.ListenerWD - *************
20:43:32.377  INFO  manager.ListenerWD - *************
20:43:32.377  INFO  manager.ListenerWD - InvocationTargetException & getTargetExceptionorg.openqa.selenium.NoAlertPresentException: no such alert
  (Session info: chrome=112.0.5615.138)
Build info: version: '4.7.0', revision: '0a5b49d16f'
System info: os.name: 'Windows 10', os.arch: 'amd64', os.version: '10.0', java.version: '11.0.18'
Driver info: org.openqa.selenium.chrome.ChromeDriver
Command: [d02a168c79cc28e5fe0466d934f1dd3a, getAlertText {}]
Capabilities {acceptInsecureCerts: false, browserName: chrome, browserVersion: 112.0.5615.138, chrome: {chromedriverVersion: 112.0.5615.49 (bd2a7bcb881c..., userDataDir: C:\Users\ADAM-M~1\AppData\L...}, goog:chromeOptions: {debuggerAddress: localhost:57213}, networkConnectionEnabled: false, pageLoadStrategy: normal, platformName: WINDOWS, proxy: Proxy(), se:cdp: ws://localhost:57213/devtoo..., se:cdpVersion: 112.0.5615.138, setWindowRect: true, strictFileInteractability: false, timeouts: {implicit: 0, pageLoad: 300000, script: 30000}, unhandledPromptBehavior: dismiss and notify, webauthn:extension:credBlob: true, webauthn:extension:largeBlob: true, webauthn:extension:minPinLength: true, webauthn:extension:prf: true, webauthn:virtualAuthenticators: true}
Session ID: d02a168c79cc28e5fe0466d934f1dd3a
20:43:32.378  INFO  manager.ListenerWD - *************
20:43:32.379  INFO  manager.ListenerWD - Screen with error is--->src/test/screenshots/screen_1160.png
20:43:32.954  INFO  tests.TestBase - User already exist'
20:43:32.965  INFO  tests.TestBase - Name of method-->registrationSuccess
20:43:33.982  INFO  manager.ListenerWD - Before Find ElementS--->By.xpath: //button[text()='Sign Out']
20:43:39.041  INFO  manager.ListenerWD - After Find ElementS--->By.xpath: //button[text()='Sign Out']
20:43:39.041  INFO  manager.ListenerWD - List of elements is--->0
20:43:39.043  INFO  tests.TestBase - Start test with name 'RegistrationSuccess'
20:43:39.045  INFO  tests.TestBase - Tests run with data:--->User{email='ela1948@gmail.com', password='El12345$'}
20:43:39.045  INFO  manager.ListenerWD - Before Find Element--->By.cssSelector: a[href='/login']
20:43:39.075  INFO  manager.ListenerWD - After Find Element--->By.cssSelector: a[href='/login']
20:43:39.089  INFO  manager.ListenerWD - Location of element(1151, 33)
20:43:39.135  INFO  manager.ListenerWD - Before Find Element--->By.name: email
20:43:39.174  INFO  manager.ListenerWD - After Find Element--->By.name: email
20:43:39.193  INFO  manager.ListenerWD - Location of element(431, 281)
20:43:39.546  INFO  manager.ListenerWD - Before Find Element--->By.name: password
20:43:39.587  INFO  manager.ListenerWD - After Find Element--->By.name: password
20:43:39.607  INFO  manager.ListenerWD - Location of element(431, 351)
20:43:40.938  INFO  manager.ListenerWD - Before Find Element--->By.xpath: //button[text()='Registration']
20:43:40.979  INFO  manager.ListenerWD - After Find Element--->By.xpath: //button[text()='Registration']
20:43:40.997  INFO  manager.ListenerWD - Location of element(681, 421)
20:43:42.059  INFO  manager.ListenerWD - Before Find ElementS--->By.xpath: //button[text()='Sign Out']
20:43:42.094  INFO  manager.ListenerWD - After Find ElementS--->By.xpath: //button[text()='Sign Out']
20:43:42.095  INFO  manager.ListenerWD - List of elements is--->1
20:43:42.095  INFO  manager.ListenerWD - Before Find Element--->By.cssSelector: .contact-page_message__2qafk>h1
20:43:42.137  INFO  manager.ListenerWD - After Find Element--->By.cssSelector: .contact-page_message__2qafk>h1
20:43:42.151  INFO  manager.ListenerWD - Location of element(505, 271)
20:43:42.178  INFO  manager.ListenerWD - Before Find Element--->By.cssSelector: .contact-page_message__2qafk>h1
20:43:42.210  INFO  manager.ListenerWD - After Find Element--->By.cssSelector: .contact-page_message__2qafk>h1
20:43:42.229  INFO  manager.ListenerWD - Location of element(505, 271)
20:43:42.267  INFO  manager.ListenerWD - Before Find Element--->By.cssSelector: .contact-page_message__2qafk>h1
20:43:42.299  INFO  manager.ListenerWD - After Find Element--->By.cssSelector: .contact-page_message__2qafk>h1
20:43:42.312  INFO  manager.ListenerWD - Location of element(505, 271)
20:43:42.328  INFO  tests.TestBase - Assert check is Element button 'Sign out' present
20:43:42.328  INFO  tests.TestBase - Assert check is massage 'No Contacts here!' present
20:43:42.330  INFO  tests.TestBase - Name of method-->registrationWrongEmail
20:43:43.333  INFO  manager.ListenerWD - Before Find ElementS--->By.xpath: //button[text()='Sign Out']
20:43:43.365  INFO  manager.ListenerWD - After Find ElementS--->By.xpath: //button[text()='Sign Out']
20:43:43.365  INFO  manager.ListenerWD - List of elements is--->1
20:43:43.366  INFO  manager.ListenerWD - Before Find Element--->By.xpath: //button[text()='Sign Out']
20:43:43.396  INFO  manager.ListenerWD - After Find Element--->By.xpath: //button[text()='Sign Out']
20:43:43.416  INFO  manager.ListenerWD - Location of element(1173, 39)
20:43:43.484  INFO  tests.TestBase - Before method finish logout
20:43:43.487  INFO  tests.TestBase - Start test with name 'Registration with wrong Email'
20:43:43.489  INFO  tests.TestBase - Tests run with data:--->User{email='dongmail.com', password='Don12345$'}
20:43:43.489  INFO  manager.ListenerWD - Before Find Element--->By.cssSelector: a[href='/login']
20:43:43.526  INFO  manager.ListenerWD - After Find Element--->By.cssSelector: a[href='/login']
20:43:43.546  INFO  manager.ListenerWD - Location of element(1151, 33)
20:43:43.611  INFO  manager.ListenerWD - Before Find Element--->By.name: email
20:43:43.645  INFO  manager.ListenerWD - After Find Element--->By.name: email
20:43:43.668  INFO  manager.ListenerWD - Location of element(431, 250)
20:43:44.011  INFO  manager.ListenerWD - Before Find Element--->By.name: password
20:43:44.042  INFO  manager.ListenerWD - After Find Element--->By.name: password
20:43:44.066  INFO  manager.ListenerWD - Location of element(431, 320)
20:43:45.388  INFO  manager.ListenerWD - Before Find Element--->By.xpath: //button[text()='Registration']
20:43:45.423  INFO  manager.ListenerWD - After Find Element--->By.xpath: //button[text()='Registration']
20:43:45.444  INFO  manager.ListenerWD - Location of element(681, 390)
20:43:45.526  INFO  manager.ListenerWD - Huston we have a problem!
20:43:45.526  INFO  manager.ListenerWD - Object target--->org.openqa.selenium.remote.RemoteWebDriver$RemoteTargetLocator@3fbe503c
20:43:45.527  INFO  manager.ListenerWD - *************
20:43:45.527  INFO  manager.ListenerWD - Method namealert
20:43:45.527  INFO  manager.ListenerWD - *************
20:43:45.527  INFO  manager.ListenerWD - *************
20:43:45.527  INFO  manager.ListenerWD - *************
20:43:45.528  INFO  manager.ListenerWD - InvocationTargetException & getTargetExceptionorg.openqa.selenium.NoAlertPresentException: no such alert
  (Session info: chrome=112.0.5615.138)
Build info: version: '4.7.0', revision: '0a5b49d16f'
System info: os.name: 'Windows 10', os.arch: 'amd64', os.version: '10.0', java.version: '11.0.18'
Driver info: org.openqa.selenium.chrome.ChromeDriver
Command: [d02a168c79cc28e5fe0466d934f1dd3a, getAlertText {}]
Capabilities {acceptInsecureCerts: false, browserName: chrome, browserVersion: 112.0.5615.138, chrome: {chromedriverVersion: 112.0.5615.49 (bd2a7bcb881c..., userDataDir: C:\Users\ADAM-M~1\AppData\L...}, goog:chromeOptions: {debuggerAddress: localhost:57213}, networkConnectionEnabled: false, pageLoadStrategy: normal, platformName: WINDOWS, proxy: Proxy(), se:cdp: ws://localhost:57213/devtoo..., se:cdpVersion: 112.0.5615.138, setWindowRect: true, strictFileInteractability: false, timeouts: {implicit: 0, pageLoad: 300000, script: 30000}, unhandledPromptBehavior: dismiss and notify, webauthn:extension:credBlob: true, webauthn:extension:largeBlob: true, webauthn:extension:minPinLength: true, webauthn:extension:prf: true, webauthn:virtualAuthenticators: true}
Session ID: d02a168c79cc28e5fe0466d934f1dd3a
20:43:45.529  INFO  manager.ListenerWD - *************
20:43:45.529  INFO  manager.ListenerWD - Screen with error is--->src/test/screenshots/screen_1873.png
20:43:46.077  INFO  tests.TestBase - Assert check is massage 'Wrong email or password format'
20:43:46.080  INFO  tests.TestBase - Name of method-->registrationWrongPassword
20:43:47.084  INFO  manager.ListenerWD - Before Find ElementS--->By.xpath: //button[text()='Sign Out']
20:43:52.135  INFO  manager.ListenerWD - After Find ElementS--->By.xpath: //button[text()='Sign Out']
20:43:52.137  INFO  manager.ListenerWD - List of elements is--->0
20:43:52.138  INFO  tests.TestBase - Start test with name 'Registration with wrong Password'
20:43:52.139  INFO  tests.TestBase - Tests run with data:--->User{email='don@gmail.com', password='Don12'}
20:43:52.140  INFO  manager.ListenerWD - Before Find Element--->By.cssSelector: a[href='/login']
20:43:52.169  INFO  manager.ListenerWD - After Find Element--->By.cssSelector: a[href='/login']
20:43:52.184  INFO  manager.ListenerWD - Location of element(1151, 33)
20:43:52.229  INFO  manager.ListenerWD - Before Find Element--->By.name: email
20:43:52.263  INFO  manager.ListenerWD - After Find Element--->By.name: email
20:43:52.283  INFO  manager.ListenerWD - Location of element(431, 281)
20:43:52.619  INFO  manager.ListenerWD - Before Find Element--->By.name: password
20:43:52.648  INFO  manager.ListenerWD - After Find Element--->By.name: password
20:43:52.667  INFO  manager.ListenerWD - Location of element(431, 351)
20:43:53.975  INFO  manager.ListenerWD - Before Find Element--->By.xpath: //button[text()='Registration']
20:43:54.004  INFO  manager.ListenerWD - After Find Element--->By.xpath: //button[text()='Registration']
20:43:54.021  INFO  manager.ListenerWD - Location of element(681, 421)
20:43:54.101  INFO  manager.ListenerWD - Huston we have a problem!
20:43:54.101  INFO  manager.ListenerWD - Object target--->org.openqa.selenium.remote.RemoteWebDriver$RemoteTargetLocator@1f66d8e1
20:43:54.101  INFO  manager.ListenerWD - *************
20:43:54.102  INFO  manager.ListenerWD - Method namealert
20:43:54.102  INFO  manager.ListenerWD - *************
20:43:54.103  INFO  manager.ListenerWD - *************
20:43:54.103  INFO  manager.ListenerWD - *************
20:43:54.103  INFO  manager.ListenerWD - InvocationTargetException & getTargetExceptionorg.openqa.selenium.NoAlertPresentException: no such alert
  (Session info: chrome=112.0.5615.138)
Build info: version: '4.7.0', revision: '0a5b49d16f'
System info: os.name: 'Windows 10', os.arch: 'amd64', os.version: '10.0', java.version: '11.0.18'
Driver info: org.openqa.selenium.chrome.ChromeDriver
Command: [d02a168c79cc28e5fe0466d934f1dd3a, getAlertText {}]
Capabilities {acceptInsecureCerts: false, browserName: chrome, browserVersion: 112.0.5615.138, chrome: {chromedriverVersion: 112.0.5615.49 (bd2a7bcb881c..., userDataDir: C:\Users\ADAM-M~1\AppData\L...}, goog:chromeOptions: {debuggerAddress: localhost:57213}, networkConnectionEnabled: false, pageLoadStrategy: normal, platformName: WINDOWS, proxy: Proxy(), se:cdp: ws://localhost:57213/devtoo..., se:cdpVersion: 112.0.5615.138, setWindowRect: true, strictFileInteractability: false, timeouts: {implicit: 0, pageLoad: 300000, script: 30000}, unhandledPromptBehavior: dismiss and notify, webauthn:extension:credBlob: true, webauthn:extension:largeBlob: true, webauthn:extension:minPinLength: true, webauthn:extension:prf: true, webauthn:virtualAuthenticators: true}
Session ID: d02a168c79cc28e5fe0466d934f1dd3a
20:43:54.104  INFO  manager.ListenerWD - *************
20:43:54.104  INFO  manager.ListenerWD - Screen with error is--->src/test/screenshots/screen_1133.png
20:43:54.652  INFO  tests.TestBase - Assert check is massage 'Wrong email or password format'
