19:50:40.885  INFO  manager.ApplicationManager - All tests run in Chrome Browser
19:50:43.944  INFO  manager.ApplicationManager - The link--->https://telranedu.web.app/home
19:50:44.010  INFO  tests.TestBase - Name of method-->removeAllContacts
19:50:45.023  INFO  manager.ListenerWD - Before Find ElementS--->By.xpath: //button[text()='Sign Out']
19:50:50.090  INFO  manager.ListenerWD - After Find ElementS--->By.xpath: //button[text()='Sign Out']
19:50:50.096  INFO  manager.ListenerWD - List of elements is--->0
19:50:50.099  INFO  manager.ListenerWD - Before Find Element--->By.cssSelector: a[href='/login']
19:50:50.172  INFO  manager.ListenerWD - After Find Element--->By.cssSelector: a[href='/login']
19:50:50.192  INFO  manager.ListenerWD - Location of element(1169, 34)
19:50:50.283  INFO  manager.ListenerWD - Before Find Element--->By.name: email
19:50:50.340  INFO  manager.ListenerWD - After Find Element--->By.name: email
19:50:50.361  INFO  manager.ListenerWD - Location of element(431, 250)
19:50:50.670  INFO  manager.ListenerWD - Before Find Element--->By.name: password
19:50:50.711  INFO  manager.ListenerWD - After Find Element--->By.name: password
19:50:50.726  INFO  manager.ListenerWD - Location of element(431, 320)
19:50:50.993  INFO  manager.ListenerWD - Before Find Element--->By.xpath: //button[text()='Login']
19:50:51.038  INFO  manager.ListenerWD - After Find Element--->By.xpath: //button[text()='Login']
19:50:51.058  INFO  manager.ListenerWD - Location of element(431, 390)
19:50:51.118  INFO  tests.TestBase - Before method finish logout
19:50:51.120  INFO  manager.ListenerWD - Before Find ElementS--->By.cssSelector: .contact-item_card__2SOIM
19:50:56.176  INFO  manager.ListenerWD - After Find ElementS--->By.cssSelector: .contact-item_card__2SOIM
19:50:56.178  INFO  manager.ListenerWD - List of elements is--->0
19:50:56.188  INFO  manager.ListenerWD - Before Find Element--->By.cssSelector: a[href='/add']
19:50:56.237  INFO  manager.ListenerWD - After Find Element--->By.cssSelector: a[href='/add']
19:50:56.257  INFO  manager.ListenerWD - Location of element(1000, 34)
19:50:56.348  INFO  manager.ListenerWD - Before Find Element--->By.cssSelector: [placeholder='Name']
19:50:56.404  INFO  manager.ListenerWD - After Find Element--->By.cssSelector: [placeholder='Name']
19:50:56.421  INFO  manager.ListenerWD - Location of element(201, 165)
19:50:56.735  INFO  manager.ListenerWD - Before Find Element--->By.cssSelector: [placeholder='Last Name']
19:50:56.781  INFO  manager.ListenerWD - After Find Element--->By.cssSelector: [placeholder='Last Name']
19:50:56.796  INFO  manager.ListenerWD - Location of element(201, 238)
19:50:57.049  INFO  manager.ListenerWD - Before Find Element--->By.cssSelector: [placeholder='Phone']
19:50:57.095  INFO  manager.ListenerWD - After Find Element--->By.cssSelector: [placeholder='Phone']
19:50:57.113  INFO  manager.ListenerWD - Location of element(201, 311)
19:50:57.386  INFO  manager.ListenerWD - Before Find Element--->By.cssSelector: [placeholder='email']
19:50:57.427  INFO  manager.ListenerWD - After Find Element--->By.cssSelector: [placeholder='email']
19:50:57.443  INFO  manager.ListenerWD - Location of element(201, 385)
19:50:57.710  INFO  manager.ListenerWD - Before Find Element--->By.cssSelector: [placeholder='Address']
19:50:57.753  INFO  manager.ListenerWD - After Find Element--->By.cssSelector: [placeholder='Address']
19:50:57.770  INFO  manager.ListenerWD - Location of element(201, 458)
19:50:58.016  INFO  manager.ListenerWD - Before Find Element--->By.cssSelector: [placeholder='description']
19:50:58.056  INFO  manager.ListenerWD - After Find Element--->By.cssSelector: [placeholder='description']
19:50:58.073  INFO  manager.ListenerWD - Location of element(201, 531)
19:50:58.318  INFO  manager.ListenerWD - Before Find Element--->By.cssSelector: .add_form__2rsm2>button
19:50:58.358  INFO  manager.ListenerWD - After Find Element--->By.cssSelector: .add_form__2rsm2>button
19:50:58.374  INFO  manager.ListenerWD - Location of element(204, 605)
19:50:58.583  INFO  manager.ListenerWD - Before Find Element--->By.cssSelector: .add_form__2rsm2>button
19:50:58.613  INFO  manager.ListenerWD - After Find Element--->By.cssSelector: .add_form__2rsm2>button
19:50:58.626  INFO  manager.ListenerWD - Location of element(204, 514)
19:50:59.189  INFO  manager.ListenerWD - Before Find Element--->By.cssSelector: a[href='/add']
19:50:59.218  INFO  manager.ListenerWD - After Find Element--->By.cssSelector: a[href='/add']
19:50:59.231  INFO  manager.ListenerWD - Location of element(986, -9)
19:50:59.296  INFO  manager.ListenerWD - Before Find Element--->By.cssSelector: [placeholder='Name']
19:50:59.334  INFO  manager.ListenerWD - After Find Element--->By.cssSelector: [placeholder='Name']
19:50:59.353  INFO  manager.ListenerWD - Location of element(201, 165)
19:50:59.621  INFO  manager.ListenerWD - Before Find Element--->By.cssSelector: [placeholder='Last Name']
19:50:59.652  INFO  manager.ListenerWD - After Find Element--->By.cssSelector: [placeholder='Last Name']
19:50:59.675  INFO  manager.ListenerWD - Location of element(201, 238)
19:50:59.947  INFO  manager.ListenerWD - Before Find Element--->By.cssSelector: [placeholder='Phone']
19:50:59.973  INFO  manager.ListenerWD - After Find Element--->By.cssSelector: [placeholder='Phone']
19:50:59.988  INFO  manager.ListenerWD - Location of element(201, 311)
19:51:00.253  INFO  manager.ListenerWD - Before Find Element--->By.cssSelector: [placeholder='email']
19:51:00.293  INFO  manager.ListenerWD - After Find Element--->By.cssSelector: [placeholder='email']
19:51:00.308  INFO  manager.ListenerWD - Location of element(201, 385)
19:51:00.548  INFO  manager.ListenerWD - Before Find Element--->By.cssSelector: [placeholder='Address']
19:51:00.576  INFO  manager.ListenerWD - After Find Element--->By.cssSelector: [placeholder='Address']
19:51:00.591  INFO  manager.ListenerWD - Location of element(201, 458)
19:51:00.864  INFO  manager.ListenerWD - Before Find Element--->By.cssSelector: [placeholder='description']
19:51:00.893  INFO  manager.ListenerWD - After Find Element--->By.cssSelector: [placeholder='description']
19:51:00.912  INFO  manager.ListenerWD - Location of element(201, 531)
19:51:01.185  INFO  manager.ListenerWD - Before Find Element--->By.cssSelector: .add_form__2rsm2>button
19:51:01.218  INFO  manager.ListenerWD - After Find Element--->By.cssSelector: .add_form__2rsm2>button
19:51:01.236  INFO  manager.ListenerWD - Location of element(204, 605)
19:51:01.357  INFO  manager.ListenerWD - Before Find Element--->By.cssSelector: .add_form__2rsm2>button
19:51:01.390  INFO  manager.ListenerWD - After Find Element--->By.cssSelector: .add_form__2rsm2>button
19:51:01.406  INFO  manager.ListenerWD - Location of element(204, 514)
19:51:01.966  INFO  manager.ListenerWD - Before Find Element--->By.cssSelector: a[href='/add']
19:51:02.000  INFO  manager.ListenerWD - After Find Element--->By.cssSelector: a[href='/add']
19:51:02.016  INFO  manager.ListenerWD - Location of element(1000, 34)
19:51:02.064  INFO  manager.ListenerWD - Before Find Element--->By.cssSelector: [placeholder='Name']
19:51:02.107  INFO  manager.ListenerWD - After Find Element--->By.cssSelector: [placeholder='Name']
19:51:02.126  INFO  manager.ListenerWD - Location of element(201, 165)
19:51:02.419  INFO  manager.ListenerWD - Before Find Element--->By.cssSelector: [placeholder='Last Name']
19:51:02.450  INFO  manager.ListenerWD - After Find Element--->By.cssSelector: [placeholder='Last Name']
19:51:02.469  INFO  manager.ListenerWD - Location of element(201, 238)
19:51:02.734  INFO  manager.ListenerWD - Before Find Element--->By.cssSelector: [placeholder='Phone']
19:51:02.765  INFO  manager.ListenerWD - After Find Element--->By.cssSelector: [placeholder='Phone']
19:51:02.783  INFO  manager.ListenerWD - Location of element(201, 311)
19:51:03.019  INFO  manager.ListenerWD - Before Find Element--->By.cssSelector: [placeholder='email']
19:51:03.046  INFO  manager.ListenerWD - After Find Element--->By.cssSelector: [placeholder='email']
19:51:03.062  INFO  manager.ListenerWD - Location of element(201, 385)
19:51:03.326  INFO  manager.ListenerWD - Before Find Element--->By.cssSelector: [placeholder='Address']
19:51:03.354  INFO  manager.ListenerWD - After Find Element--->By.cssSelector: [placeholder='Address']
19:51:03.372  INFO  manager.ListenerWD - Location of element(201, 458)
19:51:03.647  INFO  manager.ListenerWD - Before Find Element--->By.cssSelector: [placeholder='description']
19:51:03.679  INFO  manager.ListenerWD - After Find Element--->By.cssSelector: [placeholder='description']
19:51:03.700  INFO  manager.ListenerWD - Location of element(201, 531)
19:51:03.954  INFO  manager.ListenerWD - Before Find Element--->By.cssSelector: .add_form__2rsm2>button
19:51:03.984  INFO  manager.ListenerWD - After Find Element--->By.cssSelector: .add_form__2rsm2>button
19:51:04.004  INFO  manager.ListenerWD - Location of element(204, 605)
19:51:04.132  INFO  manager.ListenerWD - Before Find Element--->By.cssSelector: .add_form__2rsm2>button
19:51:04.161  INFO  manager.ListenerWD - After Find Element--->By.cssSelector: .add_form__2rsm2>button
19:51:04.179  INFO  manager.ListenerWD - Location of element(204, 514)
19:51:04.754  INFO  manager.ListenerWD - Before Find ElementS--->By.cssSelector: .contact-item_card__2SOIM
19:51:04.805  INFO  manager.ListenerWD - After Find ElementS--->By.cssSelector: .contact-item_card__2SOIM
19:51:04.805  INFO  manager.ListenerWD - List of elements is--->3
19:51:04.806  INFO  manager.ListenerWD - Before Find Element--->By.cssSelector: .contact-item_card__2SOIM
19:51:04.843  INFO  manager.ListenerWD - After Find Element--->By.cssSelector: .contact-item_card__2SOIM
19:51:04.859  INFO  manager.ListenerWD - Location of element(192, 150)
19:51:04.930  INFO  manager.ListenerWD - Before Find Element--->By.xpath: //button[text()='Remove']
19:51:04.969  INFO  manager.ListenerWD - After Find Element--->By.xpath: //button[text()='Remove']
19:51:04.984  INFO  manager.ListenerWD - Location of element(635, 371)
19:51:06.047  INFO  manager.ListenerWD - Before Find ElementS--->By.cssSelector: .contact-item_card__2SOIM
19:51:06.078  INFO  manager.ListenerWD - After Find ElementS--->By.cssSelector: .contact-item_card__2SOIM
19:51:06.079  INFO  manager.ListenerWD - List of elements is--->2
19:51:06.079  INFO  manager.ListenerWD - Before Find Element--->By.cssSelector: .contact-item_card__2SOIM
19:51:06.099  INFO  manager.ListenerWD - After Find Element--->By.cssSelector: .contact-item_card__2SOIM
19:51:06.112  INFO  manager.ListenerWD - Location of element(192, 150)
19:51:06.163  INFO  manager.ListenerWD - Before Find Element--->By.xpath: //button[text()='Remove']
19:51:06.195  INFO  manager.ListenerWD - After Find Element--->By.xpath: //button[text()='Remove']
19:51:06.210  INFO  manager.ListenerWD - Location of element(635, 371)
19:51:07.265  INFO  manager.ListenerWD - Before Find ElementS--->By.cssSelector: .contact-item_card__2SOIM
19:51:07.292  INFO  manager.ListenerWD - After Find ElementS--->By.cssSelector: .contact-item_card__2SOIM
19:51:07.292  INFO  manager.ListenerWD - List of elements is--->1
19:51:07.293  INFO  manager.ListenerWD - Before Find Element--->By.cssSelector: .contact-item_card__2SOIM
19:51:07.319  INFO  manager.ListenerWD - After Find Element--->By.cssSelector: .contact-item_card__2SOIM
19:51:07.331  INFO  manager.ListenerWD - Location of element(192, 150)
19:51:07.377  INFO  manager.ListenerWD - Before Find Element--->By.xpath: //button[text()='Remove']
19:51:07.406  INFO  manager.ListenerWD - After Find Element--->By.xpath: //button[text()='Remove']
19:51:07.422  INFO  manager.ListenerWD - Location of element(635, 371)
19:51:08.472  INFO  manager.ListenerWD - Before Find ElementS--->By.cssSelector: .contact-item_card__2SOIM
19:51:13.525  INFO  manager.ListenerWD - After Find ElementS--->By.cssSelector: .contact-item_card__2SOIM
19:51:13.525  INFO  manager.ListenerWD - List of elements is--->0
19:51:13.530  INFO  manager.ListenerWD - Before Find Element--->By.cssSelector: .contact-page_message__2qafk>h1
19:51:13.564  INFO  manager.ListenerWD - After Find Element--->By.cssSelector: .contact-page_message__2qafk>h1
19:51:13.579  INFO  manager.ListenerWD - Location of element(505, 271)
19:51:13.618  INFO  manager.ListenerWD - Before Find Element--->By.cssSelector: .contact-page_message__2qafk>h1
19:51:13.642  INFO  manager.ListenerWD - After Find Element--->By.cssSelector: .contact-page_message__2qafk>h1
19:51:13.655  INFO  manager.ListenerWD - Location of element(505, 271)
19:51:13.689  INFO  tests.TestBase - Name of method-->removeFirstContact
19:51:14.699  INFO  manager.ListenerWD - Before Find ElementS--->By.xpath: //button[text()='Sign Out']
19:51:14.726  INFO  manager.ListenerWD - After Find ElementS--->By.xpath: //button[text()='Sign Out']
19:51:14.727  INFO  manager.ListenerWD - List of elements is--->1
19:51:14.727  INFO  manager.ListenerWD - Before Find ElementS--->By.cssSelector: .contact-item_card__2SOIM
19:51:19.773  INFO  manager.ListenerWD - After Find ElementS--->By.cssSelector: .contact-item_card__2SOIM
19:51:19.773  INFO  manager.ListenerWD - List of elements is--->0
19:51:19.774  INFO  manager.ListenerWD - Before Find Element--->By.cssSelector: a[href='/add']
19:51:19.800  INFO  manager.ListenerWD - After Find Element--->By.cssSelector: a[href='/add']
19:51:19.813  INFO  manager.ListenerWD - Location of element(1000, 34)
19:51:19.864  INFO  manager.ListenerWD - Before Find Element--->By.cssSelector: [placeholder='Name']
19:51:19.900  INFO  manager.ListenerWD - After Find Element--->By.cssSelector: [placeholder='Name']
19:51:19.921  INFO  manager.ListenerWD - Location of element(201, 165)
19:51:20.189  INFO  manager.ListenerWD - Before Find Element--->By.cssSelector: [placeholder='Last Name']
19:51:20.219  INFO  manager.ListenerWD - After Find Element--->By.cssSelector: [placeholder='Last Name']
19:51:20.240  INFO  manager.ListenerWD - Location of element(201, 238)
19:51:20.506  INFO  manager.ListenerWD - Before Find Element--->By.cssSelector: [placeholder='Phone']
19:51:20.535  INFO  manager.ListenerWD - After Find Element--->By.cssSelector: [placeholder='Phone']
19:51:20.558  INFO  manager.ListenerWD - Location of element(201, 311)
19:51:20.845  INFO  manager.ListenerWD - Before Find Element--->By.cssSelector: [placeholder='email']
19:51:20.874  INFO  manager.ListenerWD - After Find Element--->By.cssSelector: [placeholder='email']
19:51:20.892  INFO  manager.ListenerWD - Location of element(201, 385)
19:51:21.197  INFO  manager.ListenerWD - Before Find Element--->By.cssSelector: [placeholder='Address']
19:51:21.226  INFO  manager.ListenerWD - After Find Element--->By.cssSelector: [placeholder='Address']
19:51:21.244  INFO  manager.ListenerWD - Location of element(201, 458)
19:51:21.513  INFO  manager.ListenerWD - Before Find Element--->By.cssSelector: [placeholder='description']
19:51:21.540  INFO  manager.ListenerWD - After Find Element--->By.cssSelector: [placeholder='description']
19:51:21.560  INFO  manager.ListenerWD - Location of element(201, 531)
19:51:21.810  INFO  manager.ListenerWD - Before Find Element--->By.cssSelector: .add_form__2rsm2>button
19:51:21.843  INFO  manager.ListenerWD - After Find Element--->By.cssSelector: .add_form__2rsm2>button
19:51:21.858  INFO  manager.ListenerWD - Location of element(204, 605)
19:51:21.987  INFO  manager.ListenerWD - Before Find Element--->By.cssSelector: .add_form__2rsm2>button
19:51:22.013  INFO  manager.ListenerWD - After Find Element--->By.cssSelector: .add_form__2rsm2>button
19:51:22.028  INFO  manager.ListenerWD - Location of element(204, 514)
19:51:22.589  INFO  manager.ListenerWD - Before Find Element--->By.cssSelector: a[href='/add']
19:51:22.611  INFO  manager.ListenerWD - After Find Element--->By.cssSelector: a[href='/add']
19:51:22.623  INFO  manager.ListenerWD - Location of element(1000, 34)
19:51:22.664  INFO  manager.ListenerWD - Before Find Element--->By.cssSelector: [placeholder='Name']
19:51:22.704  INFO  manager.ListenerWD - After Find Element--->By.cssSelector: [placeholder='Name']
19:51:22.723  INFO  manager.ListenerWD - Location of element(201, 165)
19:51:22.992  INFO  manager.ListenerWD - Before Find Element--->By.cssSelector: [placeholder='Last Name']
19:51:23.021  INFO  manager.ListenerWD - After Find Element--->By.cssSelector: [placeholder='Last Name']
19:51:23.038  INFO  manager.ListenerWD - Location of element(201, 238)
19:51:23.304  INFO  manager.ListenerWD - Before Find Element--->By.cssSelector: [placeholder='Phone']
19:51:23.331  INFO  manager.ListenerWD - After Find Element--->By.cssSelector: [placeholder='Phone']
19:51:23.345  INFO  manager.ListenerWD - Location of element(201, 311)
19:51:23.595  INFO  manager.ListenerWD - Before Find Element--->By.cssSelector: [placeholder='email']
19:51:23.624  INFO  manager.ListenerWD - After Find Element--->By.cssSelector: [placeholder='email']
19:51:23.641  INFO  manager.ListenerWD - Location of element(201, 385)
19:51:23.909  INFO  manager.ListenerWD - Before Find Element--->By.cssSelector: [placeholder='Address']
19:51:23.937  INFO  manager.ListenerWD - After Find Element--->By.cssSelector: [placeholder='Address']
19:51:23.955  INFO  manager.ListenerWD - Location of element(201, 458)
19:51:24.217  INFO  manager.ListenerWD - Before Find Element--->By.cssSelector: [placeholder='description']
19:51:24.244  INFO  manager.ListenerWD - After Find Element--->By.cssSelector: [placeholder='description']
19:51:24.265  INFO  manager.ListenerWD - Location of element(201, 531)
19:51:24.499  INFO  manager.ListenerWD - Before Find Element--->By.cssSelector: .add_form__2rsm2>button
19:51:24.524  INFO  manager.ListenerWD - After Find Element--->By.cssSelector: .add_form__2rsm2>button
19:51:24.541  INFO  manager.ListenerWD - Location of element(204, 605)
19:51:24.705  INFO  manager.ListenerWD - Before Find Element--->By.cssSelector: .add_form__2rsm2>button
19:51:24.741  INFO  manager.ListenerWD - After Find Element--->By.cssSelector: .add_form__2rsm2>button
19:51:24.758  INFO  manager.ListenerWD - Location of element(204, 514)
19:51:25.321  INFO  manager.ListenerWD - Before Find Element--->By.cssSelector: a[href='/add']
19:51:25.356  INFO  manager.ListenerWD - After Find Element--->By.cssSelector: a[href='/add']
19:51:25.372  INFO  manager.ListenerWD - Location of element(1000, 34)
19:51:25.416  INFO  manager.ListenerWD - Before Find Element--->By.cssSelector: [placeholder='Name']
19:51:25.451  INFO  manager.ListenerWD - After Find Element--->By.cssSelector: [placeholder='Name']
19:51:25.473  INFO  manager.ListenerWD - Location of element(201, 165)
19:51:25.756  INFO  manager.ListenerWD - Before Find Element--->By.cssSelector: [placeholder='Last Name']
19:51:25.784  INFO  manager.ListenerWD - After Find Element--->By.cssSelector: [placeholder='Last Name']
19:51:25.804  INFO  manager.ListenerWD - Location of element(201, 238)
19:51:26.060  INFO  manager.ListenerWD - Before Find Element--->By.cssSelector: [placeholder='Phone']
19:51:26.088  INFO  manager.ListenerWD - After Find Element--->By.cssSelector: [placeholder='Phone']
19:51:26.107  INFO  manager.ListenerWD - Location of element(201, 311)
19:51:26.381  INFO  manager.ListenerWD - Before Find Element--->By.cssSelector: [placeholder='email']
19:51:26.408  INFO  manager.ListenerWD - After Find Element--->By.cssSelector: [placeholder='email']
19:51:26.425  INFO  manager.ListenerWD - Location of element(201, 385)
19:51:26.698  INFO  manager.ListenerWD - Before Find Element--->By.cssSelector: [placeholder='Address']
19:51:26.727  INFO  manager.ListenerWD - After Find Element--->By.cssSelector: [placeholder='Address']
19:51:26.746  INFO  manager.ListenerWD - Location of element(201, 458)
19:51:27.001  INFO  manager.ListenerWD - Before Find Element--->By.cssSelector: [placeholder='description']
19:51:27.027  INFO  manager.ListenerWD - After Find Element--->By.cssSelector: [placeholder='description']
19:51:27.048  INFO  manager.ListenerWD - Location of element(201, 531)
19:51:27.301  INFO  manager.ListenerWD - Before Find Element--->By.cssSelector: .add_form__2rsm2>button
19:51:27.329  INFO  manager.ListenerWD - After Find Element--->By.cssSelector: .add_form__2rsm2>button
19:51:27.346  INFO  manager.ListenerWD - Location of element(204, 605)
19:51:27.448  INFO  manager.ListenerWD - Before Find Element--->By.cssSelector: .add_form__2rsm2>button
19:51:27.480  INFO  manager.ListenerWD - After Find Element--->By.cssSelector: .add_form__2rsm2>button
19:51:27.495  INFO  manager.ListenerWD - Location of element(204, 514)
19:51:28.062  INFO  manager.ListenerWD - Before Find ElementS--->By.cssSelector: .contact-item_card__2SOIM
19:51:28.096  INFO  manager.ListenerWD - After Find ElementS--->By.cssSelector: .contact-item_card__2SOIM
19:51:28.097  INFO  manager.ListenerWD - List of elements is--->3
19:51:28.097  INFO  manager.HelperBase - Number of Contacts  list before remove is--->3
19:51:28.098  INFO  manager.ListenerWD - Before Find Element--->By.cssSelector: .contact-item_card__2SOIM
19:51:28.118  INFO  manager.ListenerWD - After Find Element--->By.cssSelector: .contact-item_card__2SOIM
19:51:28.133  INFO  manager.ListenerWD - Location of element(192, 150)
19:51:28.195  INFO  manager.ListenerWD - Before Find Element--->By.xpath: //button[text()='Remove']
19:51:28.228  INFO  manager.ListenerWD - After Find Element--->By.xpath: //button[text()='Remove']
19:51:28.251  INFO  manager.ListenerWD - Location of element(635, 371)
19:51:29.322  INFO  manager.ListenerWD - Before Find ElementS--->By.cssSelector: .contact-item_card__2SOIM
19:51:29.352  INFO  manager.ListenerWD - After Find ElementS--->By.cssSelector: .contact-item_card__2SOIM
19:51:29.353  INFO  manager.ListenerWD - List of elements is--->2
19:51:29.353  INFO  manager.HelperBase - Number of Contacts  list after remove is--->2
