01:03:25.297  INFO  manager.ApplicationManager - All tests run in Chrome Browser
01:03:26.790  INFO  manager.ApplicationManager - The link--->https://telranedu.web.app/home
01:03:27.813  INFO  manager.ListenerWD - Before Find ElementS--->By.xpath: //button[text()='Sign Out']
01:03:32.838  INFO  manager.ListenerWD - After Find ElementS--->By.xpath: //button[text()='Sign Out']
01:03:32.844  INFO  manager.ListenerWD - List of elements is--->0
01:03:32.846  INFO  manager.ListenerWD - Before Find Element--->By.cssSelector: a[href='/login']
01:03:32.870  INFO  manager.ListenerWD - After Find Element--->By.cssSelector: a[href='/login']
01:03:32.900  INFO  manager.ListenerWD - Location of element(1169, 34)
01:03:32.941  INFO  manager.ListenerWD - Before Find Element--->By.name: email
01:03:32.963  INFO  manager.ListenerWD - After Find Element--->By.name: email
01:03:32.974  INFO  manager.ListenerWD - Location of element(431, 250)
01:03:33.117  INFO  manager.ListenerWD - Before Find Element--->By.name: password
01:03:33.136  INFO  manager.ListenerWD - After Find Element--->By.name: password
01:03:33.144  INFO  manager.ListenerWD - Location of element(431, 320)
01:03:33.242  INFO  manager.ListenerWD - Before Find Element--->By.xpath: //button[text()='Login']
01:03:33.260  INFO  manager.ListenerWD - After Find Element--->By.xpath: //button[text()='Login']
01:03:33.267  INFO  manager.ListenerWD - Location of element(431, 390)
01:03:33.297  INFO  tests.TestBase - Before method finish logout
01:03:33.309  INFO  tests.TestBase - Name of method-->addNewContactSuccess
01:03:33.334  INFO  tests.TestBase - Tests run with data:--->Contact(name=Kate1911, lastName=Ivanov, phone=748494941911, email=katya1911@mail.com, address=London,Trafalgar sq,5, description=null)
01:03:33.334  INFO  manager.ListenerWD - Before Find Element--->By.cssSelector: a[href='/add']
01:03:34.273  INFO  manager.ListenerWD - After Find Element--->By.cssSelector: a[href='/add']
01:03:34.282  INFO  manager.ListenerWD - Location of element(986, 34)
01:03:34.317  INFO  manager.ListenerWD - Before Find Element--->By.cssSelector: input[placeholder='Name']
01:03:34.337  INFO  manager.ListenerWD - After Find Element--->By.cssSelector: input[placeholder='Name']
01:03:34.347  INFO  manager.ListenerWD - Location of element(201, 165)
01:03:34.453  INFO  manager.ListenerWD - Before Find Element--->By.cssSelector: input[placeholder='Last Name']
01:03:34.469  INFO  manager.ListenerWD - After Find Element--->By.cssSelector: input[placeholder='Last Name']
01:03:34.478  INFO  manager.ListenerWD - Location of element(201, 238)
01:03:34.579  INFO  manager.ListenerWD - Before Find Element--->By.cssSelector: input[placeholder='Phone']
01:03:34.594  INFO  manager.ListenerWD - After Find Element--->By.cssSelector: input[placeholder='Phone']
01:03:34.602  INFO  manager.ListenerWD - Location of element(201, 311)
01:03:34.694  INFO  manager.ListenerWD - Before Find Element--->By.xpath: //input[@placeholder='email']
01:03:34.712  INFO  manager.ListenerWD - After Find Element--->By.xpath: //input[@placeholder='email']
01:03:34.720  INFO  manager.ListenerWD - Location of element(201, 385)
01:03:34.826  INFO  manager.ListenerWD - Before Find Element--->By.cssSelector: input[placeholder='Address']
01:03:34.842  INFO  manager.ListenerWD - After Find Element--->By.cssSelector: input[placeholder='Address']
01:03:34.849  INFO  manager.ListenerWD - Location of element(201, 458)
01:03:34.962  INFO  manager.ListenerWD - Before Find Element--->By.xpath: //input[@placeholder='description']
01:03:34.975  INFO  manager.ListenerWD - After Find Element--->By.xpath: //input[@placeholder='description']
01:03:34.983  INFO  manager.ListenerWD - Location of element(201, 531)
01:03:35.074  INFO  manager.ListenerWD - Before Find Element--->By.cssSelector: .add_form__2rsm2>button
01:03:35.091  INFO  manager.ListenerWD - After Find Element--->By.cssSelector: .add_form__2rsm2>button
01:03:35.101  INFO  manager.ListenerWD - Location of element(204, 605)
01:03:35.211  INFO  manager.ListenerWD - Before Find Element--->By.cssSelector: .add_form__2rsm2>button
01:03:35.238  INFO  manager.ListenerWD - After Find Element--->By.cssSelector: .add_form__2rsm2>button
01:03:35.249  INFO  manager.ListenerWD - Location of element(204, 514)
01:03:35.285  INFO  manager.ListenerWD - Before Find ElementS--->By.cssSelector: h2
01:03:35.876  INFO  manager.ListenerWD - After Find ElementS--->By.cssSelector: h2
01:03:35.876  INFO  manager.ListenerWD - List of elements is--->3
01:03:35.920  INFO  manager.ListenerWD - Before Find ElementS--->By.cssSelector: h3
01:03:35.962  INFO  manager.ListenerWD - After Find ElementS--->By.cssSelector: h3
01:03:35.962  INFO  manager.ListenerWD - List of elements is--->3
01:03:36.005  INFO  tests.TestBase - Name of method-->addNewContactSuccessAll
01:03:36.006  INFO  tests.TestBase - Start test with name 'Add new contact Success all'
01:03:36.007  INFO  tests.TestBase - Tests run with data:--->Contact(name=Kate, lastName=Ivanov, phone=787484941077, email=katya1077@mail.com, address=London,Trafalgar sq,5, description=all fields)
01:03:36.008  INFO  manager.ListenerWD - Before Find Element--->By.cssSelector: a[href='/add']
01:03:36.027  INFO  manager.ListenerWD - After Find Element--->By.cssSelector: a[href='/add']
01:03:36.037  INFO  manager.ListenerWD - Location of element(1000, 34)
01:03:36.067  INFO  manager.ListenerWD - Before Find Element--->By.cssSelector: input[placeholder='Name']
01:03:36.088  INFO  manager.ListenerWD - After Find Element--->By.cssSelector: input[placeholder='Name']
01:03:36.097  INFO  manager.ListenerWD - Location of element(201, 165)
01:03:36.199  INFO  manager.ListenerWD - Before Find Element--->By.cssSelector: input[placeholder='Last Name']
01:03:36.212  INFO  manager.ListenerWD - After Find Element--->By.cssSelector: input[placeholder='Last Name']
01:03:36.222  INFO  manager.ListenerWD - Location of element(201, 238)
01:03:36.321  INFO  manager.ListenerWD - Before Find Element--->By.cssSelector: input[placeholder='Phone']
01:03:36.330  INFO  manager.ListenerWD - After Find Element--->By.cssSelector: input[placeholder='Phone']
01:03:36.337  INFO  manager.ListenerWD - Location of element(201, 311)
01:03:36.440  INFO  manager.ListenerWD - Before Find Element--->By.xpath: //input[@placeholder='email']
01:03:36.452  INFO  manager.ListenerWD - After Find Element--->By.xpath: //input[@placeholder='email']
01:03:36.459  INFO  manager.ListenerWD - Location of element(201, 385)
01:03:36.565  INFO  manager.ListenerWD - Before Find Element--->By.cssSelector: input[placeholder='Address']
01:03:36.575  INFO  manager.ListenerWD - After Find Element--->By.cssSelector: input[placeholder='Address']
01:03:36.582  INFO  manager.ListenerWD - Location of element(201, 458)
01:03:36.691  INFO  manager.ListenerWD - Before Find Element--->By.xpath: //input[@placeholder='description']
01:03:36.702  INFO  manager.ListenerWD - After Find Element--->By.xpath: //input[@placeholder='description']
01:03:36.709  INFO  manager.ListenerWD - Location of element(201, 531)
01:03:36.812  INFO  manager.ListenerWD - Before Find Element--->By.cssSelector: .add_form__2rsm2>button
01:03:36.823  INFO  manager.ListenerWD - After Find Element--->By.cssSelector: .add_form__2rsm2>button
01:03:36.831  INFO  manager.ListenerWD - Location of element(204, 605)
01:03:36.897  INFO  manager.ListenerWD - Before Find Element--->By.cssSelector: .add_form__2rsm2>button
01:03:36.919  INFO  manager.ListenerWD - After Find Element--->By.cssSelector: .add_form__2rsm2>button
01:03:36.929  INFO  manager.ListenerWD - Location of element(204, 514)
01:03:36.962  INFO  manager.ListenerWD - Before Find ElementS--->By.cssSelector: h2
01:03:37.380  INFO  manager.ListenerWD - After Find ElementS--->By.cssSelector: h2
01:03:37.381  INFO  manager.ListenerWD - List of elements is--->4
01:03:37.431  INFO  manager.ListenerWD - Before Find ElementS--->By.cssSelector: h3
01:03:37.480  INFO  manager.ListenerWD - After Find ElementS--->By.cssSelector: h3
01:03:37.481  INFO  manager.ListenerWD - List of elements is--->4
01:03:37.537  INFO  tests.TestBase - Name of method-->addNewContactWrongAddress
01:03:37.539  INFO  tests.TestBase - Tests run with data:--->Contact(name=Kate, lastName=Ivanov, phone=78748494947346, email=katya@mail.com, address=, description=empty address)
01:03:37.539  INFO  manager.ListenerWD - Before Find Element--->By.cssSelector: a[href='/add']
01:03:37.559  INFO  manager.ListenerWD - After Find Element--->By.cssSelector: a[href='/add']
01:03:37.569  INFO  manager.ListenerWD - Location of element(1000, 34)
01:03:37.598  INFO  manager.ListenerWD - Before Find Element--->By.cssSelector: input[placeholder='Name']
01:03:37.618  INFO  manager.ListenerWD - After Find Element--->By.cssSelector: input[placeholder='Name']
01:03:37.630  INFO  manager.ListenerWD - Location of element(201, 165)
01:03:37.732  INFO  manager.ListenerWD - Before Find Element--->By.cssSelector: input[placeholder='Last Name']
01:03:37.741  INFO  manager.ListenerWD - After Find Element--->By.cssSelector: input[placeholder='Last Name']
01:03:37.748  INFO  manager.ListenerWD - Location of element(201, 238)
01:03:37.856  INFO  manager.ListenerWD - Before Find Element--->By.cssSelector: input[placeholder='Phone']
01:03:37.865  INFO  manager.ListenerWD - After Find Element--->By.cssSelector: input[placeholder='Phone']
01:03:37.872  INFO  manager.ListenerWD - Location of element(201, 311)
01:03:37.976  INFO  manager.ListenerWD - Before Find Element--->By.xpath: //input[@placeholder='email']
01:03:37.990  INFO  manager.ListenerWD - After Find Element--->By.xpath: //input[@placeholder='email']
01:03:37.996  INFO  manager.ListenerWD - Location of element(201, 385)
01:03:38.092  INFO  manager.ListenerWD - Before Find Element--->By.cssSelector: input[placeholder='Address']
01:03:38.103  INFO  manager.ListenerWD - After Find Element--->By.cssSelector: input[placeholder='Address']
01:03:38.109  INFO  manager.ListenerWD - Location of element(201, 458)
01:03:38.197  INFO  manager.ListenerWD - Before Find Element--->By.xpath: //input[@placeholder='description']
01:03:38.215  INFO  manager.ListenerWD - After Find Element--->By.xpath: //input[@placeholder='description']
01:03:38.225  INFO  manager.ListenerWD - Location of element(201, 531)
01:03:38.333  INFO  manager.ListenerWD - Before Find Element--->By.cssSelector: .add_form__2rsm2>button
01:03:38.342  INFO  manager.ListenerWD - After Find Element--->By.cssSelector: .add_form__2rsm2>button
01:03:38.348  INFO  manager.ListenerWD - Location of element(204, 605)
01:03:38.412  INFO  manager.ListenerWD - Before Find Element--->By.cssSelector: .add_form__2rsm2>button
01:03:38.429  INFO  manager.ListenerWD - After Find Element--->By.cssSelector: .add_form__2rsm2>button
01:03:38.437  INFO  manager.ListenerWD - Location of element(204, 514)
01:03:38.461  INFO  manager.ListenerWD - Before Find ElementS--->By.cssSelector: a.active[href='/add']
01:03:38.477  INFO  manager.ListenerWD - After Find ElementS--->By.cssSelector: a.active[href='/add']
01:03:38.478  INFO  manager.ListenerWD - List of elements is--->1
01:03:38.479  INFO  tests.TestBase - Name of method-->addNewContactWrongEmail
01:03:38.480  INFO  tests.TestBase - Tests run with data:--->Contact(name=Kate, lastName=Ivanov, phone=34567654367, email=katyamail.com, address=NY, description=empty email)
01:03:38.480  INFO  manager.ListenerWD - Before Find Element--->By.cssSelector: a[href='/add']
01:03:38.491  INFO  manager.ListenerWD - After Find Element--->By.cssSelector: a[href='/add']
01:03:38.498  INFO  manager.ListenerWD - Location of element(985, -57)
01:03:38.524  INFO  manager.ListenerWD - Before Find Element--->By.cssSelector: input[placeholder='Name']
01:03:38.538  INFO  manager.ListenerWD - After Find Element--->By.cssSelector: input[placeholder='Name']
01:03:38.544  INFO  manager.ListenerWD - Location of element(201, 132)
01:03:38.642  INFO  manager.ListenerWD - Before Find Element--->By.cssSelector: input[placeholder='Last Name']
01:03:38.653  INFO  manager.ListenerWD - After Find Element--->By.cssSelector: input[placeholder='Last Name']
01:03:38.657  INFO  manager.ListenerWD - Location of element(201, 205)
01:03:38.759  INFO  manager.ListenerWD - Before Find Element--->By.cssSelector: input[placeholder='Phone']
01:03:38.770  INFO  manager.ListenerWD - After Find Element--->By.cssSelector: input[placeholder='Phone']
01:03:38.774  INFO  manager.ListenerWD - Location of element(201, 279)
01:03:38.883  INFO  manager.ListenerWD - Before Find Element--->By.xpath: //input[@placeholder='email']
01:03:38.898  INFO  manager.ListenerWD - After Find Element--->By.xpath: //input[@placeholder='email']
01:03:38.904  INFO  manager.ListenerWD - Location of element(201, 352)
01:03:39.004  INFO  manager.ListenerWD - Before Find Element--->By.cssSelector: input[placeholder='Address']
01:03:39.013  INFO  manager.ListenerWD - After Find Element--->By.cssSelector: input[placeholder='Address']
01:03:39.018  INFO  manager.ListenerWD - Location of element(201, 425)
01:03:39.090  INFO  manager.ListenerWD - Before Find Element--->By.xpath: //input[@placeholder='description']
01:03:39.106  INFO  manager.ListenerWD - After Find Element--->By.xpath: //input[@placeholder='description']
01:03:39.113  INFO  manager.ListenerWD - Location of element(201, 499)
01:03:39.205  INFO  manager.ListenerWD - Before Find Element--->By.cssSelector: .add_form__2rsm2>button
01:03:39.216  INFO  manager.ListenerWD - After Find Element--->By.cssSelector: .add_form__2rsm2>button
01:03:39.221  INFO  manager.ListenerWD - Location of element(204, 572)
01:03:39.279  INFO  manager.ListenerWD - Before Find Element--->By.cssSelector: .add_form__2rsm2>button
01:03:39.298  INFO  manager.ListenerWD - After Find Element--->By.cssSelector: .add_form__2rsm2>button
01:03:39.305  INFO  manager.ListenerWD - Location of element(204, 514)
01:03:39.323  INFO  manager.ListenerWD - Before Find ElementS--->By.cssSelector: a.active[href='/add']
01:03:39.334  INFO  manager.ListenerWD - After Find ElementS--->By.cssSelector: a.active[href='/add']
01:03:39.335  INFO  manager.ListenerWD - List of elements is--->1
01:03:39.355  INFO  manager.ListenerWD - Huston we have a problem!
01:03:39.356  INFO  manager.ListenerWD - Object target--->org.openqa.selenium.remote.RemoteWebDriver$RemoteTargetLocator@87f501f
01:03:39.356  INFO  manager.ListenerWD - *************
01:03:39.356  INFO  manager.ListenerWD - Method namealert
01:03:39.356  INFO  manager.ListenerWD - *************
01:03:39.356  INFO  manager.ListenerWD - *************
01:03:39.357  INFO  manager.ListenerWD - *************
01:03:39.358  INFO  manager.ListenerWD - InvocationTargetException & getTargetExceptionorg.openqa.selenium.NoAlertPresentException: no such alert
  (Session info: chrome=112.0.5615.121)
Build info: version: '4.7.0', revision: '0a5b49d16f'
System info: os.name: 'Windows 10', os.arch: 'amd64', os.version: '10.0', java.version: '11.0.18'
Driver info: org.openqa.selenium.chrome.ChromeDriver
Command: [1a321db6ca69995bd013e9934a43f5ef, getAlertText {}]
Capabilities {acceptInsecureCerts: false, browserName: chrome, browserVersion: 112.0.5615.121, chrome: {chromedriverVersion: 112.0.5615.49 (bd2a7bcb881c..., userDataDir: C:\Users\ADAM-M~1\AppData\L...}, goog:chromeOptions: {debuggerAddress: localhost:62544}, networkConnectionEnabled: false, pageLoadStrategy: normal, platformName: WINDOWS, proxy: Proxy(), se:cdp: ws://localhost:62544/devtoo..., se:cdpVersion: 112.0.5615.121, setWindowRect: true, strictFileInteractability: false, timeouts: {implicit: 0, pageLoad: 300000, script: 30000}, unhandledPromptBehavior: dismiss and notify, webauthn:extension:credBlob: true, webauthn:extension:largeBlob: true, webauthn:extension:minPinLength: true, webauthn:extension:prf: true, webauthn:virtualAuthenticators: true}
Session ID: 1a321db6ca69995bd013e9934a43f5ef
01:03:39.359  INFO  manager.ListenerWD - *************
01:03:39.359  INFO  manager.ListenerWD - Screen with error is--->src/test/screenshots/screen_1399.png
01:03:39.898  INFO  tests.TestBase - Tests finish with massage:'Email not valid: must be a well-formed email address'
01:03:39.900  INFO  tests.TestBase - Name of method-->addNewContactWrongLastName
01:03:39.901  INFO  tests.TestBase - Tests run with data:--->Contact(name=Kate, lastName=, phone=78748494947346, email=katya@mail.com, address=NY, description=empty last name)
01:03:39.901  INFO  manager.ListenerWD - Before Find Element--->By.cssSelector: a[href='/add']
01:03:39.917  INFO  manager.ListenerWD - After Find Element--->By.cssSelector: a[href='/add']
01:03:39.925  INFO  manager.ListenerWD - Location of element(985, -57)
01:03:39.943  INFO  manager.ListenerWD - Before Find Element--->By.cssSelector: input[placeholder='Name']
01:03:39.953  INFO  manager.ListenerWD - After Find Element--->By.cssSelector: input[placeholder='Name']
01:03:39.961  INFO  manager.ListenerWD - Location of element(201, 132)
01:03:40.044  INFO  manager.ListenerWD - Before Find Element--->By.cssSelector: input[placeholder='Last Name']
01:03:40.055  INFO  manager.ListenerWD - After Find Element--->By.cssSelector: input[placeholder='Last Name']
01:03:40.061  INFO  manager.ListenerWD - Location of element(201, 205)
01:03:40.145  INFO  manager.ListenerWD - Before Find Element--->By.cssSelector: input[placeholder='Phone']
01:03:40.155  INFO  manager.ListenerWD - After Find Element--->By.cssSelector: input[placeholder='Phone']
01:03:40.159  INFO  manager.ListenerWD - Location of element(201, 279)
01:03:40.239  INFO  manager.ListenerWD - Before Find Element--->By.xpath: //input[@placeholder='email']
01:03:40.250  INFO  manager.ListenerWD - After Find Element--->By.xpath: //input[@placeholder='email']
01:03:40.255  INFO  manager.ListenerWD - Location of element(201, 352)
01:03:40.343  INFO  manager.ListenerWD - Before Find Element--->By.cssSelector: input[placeholder='Address']
01:03:40.354  INFO  manager.ListenerWD - After Find Element--->By.cssSelector: input[placeholder='Address']
01:03:40.358  INFO  manager.ListenerWD - Location of element(201, 425)
01:03:40.450  INFO  manager.ListenerWD - Before Find Element--->By.xpath: //input[@placeholder='description']
01:03:40.460  INFO  manager.ListenerWD - After Find Element--->By.xpath: //input[@placeholder='description']
01:03:40.465  INFO  manager.ListenerWD - Location of element(201, 499)
01:03:40.934  INFO  manager.ListenerWD - Before Find Element--->By.cssSelector: .add_form__2rsm2>button
01:03:40.961  INFO  manager.ListenerWD - After Find Element--->By.cssSelector: .add_form__2rsm2>button
01:03:40.967  INFO  manager.ListenerWD - Location of element(204, 572)
01:03:41.026  INFO  manager.ListenerWD - Before Find Element--->By.cssSelector: .add_form__2rsm2>button
01:03:41.035  INFO  manager.ListenerWD - After Find Element--->By.cssSelector: .add_form__2rsm2>button
01:03:41.048  INFO  manager.ListenerWD - Location of element(204, 514)
01:03:41.072  INFO  manager.ListenerWD - Before Find ElementS--->By.cssSelector: a.active[href='/add']
01:03:41.080  INFO  manager.ListenerWD - After Find ElementS--->By.cssSelector: a.active[href='/add']
01:03:41.080  INFO  manager.ListenerWD - List of elements is--->1
01:03:41.081  INFO  tests.TestBase - Name of method-->addNewContactWrongName
01:03:41.082  INFO  tests.TestBase - Tests run with data:--->Contact(name=, lastName=Ivanov, phone=787484949345, email=katya@mail.com, address=London,Trafalgar sq,5, description=empty name)
01:03:41.082  INFO  manager.ListenerWD - Before Find Element--->By.cssSelector: a[href='/add']
01:03:41.095  INFO  manager.ListenerWD - After Find Element--->By.cssSelector: a[href='/add']
01:03:41.103  INFO  manager.ListenerWD - Location of element(985, -57)
01:03:41.124  INFO  manager.ListenerWD - Before Find Element--->By.cssSelector: input[placeholder='Name']
01:03:41.137  INFO  manager.ListenerWD - After Find Element--->By.cssSelector: input[placeholder='Name']
01:03:41.143  INFO  manager.ListenerWD - Location of element(201, 132)
01:03:41.231  INFO  manager.ListenerWD - Before Find Element--->By.cssSelector: input[placeholder='Last Name']
01:03:41.244  INFO  manager.ListenerWD - After Find Element--->By.cssSelector: input[placeholder='Last Name']
01:03:41.249  INFO  manager.ListenerWD - Location of element(201, 205)
01:03:41.331  INFO  manager.ListenerWD - Before Find Element--->By.cssSelector: input[placeholder='Phone']
01:03:41.341  INFO  manager.ListenerWD - After Find Element--->By.cssSelector: input[placeholder='Phone']
01:03:41.346  INFO  manager.ListenerWD - Location of element(201, 279)
01:03:41.442  INFO  manager.ListenerWD - Before Find Element--->By.xpath: //input[@placeholder='email']
01:03:41.452  INFO  manager.ListenerWD - After Find Element--->By.xpath: //input[@placeholder='email']
01:03:41.458  INFO  manager.ListenerWD - Location of element(201, 352)
01:03:41.557  INFO  manager.ListenerWD - Before Find Element--->By.cssSelector: input[placeholder='Address']
01:03:41.568  INFO  manager.ListenerWD - After Find Element--->By.cssSelector: input[placeholder='Address']
01:03:41.572  INFO  manager.ListenerWD - Location of element(201, 425)
01:03:41.682  INFO  manager.ListenerWD - Before Find Element--->By.xpath: //input[@placeholder='description']
01:03:41.692  INFO  manager.ListenerWD - After Find Element--->By.xpath: //input[@placeholder='description']
01:03:41.696  INFO  manager.ListenerWD - Location of element(201, 499)
01:03:41.790  INFO  manager.ListenerWD - Before Find Element--->By.cssSelector: .add_form__2rsm2>button
01:03:41.800  INFO  manager.ListenerWD - After Find Element--->By.cssSelector: .add_form__2rsm2>button
01:03:41.804  INFO  manager.ListenerWD - Location of element(204, 572)
01:03:41.881  INFO  manager.ListenerWD - Before Find Element--->By.cssSelector: .add_form__2rsm2>button
01:03:41.900  INFO  manager.ListenerWD - After Find Element--->By.cssSelector: .add_form__2rsm2>button
01:03:41.910  INFO  manager.ListenerWD - Location of element(204, 514)
01:03:41.929  INFO  manager.ListenerWD - Before Find ElementS--->By.cssSelector: a.active[href='/add']
01:03:41.941  INFO  manager.ListenerWD - After Find ElementS--->By.cssSelector: a.active[href='/add']
01:03:41.941  INFO  manager.ListenerWD - List of elements is--->1
01:03:41.942  INFO  tests.TestBase - Name of method-->addNewContactWrongPhone
01:03:41.943  INFO  tests.TestBase - Tests run with data:--->Contact(name=Kate, lastName=Ivanov, phone=, email=katya@mail.com, address=NY, description=empty phone)
01:03:41.943  INFO  manager.ListenerWD - Before Find Element--->By.cssSelector: a[href='/add']
01:03:41.952  INFO  manager.ListenerWD - After Find Element--->By.cssSelector: a[href='/add']
01:03:41.958  INFO  manager.ListenerWD - Location of element(985, -57)
01:03:41.977  INFO  manager.ListenerWD - Before Find Element--->By.cssSelector: input[placeholder='Name']
01:03:41.990  INFO  manager.ListenerWD - After Find Element--->By.cssSelector: input[placeholder='Name']
01:03:41.996  INFO  manager.ListenerWD - Location of element(201, 132)
01:03:42.066  INFO  manager.ListenerWD - Before Find Element--->By.cssSelector: input[placeholder='Last Name']
01:03:42.076  INFO  manager.ListenerWD - After Find Element--->By.cssSelector: input[placeholder='Last Name']
01:03:42.080  INFO  manager.ListenerWD - Location of element(201, 205)
01:03:42.156  INFO  manager.ListenerWD - Before Find Element--->By.cssSelector: input[placeholder='Phone']
01:03:42.167  INFO  manager.ListenerWD - After Find Element--->By.cssSelector: input[placeholder='Phone']
01:03:42.171  INFO  manager.ListenerWD - Location of element(201, 279)
01:03:42.247  INFO  manager.ListenerWD - Before Find Element--->By.xpath: //input[@placeholder='email']
01:03:42.259  INFO  manager.ListenerWD - After Find Element--->By.xpath: //input[@placeholder='email']
01:03:42.267  INFO  manager.ListenerWD - Location of element(201, 352)
01:03:42.359  INFO  manager.ListenerWD - Before Find Element--->By.cssSelector: input[placeholder='Address']
01:03:42.369  INFO  manager.ListenerWD - After Find Element--->By.cssSelector: input[placeholder='Address']
01:03:42.373  INFO  manager.ListenerWD - Location of element(201, 425)
01:03:42.445  INFO  manager.ListenerWD - Before Find Element--->By.xpath: //input[@placeholder='description']
01:03:42.455  INFO  manager.ListenerWD - After Find Element--->By.xpath: //input[@placeholder='description']
01:03:42.460  INFO  manager.ListenerWD - Location of element(201, 499)
01:03:42.539  INFO  manager.ListenerWD - Before Find Element--->By.cssSelector: .add_form__2rsm2>button
01:03:42.550  INFO  manager.ListenerWD - After Find Element--->By.cssSelector: .add_form__2rsm2>button
01:03:42.555  INFO  manager.ListenerWD - Location of element(204, 572)
01:03:42.630  INFO  manager.ListenerWD - Before Find Element--->By.cssSelector: .add_form__2rsm2>button
01:03:42.651  INFO  manager.ListenerWD - After Find Element--->By.cssSelector: .add_form__2rsm2>button
01:03:42.660  INFO  manager.ListenerWD - Location of element(204, 514)
01:03:42.679  INFO  manager.ListenerWD - Before Find ElementS--->By.cssSelector: a.active[href='/add']
01:03:42.689  INFO  manager.ListenerWD - After Find ElementS--->By.cssSelector: a.active[href='/add']
01:03:42.690  INFO  manager.ListenerWD - List of elements is--->1
01:03:42.696  INFO  manager.ListenerWD - Huston we have a problem!
01:03:42.696  INFO  manager.ListenerWD - Object target--->org.openqa.selenium.remote.RemoteWebDriver$RemoteTargetLocator@3c09a350
01:03:42.697  INFO  manager.ListenerWD - *************
01:03:42.697  INFO  manager.ListenerWD - Method namealert
01:03:42.697  INFO  manager.ListenerWD - *************
01:03:42.697  INFO  manager.ListenerWD - *************
01:03:42.697  INFO  manager.ListenerWD - *************
01:03:42.697  INFO  manager.ListenerWD - InvocationTargetException & getTargetExceptionorg.openqa.selenium.NoAlertPresentException: no such alert
  (Session info: chrome=112.0.5615.121)
Build info: version: '4.7.0', revision: '0a5b49d16f'
System info: os.name: 'Windows 10', os.arch: 'amd64', os.version: '10.0', java.version: '11.0.18'
Driver info: org.openqa.selenium.chrome.ChromeDriver
Command: [1a321db6ca69995bd013e9934a43f5ef, getAlertText {}]
Capabilities {acceptInsecureCerts: false, browserName: chrome, browserVersion: 112.0.5615.121, chrome: {chromedriverVersion: 112.0.5615.49 (bd2a7bcb881c..., userDataDir: C:\Users\ADAM-M~1\AppData\L...}, goog:chromeOptions: {debuggerAddress: localhost:62544}, networkConnectionEnabled: false, pageLoadStrategy: normal, platformName: WINDOWS, proxy: Proxy(), se:cdp: ws://localhost:62544/devtoo..., se:cdpVersion: 112.0.5615.121, setWindowRect: true, strictFileInteractability: false, timeouts: {implicit: 0, pageLoad: 300000, script: 30000}, unhandledPromptBehavior: dismiss and notify, webauthn:extension:credBlob: true, webauthn:extension:largeBlob: true, webauthn:extension:minPinLength: true, webauthn:extension:prf: true, webauthn:virtualAuthenticators: true}
Session ID: 1a321db6ca69995bd013e9934a43f5ef
01:03:42.697  INFO  manager.ListenerWD - *************
01:03:42.697  INFO  manager.ListenerWD - Screen with error is--->src/test/screenshots/screen_1950.png
01:03:43.229  INFO  tests.TestBase - Tests finish with massage: 'Phone not valid: Phone number must contain only digits! And length min 10, max 15!'
