20:38:23.040  INFO  manager.ApplicationManager - All tests run in Chrome Browser
20:38:25.591  INFO  manager.ApplicationManager - The link--->https://telranedu.web.app/home
20:38:25.668  INFO  tests.TestBase - Name of method-->loginSuccessModelDP
20:38:26.688  INFO  manager.ListenerWD - Before Find ElementS--->By.xpath: //button[text()='Sign Out']
20:38:31.758  INFO  manager.ListenerWD - After Find ElementS--->By.xpath: //button[text()='Sign Out']
20:38:31.764  INFO  manager.ListenerWD - List of elements is--->0
20:38:31.778  INFO  tests.TestBase - Test data---> User{email='inna_83@gmail.com', password='Aa13579$'}
20:38:31.806  INFO  manager.ListenerWD - Before Find Element--->By.cssSelector: a[href='/login']
20:38:31.870  INFO  manager.ListenerWD - After Find Element--->By.cssSelector: a[href='/login']
20:38:31.891  INFO  manager.ListenerWD - Location of element(1169, 34)
20:38:32.005  INFO  manager.ListenerWD - Before Find Element--->By.name: email
20:38:32.056  INFO  manager.ListenerWD - After Find Element--->By.name: email
20:38:32.080  INFO  manager.ListenerWD - Location of element(431, 250)
20:38:32.421  INFO  manager.ListenerWD - Before Find Element--->By.name: password
20:38:32.466  INFO  manager.ListenerWD - After Find Element--->By.name: password
20:38:32.480  INFO  manager.ListenerWD - Location of element(431, 320)
20:38:32.772  INFO  manager.ListenerWD - Before Find Element--->By.xpath: //button[text()='Login']
20:38:32.818  INFO  manager.ListenerWD - After Find Element--->By.xpath: //button[text()='Login']
20:38:32.839  INFO  manager.ListenerWD - Location of element(431, 390)
20:38:33.915  INFO  manager.ListenerWD - Before Find ElementS--->By.xpath: //button[text()='Sign Out']
20:38:34.034  INFO  manager.ListenerWD - After Find ElementS--->By.xpath: //button[text()='Sign Out']
20:38:34.035  INFO  manager.ListenerWD - List of elements is--->1
20:38:34.040  INFO  tests.TestBase - Assert check is Element button 'Sign out' present
20:38:34.045  INFO  tests.TestBase - Name of method-->loginSuccessModelDP
20:38:35.048  INFO  manager.ListenerWD - Before Find ElementS--->By.xpath: //button[text()='Sign Out']
20:38:35.082  INFO  manager.ListenerWD - After Find ElementS--->By.xpath: //button[text()='Sign Out']
20:38:35.082  INFO  manager.ListenerWD - List of elements is--->1
20:38:35.083  INFO  manager.ListenerWD - Before Find Element--->By.xpath: //button[text()='Sign Out']
20:38:35.119  INFO  manager.ListenerWD - After Find Element--->By.xpath: //button[text()='Sign Out']
20:38:35.135  INFO  manager.ListenerWD - Location of element(1173, 39)
20:38:35.192  INFO  tests.TestBase - Before method finish logout
20:38:35.195  INFO  tests.TestBase - Test data---> User{email='sonya@gmail.com', password='Ss12345$'}
20:38:35.196  INFO  manager.ListenerWD - Before Find Element--->By.cssSelector: a[href='/login']
20:38:35.237  INFO  manager.ListenerWD - After Find Element--->By.cssSelector: a[href='/login']
20:38:35.258  INFO  manager.ListenerWD - Location of element(1151, 33)
20:38:35.318  INFO  manager.ListenerWD - Before Find Element--->By.name: email
20:38:35.358  INFO  manager.ListenerWD - After Find Element--->By.name: email
20:38:35.377  INFO  manager.ListenerWD - Location of element(431, 250)
20:38:35.659  INFO  manager.ListenerWD - Before Find Element--->By.name: password
20:38:35.692  INFO  manager.ListenerWD - After Find Element--->By.name: password
20:38:35.713  INFO  manager.ListenerWD - Location of element(431, 320)
20:38:36.039  INFO  manager.ListenerWD - Before Find Element--->By.xpath: //button[text()='Login']
20:38:36.081  INFO  manager.ListenerWD - After Find Element--->By.xpath: //button[text()='Login']
20:38:36.100  INFO  manager.ListenerWD - Location of element(431, 390)
20:38:37.167  INFO  manager.ListenerWD - Before Find ElementS--->By.xpath: //button[text()='Sign Out']
20:38:37.202  INFO  manager.ListenerWD - After Find ElementS--->By.xpath: //button[text()='Sign Out']
20:38:37.203  INFO  manager.ListenerWD - List of elements is--->1
20:38:37.204  INFO  tests.TestBase - Assert check is Element button 'Sign out' present
20:38:37.206  INFO  tests.TestBase - Name of method-->loginSuccessModelDP
20:38:38.221  INFO  manager.ListenerWD - Before Find ElementS--->By.xpath: //button[text()='Sign Out']
20:38:38.258  INFO  manager.ListenerWD - After Find ElementS--->By.xpath: //button[text()='Sign Out']
20:38:38.258  INFO  manager.ListenerWD - List of elements is--->1
20:38:38.259  INFO  manager.ListenerWD - Before Find Element--->By.xpath: //button[text()='Sign Out']
20:38:38.292  INFO  manager.ListenerWD - After Find Element--->By.xpath: //button[text()='Sign Out']
20:38:38.310  INFO  manager.ListenerWD - Location of element(1173, 39)
20:38:38.375  INFO  tests.TestBase - Before method finish logout
20:38:38.377  INFO  tests.TestBase - Test data---> User{email='inna_83@gmail.com', password='Aa13579$'}
20:38:38.377  INFO  manager.ListenerWD - Before Find Element--->By.cssSelector: a[href='/login']
20:38:38.420  INFO  manager.ListenerWD - After Find Element--->By.cssSelector: a[href='/login']
20:38:38.435  INFO  manager.ListenerWD - Location of element(1151, 33)
20:38:38.494  INFO  manager.ListenerWD - Before Find Element--->By.name: email
20:38:38.531  INFO  manager.ListenerWD - After Find Element--->By.name: email
20:38:38.550  INFO  manager.ListenerWD - Location of element(431, 250)
20:38:38.846  INFO  manager.ListenerWD - Before Find Element--->By.name: password
20:38:38.881  INFO  manager.ListenerWD - After Find Element--->By.name: password
20:38:38.900  INFO  manager.ListenerWD - Location of element(431, 320)
20:38:39.163  INFO  manager.ListenerWD - Before Find Element--->By.xpath: //button[text()='Login']
20:38:39.191  INFO  manager.ListenerWD - After Find Element--->By.xpath: //button[text()='Login']
20:38:39.208  INFO  manager.ListenerWD - Location of element(431, 390)
20:38:40.273  INFO  manager.ListenerWD - Before Find ElementS--->By.xpath: //button[text()='Sign Out']
20:38:40.305  INFO  manager.ListenerWD - After Find ElementS--->By.xpath: //button[text()='Sign Out']
20:38:40.305  INFO  manager.ListenerWD - List of elements is--->1
20:38:40.305  INFO  tests.TestBase - Assert check is Element button 'Sign out' present
