20:09:24.293  INFO  manager.ApplicationManager - All tests run in Chrome Browser
20:09:26.623  INFO  manager.ApplicationManager - The link--->https://telranedu.web.app/home
20:09:26.650  INFO  tests.TestBase - Name of method-->loginSuccessModel
20:09:27.654  INFO  manager.ListenerWD - Before Find ElementS--->By.xpath: //button[text()='Sign Out']
20:09:32.672  INFO  manager.ListenerWD - After Find ElementS--->By.xpath: //button[text()='Sign Out']
20:09:32.674  INFO  manager.ListenerWD - List of elements is--->0
20:09:32.675  INFO  tests.TestBase - Test data---> email: 'inna_83@gmail.com' & password: 'Aa13579$'
20:09:32.686  INFO  manager.ListenerWD - Before Find Element--->By.cssSelector: a[href='/login']
20:09:32.715  INFO  manager.ListenerWD - After Find Element--->By.cssSelector: a[href='/login']
20:09:32.728  INFO  manager.ListenerWD - Location of element(1169, 34)
20:09:32.772  INFO  manager.ListenerWD - Before Find Element--->By.name: email
20:09:32.792  INFO  manager.ListenerWD - After Find Element--->By.name: email
20:09:32.802  INFO  manager.ListenerWD - Location of element(431, 250)
20:09:32.942  INFO  manager.ListenerWD - Before Find Element--->By.xpath: //input[la]
20:09:37.996  INFO  manager.ListenerWD - Huston we have a problem!
20:09:37.998  INFO  manager.ListenerWD - Object target--->ChromeDriver: chrome on WINDOWS (79a70b5b700240d4ad91d0dc67fa4e8e)
20:09:38.000  INFO  manager.ListenerWD - *************
20:09:38.005  INFO  manager.ListenerWD - Method namefindElement
20:09:38.005  INFO  manager.ListenerWD - *************
20:09:38.005  INFO  manager.ListenerWD - *************
20:09:38.006  INFO  manager.ListenerWD - *************
20:09:38.009  INFO  manager.ListenerWD - InvocationTargetException & getTargetExceptionorg.openqa.selenium.NoSuchElementException: no such element: Unable to locate element: {"method":"xpath","selector":"//input[la]"}
  (Session info: chrome=112.0.5615.121)
For documentation on this error, please visit: https://selenium.dev/exceptions/#no_such_element
Build info: version: '4.7.0', revision: '0a5b49d16f'
System info: os.name: 'Windows 10', os.arch: 'amd64', os.version: '10.0', java.version: '11.0.18'
Driver info: org.openqa.selenium.chrome.ChromeDriver
Command: [79a70b5b700240d4ad91d0dc67fa4e8e, findElement {using=xpath, value=//input[la]}]
Capabilities {acceptInsecureCerts: false, browserName: chrome, browserVersion: 112.0.5615.121, chrome: {chromedriverVersion: 112.0.5615.49 (bd2a7bcb881c..., userDataDir: C:\Users\ADAM-M~1\AppData\L...}, goog:chromeOptions: {debuggerAddress: localhost:55725}, networkConnectionEnabled: false, pageLoadStrategy: normal, platformName: WINDOWS, proxy: Proxy(), se:cdp: ws://localhost:55725/devtoo..., se:cdpVersion: 112.0.5615.121, setWindowRect: true, strictFileInteractability: false, timeouts: {implicit: 0, pageLoad: 300000, script: 30000}, unhandledPromptBehavior: dismiss and notify, webauthn:extension:credBlob: true, webauthn:extension:largeBlob: true, webauthn:extension:minPinLength: true, webauthn:extension:prf: true, webauthn:virtualAuthenticators: true}
Session ID: 79a70b5b700240d4ad91d0dc67fa4e8e
20:09:38.010  INFO  manager.ListenerWD - *************
