18:48:01.935  INFO  manager.ApplicationManager - All tests run in Chrome Browser
18:48:04.230  INFO  manager.ApplicationManager - The link--->https://telranedu.web.app/home
18:48:04.318  INFO  tests.TestBase - Name of method-->loginWrongEmail
18:48:05.327  INFO  manager.ListenerWD - Before Find ElementS--->By.xpath: //button[text()='Sign Out']
18:48:10.427  INFO  manager.ListenerWD - After Find ElementS--->By.xpath: //button[text()='Sign Out']
18:48:10.428  INFO  manager.ListenerWD - List of elements is--->0
18:48:10.429  INFO  tests.TestBase - Test data---> email: 'inna_83gmail.com' & password: 'Aa13579$'
18:48:10.430  INFO  manager.ListenerWD - Before Find Element--->By.cssSelector: a[href='/login']
18:48:10.494  INFO  manager.ListenerWD - After Find Element--->By.cssSelector: a[href='/login']
18:48:10.522  INFO  manager.ListenerWD - Location of element(1169, 34)
18:48:10.625  INFO  manager.ListenerWD - Before Find Element--->By.name: email
18:48:10.685  INFO  manager.ListenerWD - After Find Element--->By.name: email
18:48:10.714  INFO  manager.ListenerWD - Location of element(431, 250)
18:48:11.071  INFO  manager.ListenerWD - Before Find Element--->By.xpath: //input[last()]
18:48:11.117  INFO  manager.ListenerWD - After Find Element--->By.xpath: //input[last()]
18:48:11.132  INFO  manager.ListenerWD - Location of element(431, 320)
18:48:11.387  INFO  manager.ListenerWD - Before Find Element--->By.xpath: //button[text()='Login']
18:48:11.433  INFO  manager.ListenerWD - After Find Element--->By.xpath: //button[text()='Login']
18:48:11.453  INFO  manager.ListenerWD - Location of element(431, 390)
18:48:11.599  INFO  manager.ListenerWD - Huston we have a problem!
18:48:11.600  INFO  manager.ListenerWD - Object target--->org.openqa.selenium.remote.RemoteWebDriver$RemoteTargetLocator@4d2a1da3
18:48:11.600  INFO  manager.ListenerWD - *************
18:48:11.601  INFO  manager.ListenerWD - Method namealert
18:48:11.601  INFO  manager.ListenerWD - *************
18:48:11.601  INFO  manager.ListenerWD - *************
18:48:11.601  INFO  manager.ListenerWD - *************
18:48:11.604  INFO  manager.ListenerWD - InvocationTargetException & getTargetExceptionorg.openqa.selenium.NoAlertPresentException: no such alert
  (Session info: chrome=112.0.5615.138)
Build info: version: '4.7.0', revision: '0a5b49d16f'
System info: os.name: 'Windows 10', os.arch: 'amd64', os.version: '10.0', java.version: '1.8.0_361'
Driver info: org.openqa.selenium.chrome.ChromeDriver
Command: [60278277591caec3dd85cce96a3ea561, getAlertText {}]
Capabilities {acceptInsecureCerts: false, browserName: chrome, browserVersion: 112.0.5615.138, chrome: {chromedriverVersion: 112.0.5615.49 (bd2a7bcb881c..., userDataDir: C:\Users\ADAM-M~1\AppData\L...}, goog:chromeOptions: {debuggerAddress: localhost:62761}, networkConnectionEnabled: false, pageLoadStrategy: normal, platformName: WINDOWS, proxy: Proxy(), se:cdp: ws://localhost:62761/devtoo..., se:cdpVersion: 112.0.5615.138, setWindowRect: true, strictFileInteractability: false, timeouts: {implicit: 0, pageLoad: 300000, script: 30000}, unhandledPromptBehavior: dismiss and notify, webauthn:extension:credBlob: true, webauthn:extension:largeBlob: true, webauthn:extension:minPinLength: true, webauthn:extension:prf: true, webauthn:virtualAuthenticators: true}
Session ID: 60278277591caec3dd85cce96a3ea561
18:48:11.605  INFO  manager.ListenerWD - *************
18:48:11.605  INFO  manager.ListenerWD - Screen with error is--->src/test/screenshots/screen_1601.png
18:48:12.135  INFO  manager.ListenerWD - Huston we have a problem!
18:48:12.136  INFO  manager.ListenerWD - Object target--->org.openqa.selenium.remote.RemoteWebDriver$RemoteTargetLocator@bc0f53b
18:48:12.136  INFO  manager.ListenerWD - *************
18:48:12.137  INFO  manager.ListenerWD - Method namealert
18:48:12.137  INFO  manager.ListenerWD - *************
18:48:12.137  INFO  manager.ListenerWD - *************
18:48:12.137  INFO  manager.ListenerWD - *************
18:48:12.138  INFO  manager.ListenerWD - InvocationTargetException & getTargetExceptionorg.openqa.selenium.NoAlertPresentException: no such alert
  (Session info: chrome=112.0.5615.138)
Build info: version: '4.7.0', revision: '0a5b49d16f'
System info: os.name: 'Windows 10', os.arch: 'amd64', os.version: '10.0', java.version: '1.8.0_361'
Driver info: org.openqa.selenium.chrome.ChromeDriver
Command: [60278277591caec3dd85cce96a3ea561, getAlertText {}]
Capabilities {acceptInsecureCerts: false, browserName: chrome, browserVersion: 112.0.5615.138, chrome: {chromedriverVersion: 112.0.5615.49 (bd2a7bcb881c..., userDataDir: C:\Users\ADAM-M~1\AppData\L...}, goog:chromeOptions: {debuggerAddress: localhost:62761}, networkConnectionEnabled: false, pageLoadStrategy: normal, platformName: WINDOWS, proxy: Proxy(), se:cdp: ws://localhost:62761/devtoo..., se:cdpVersion: 112.0.5615.138, setWindowRect: true, strictFileInteractability: false, timeouts: {implicit: 0, pageLoad: 300000, script: 30000}, unhandledPromptBehavior: dismiss and notify, webauthn:extension:credBlob: true, webauthn:extension:largeBlob: true, webauthn:extension:minPinLength: true, webauthn:extension:prf: true, webauthn:virtualAuthenticators: true}
Session ID: 60278277591caec3dd85cce96a3ea561
18:48:12.138  INFO  manager.ListenerWD - *************
18:48:12.139  INFO  manager.ListenerWD - Screen with error is--->src/test/screenshots/screen_1062.png
18:48:12.678  INFO  manager.ListenerWD - Huston we have a problem!
18:48:12.678  INFO  manager.ListenerWD - Object target--->org.openqa.selenium.remote.RemoteWebDriver$RemoteTargetLocator@238acd0b
18:48:12.678  INFO  manager.ListenerWD - *************
18:48:12.679  INFO  manager.ListenerWD - Method namealert
18:48:12.679  INFO  manager.ListenerWD - *************
18:48:12.679  INFO  manager.ListenerWD - *************
18:48:12.680  INFO  manager.ListenerWD - *************
18:48:12.680  INFO  manager.ListenerWD - InvocationTargetException & getTargetExceptionorg.openqa.selenium.NoAlertPresentException: no such alert
  (Session info: chrome=112.0.5615.138)
Build info: version: '4.7.0', revision: '0a5b49d16f'
System info: os.name: 'Windows 10', os.arch: 'amd64', os.version: '10.0', java.version: '1.8.0_361'
Driver info: org.openqa.selenium.chrome.ChromeDriver
Command: [60278277591caec3dd85cce96a3ea561, getAlertText {}]
Capabilities {acceptInsecureCerts: false, browserName: chrome, browserVersion: 112.0.5615.138, chrome: {chromedriverVersion: 112.0.5615.49 (bd2a7bcb881c..., userDataDir: C:\Users\ADAM-M~1\AppData\L...}, goog:chromeOptions: {debuggerAddress: localhost:62761}, networkConnectionEnabled: false, pageLoadStrategy: normal, platformName: WINDOWS, proxy: Proxy(), se:cdp: ws://localhost:62761/devtoo..., se:cdpVersion: 112.0.5615.138, setWindowRect: true, strictFileInteractability: false, timeouts: {implicit: 0, pageLoad: 300000, script: 30000}, unhandledPromptBehavior: dismiss and notify, webauthn:extension:credBlob: true, webauthn:extension:largeBlob: true, webauthn:extension:minPinLength: true, webauthn:extension:prf: true, webauthn:virtualAuthenticators: true}
Session ID: 60278277591caec3dd85cce96a3ea561
18:48:12.680  INFO  manager.ListenerWD - *************
18:48:12.681  INFO  manager.ListenerWD - Screen with error is--->src/test/screenshots/screen_1369.png
18:48:13.257  INFO  tests.TestBase - Assert check is alert present with text  button 'Wrong email or password'
18:48:13.276  INFO  tests.TestBase - Name of method-->registrationWrongEmail
18:48:14.291  INFO  manager.ListenerWD - Before Find ElementS--->By.xpath: //button[text()='Sign Out']
18:48:19.359  INFO  manager.ListenerWD - After Find ElementS--->By.xpath: //button[text()='Sign Out']
18:48:19.359  INFO  manager.ListenerWD - List of elements is--->0
18:48:19.361  INFO  tests.TestBase - Start test with name 'Registration with wrong Email'
18:48:19.361  INFO  tests.TestBase - Tests run with data:--->User{email='dongmail.com', password='Don12345$'}
18:48:19.362  INFO  manager.ListenerWD - Before Find Element--->By.cssSelector: a[href='/login']
18:48:19.402  INFO  manager.ListenerWD - After Find Element--->By.cssSelector: a[href='/login']
18:48:19.418  INFO  manager.ListenerWD - Location of element(1151, 33)
18:48:19.475  INFO  manager.ListenerWD - Before Find Element--->By.name: email
18:48:19.520  INFO  manager.ListenerWD - After Find Element--->By.name: email
18:48:19.536  INFO  manager.ListenerWD - Location of element(431, 281)
18:48:19.860  INFO  manager.ListenerWD - Before Find Element--->By.name: password
18:48:19.897  INFO  manager.ListenerWD - After Find Element--->By.name: password
18:48:19.919  INFO  manager.ListenerWD - Location of element(431, 351)
18:48:21.208  INFO  manager.ListenerWD - Before Find Element--->By.xpath: //button[text()='Registration']
18:48:21.272  INFO  manager.ListenerWD - After Find Element--->By.xpath: //button[text()='Registration']
18:48:21.293  INFO  manager.ListenerWD - Location of element(681, 421)
18:48:21.383  INFO  manager.ListenerWD - Huston we have a problem!
18:48:21.383  INFO  manager.ListenerWD - Object target--->org.openqa.selenium.remote.RemoteWebDriver$RemoteTargetLocator@5d1b9c3d
18:48:21.383  INFO  manager.ListenerWD - *************
18:48:21.383  INFO  manager.ListenerWD - Method namealert
18:48:21.383  INFO  manager.ListenerWD - *************
18:48:21.384  INFO  manager.ListenerWD - *************
18:48:21.385  INFO  manager.ListenerWD - *************
18:48:21.385  INFO  manager.ListenerWD - InvocationTargetException & getTargetExceptionorg.openqa.selenium.NoAlertPresentException: no such alert
  (Session info: chrome=112.0.5615.138)
Build info: version: '4.7.0', revision: '0a5b49d16f'
System info: os.name: 'Windows 10', os.arch: 'amd64', os.version: '10.0', java.version: '1.8.0_361'
Driver info: org.openqa.selenium.chrome.ChromeDriver
Command: [60278277591caec3dd85cce96a3ea561, getAlertText {}]
Capabilities {acceptInsecureCerts: false, browserName: chrome, browserVersion: 112.0.5615.138, chrome: {chromedriverVersion: 112.0.5615.49 (bd2a7bcb881c..., userDataDir: C:\Users\ADAM-M~1\AppData\L...}, goog:chromeOptions: {debuggerAddress: localhost:62761}, networkConnectionEnabled: false, pageLoadStrategy: normal, platformName: WINDOWS, proxy: Proxy(), se:cdp: ws://localhost:62761/devtoo..., se:cdpVersion: 112.0.5615.138, setWindowRect: true, strictFileInteractability: false, timeouts: {implicit: 0, pageLoad: 300000, script: 30000}, unhandledPromptBehavior: dismiss and notify, webauthn:extension:credBlob: true, webauthn:extension:largeBlob: true, webauthn:extension:minPinLength: true, webauthn:extension:prf: true, webauthn:virtualAuthenticators: true}
Session ID: 60278277591caec3dd85cce96a3ea561
18:48:21.385  INFO  manager.ListenerWD - *************
18:48:21.386  INFO  manager.ListenerWD - Screen with error is--->src/test/screenshots/screen_1664.png
18:48:21.940  INFO  tests.TestBase - Assert check is massage 'Wrong email or password format'
18:48:22.951  INFO  manager.ListenerWD - Before Find ElementS--->By.xpath: //button[text()='Sign Out']
18:48:28.008  INFO  manager.ListenerWD - After Find ElementS--->By.xpath: //button[text()='Sign Out']
18:48:28.008  INFO  manager.ListenerWD - List of elements is--->0
18:48:28.009  INFO  manager.ListenerWD - Before Find Element--->By.cssSelector: a[href='/login']
18:48:28.041  INFO  manager.ListenerWD - After Find Element--->By.cssSelector: a[href='/login']
18:48:28.058  INFO  manager.ListenerWD - Location of element(1151, 33)
18:48:28.114  INFO  manager.ListenerWD - Before Find Element--->By.name: email
18:48:28.149  INFO  manager.ListenerWD - After Find Element--->By.name: email
18:48:28.173  INFO  manager.ListenerWD - Location of element(431, 281)
18:48:28.540  INFO  manager.ListenerWD - Before Find Element--->By.name: password
18:48:28.579  INFO  manager.ListenerWD - After Find Element--->By.name: password
18:48:28.607  INFO  manager.ListenerWD - Location of element(431, 351)
18:48:28.905  INFO  manager.ListenerWD - Before Find Element--->By.xpath: //button[text()='Login']
18:48:28.934  INFO  manager.ListenerWD - After Find Element--->By.xpath: //button[text()='Login']
18:48:28.950  INFO  manager.ListenerWD - Location of element(431, 421)
18:48:29.013  INFO  tests.TestBase - Before method finish logout
18:48:29.016  INFO  tests.TestBase - Name of method-->addNewContactSuccess
18:48:29.019  INFO  tests.TestBase - Tests run with data:--->Contact(name=Kate1995, lastName=Ivanov, email=katya1995@mail.com, address=London,Trafalgar sq,5, phone=748494941995, description=null)
18:48:29.019  INFO  manager.ListenerWD - Before Find Element--->By.cssSelector: a[href='/add']
18:48:29.319  INFO  manager.ListenerWD - After Find Element--->By.cssSelector: a[href='/add']
18:48:29.344  INFO  manager.ListenerWD - Location of element(986, 34)
18:48:29.425  INFO  manager.ListenerWD - Before Find Element--->By.cssSelector: [placeholder='Name']
18:48:29.466  INFO  manager.ListenerWD - After Find Element--->By.cssSelector: [placeholder='Name']
18:48:29.490  INFO  manager.ListenerWD - Location of element(201, 165)
18:48:29.798  INFO  manager.ListenerWD - Before Find Element--->By.cssSelector: [placeholder='Last Name']
18:48:29.839  INFO  manager.ListenerWD - After Find Element--->By.cssSelector: [placeholder='Last Name']
18:48:29.860  INFO  manager.ListenerWD - Location of element(201, 238)
18:48:30.156  INFO  manager.ListenerWD - Before Find Element--->By.cssSelector: [placeholder='Phone']
18:48:30.194  INFO  manager.ListenerWD - After Find Element--->By.cssSelector: [placeholder='Phone']
18:48:30.216  INFO  manager.ListenerWD - Location of element(201, 311)
18:48:30.504  INFO  manager.ListenerWD - Before Find Element--->By.cssSelector: [placeholder='email']
18:48:30.542  INFO  manager.ListenerWD - After Find Element--->By.cssSelector: [placeholder='email']
18:48:30.560  INFO  manager.ListenerWD - Location of element(201, 385)
18:48:30.830  INFO  manager.ListenerWD - Before Find Element--->By.cssSelector: [placeholder='Address']
18:48:30.868  INFO  manager.ListenerWD - After Find Element--->By.cssSelector: [placeholder='Address']
18:48:30.888  INFO  manager.ListenerWD - Location of element(201, 458)
18:48:31.189  INFO  manager.ListenerWD - Before Find Element--->By.cssSelector: [placeholder='description']
18:48:31.227  INFO  manager.ListenerWD - After Find Element--->By.cssSelector: [placeholder='description']
18:48:31.244  INFO  manager.ListenerWD - Location of element(201, 531)
18:48:31.462  INFO  manager.ListenerWD - Before Find Element--->By.cssSelector: .add_form__2rsm2>button
18:48:31.496  INFO  manager.ListenerWD - After Find Element--->By.cssSelector: .add_form__2rsm2>button
18:48:31.515  INFO  manager.ListenerWD - Location of element(204, 605)
18:48:31.757  INFO  manager.ListenerWD - Before Find Element--->By.cssSelector: .add_form__2rsm2>button
18:48:31.783  INFO  manager.ListenerWD - After Find Element--->By.cssSelector: .add_form__2rsm2>button
18:48:31.797  INFO  manager.ListenerWD - Location of element(204, 514)
18:48:31.859  INFO  manager.ListenerWD - Before Find ElementS--->By.cssSelector: h2
18:48:32.502  INFO  manager.ListenerWD - After Find ElementS--->By.cssSelector: h2
18:48:32.502  INFO  manager.ListenerWD - List of elements is--->3
18:48:32.580  INFO  manager.ListenerWD - Before Find ElementS--->By.cssSelector: h3
18:48:32.629  INFO  manager.ListenerWD - After Find ElementS--->By.cssSelector: h3
18:48:32.629  INFO  manager.ListenerWD - List of elements is--->3
18:48:32.718  INFO  tests.TestBase - Name of method-->removeFirstContact
18:48:33.733  INFO  manager.ListenerWD - Before Find ElementS--->By.xpath: //button[text()='Sign Out']
18:48:33.759  INFO  manager.ListenerWD - After Find ElementS--->By.xpath: //button[text()='Sign Out']
18:48:33.760  INFO  manager.ListenerWD - List of elements is--->1
18:48:33.760  INFO  manager.ListenerWD - Before Find ElementS--->By.cssSelector: .contact-item_card__2SOIM
18:48:33.823  INFO  manager.ListenerWD - After Find ElementS--->By.cssSelector: .contact-item_card__2SOIM
18:48:33.823  INFO  manager.ListenerWD - List of elements is--->3
18:48:33.824  INFO  manager.ListenerWD - Before Find ElementS--->By.cssSelector: .contact-item_card__2SOIM
18:48:33.867  INFO  manager.ListenerWD - After Find ElementS--->By.cssSelector: .contact-item_card__2SOIM
18:48:33.868  INFO  manager.ListenerWD - List of elements is--->3
18:48:33.869  INFO  manager.HelperBase - Number of Contacts  list before remove is--->3
18:48:33.869  INFO  manager.ListenerWD - Before Find Element--->By.cssSelector: .contact-item_card__2SOIM
18:48:33.902  INFO  manager.ListenerWD - After Find Element--->By.cssSelector: .contact-item_card__2SOIM
18:48:33.926  INFO  manager.ListenerWD - Location of element(192, 150)
18:48:34.016  INFO  manager.ListenerWD - Before Find Element--->By.xpath: //button[text()='Remove']
18:48:34.056  INFO  manager.ListenerWD - After Find Element--->By.xpath: //button[text()='Remove']
18:48:34.078  INFO  manager.ListenerWD - Location of element(635, 371)
18:48:35.163  INFO  manager.ListenerWD - Before Find ElementS--->By.cssSelector: .contact-item_card__2SOIM
18:48:35.197  INFO  manager.ListenerWD - After Find ElementS--->By.cssSelector: .contact-item_card__2SOIM
18:48:35.197  INFO  manager.ListenerWD - List of elements is--->2
18:48:35.197  INFO  manager.HelperBase - Number of Contacts  list after remove is--->2
