01:06:47.852  INFO  manager.ApplicationManager - All tests run in Chrome Browser
01:06:48.778  INFO  manager.ApplicationManager - The link--->https://telranedu.web.app/home
01:06:48.806  INFO  tests.TestBase - Name of method-->registrationExistsUser
01:06:49.817  INFO  manager.ListenerWD - Before Find ElementS--->By.xpath: //button[text()='Sign Out']
01:06:54.890  INFO  manager.ListenerWD - After Find ElementS--->By.xpath: //button[text()='Sign Out']
01:06:54.895  INFO  manager.ListenerWD - List of elements is--->0
01:06:54.897  INFO  tests.TestBase - Start test with name 'Registration of Exist User'
01:06:54.917  INFO  tests.TestBase - Tests run with data:--->User{email='inna_83@gmail.com', password='Aa13579$'}
01:06:54.918  INFO  manager.ListenerWD - Before Find Element--->By.cssSelector: a[href='/login']
01:06:54.960  INFO  manager.ListenerWD - After Find Element--->By.cssSelector: a[href='/login']
01:06:54.975  INFO  manager.ListenerWD - Location of element(1169, 34)
01:06:55.023  INFO  manager.ListenerWD - Before Find Element--->By.name: email
01:06:55.047  INFO  manager.ListenerWD - After Find Element--->By.name: email
01:06:55.058  INFO  manager.ListenerWD - Location of element(431, 250)
01:06:55.209  INFO  manager.ListenerWD - Before Find Element--->By.name: password
01:06:55.243  INFO  manager.ListenerWD - After Find Element--->By.name: password
01:06:55.256  INFO  manager.ListenerWD - Location of element(431, 320)
01:06:56.377  INFO  manager.ListenerWD - Before Find Element--->By.xpath: //button[text()='Registration']
01:06:56.409  INFO  manager.ListenerWD - After Find Element--->By.xpath: //button[text()='Registration']
01:06:56.420  INFO  manager.ListenerWD - Location of element(681, 390)
01:06:56.482  INFO  manager.ListenerWD - Huston we have a problem!
01:06:56.483  INFO  manager.ListenerWD - Object target--->org.openqa.selenium.remote.RemoteWebDriver$RemoteTargetLocator@889a8a8
01:06:56.483  INFO  manager.ListenerWD - *************
01:06:56.484  INFO  manager.ListenerWD - Method namealert
01:06:56.484  INFO  manager.ListenerWD - *************
01:06:56.484  INFO  manager.ListenerWD - *************
01:06:56.484  INFO  manager.ListenerWD - *************
01:06:56.485  INFO  manager.ListenerWD - InvocationTargetException & getTargetExceptionorg.openqa.selenium.NoAlertPresentException: no such alert
  (Session info: chrome=112.0.5615.121)
Build info: version: '4.7.0', revision: '0a5b49d16f'
System info: os.name: 'Windows 10', os.arch: 'amd64', os.version: '10.0', java.version: '11.0.18'
Driver info: org.openqa.selenium.chrome.ChromeDriver
Command: [e18471405cc0db9d22187b3f11ca1fdd, getAlertText {}]
Capabilities {acceptInsecureCerts: false, browserName: chrome, browserVersion: 112.0.5615.121, chrome: {chromedriverVersion: 112.0.5615.49 (bd2a7bcb881c..., userDataDir: C:\Users\ADAM-M~1\AppData\L...}, goog:chromeOptions: {debuggerAddress: localhost:62616}, networkConnectionEnabled: false, pageLoadStrategy: normal, platformName: WINDOWS, proxy: Proxy(), se:cdp: ws://localhost:62616/devtoo..., se:cdpVersion: 112.0.5615.121, setWindowRect: true, strictFileInteractability: false, timeouts: {implicit: 0, pageLoad: 300000, script: 30000}, unhandledPromptBehavior: dismiss and notify, webauthn:extension:credBlob: true, webauthn:extension:largeBlob: true, webauthn:extension:minPinLength: true, webauthn:extension:prf: true, webauthn:virtualAuthenticators: true}
Session ID: e18471405cc0db9d22187b3f11ca1fdd
01:06:56.486  INFO  manager.ListenerWD - *************
01:06:56.491  INFO  manager.ListenerWD - Screen with error is--->src/test/screenshots/screen_1481.png
01:06:57.028  INFO  manager.ListenerWD - Huston we have a problem!
01:06:57.029  INFO  manager.ListenerWD - Object target--->org.openqa.selenium.remote.RemoteWebDriver$RemoteTargetLocator@9f674ac
01:06:57.029  INFO  manager.ListenerWD - *************
01:06:57.030  INFO  manager.ListenerWD - Method namealert
01:06:57.030  INFO  manager.ListenerWD - *************
01:06:57.030  INFO  manager.ListenerWD - *************
01:06:57.030  INFO  manager.ListenerWD - *************
01:06:57.031  INFO  manager.ListenerWD - InvocationTargetException & getTargetExceptionorg.openqa.selenium.NoAlertPresentException: no such alert
  (Session info: chrome=112.0.5615.121)
Build info: version: '4.7.0', revision: '0a5b49d16f'
System info: os.name: 'Windows 10', os.arch: 'amd64', os.version: '10.0', java.version: '11.0.18'
Driver info: org.openqa.selenium.chrome.ChromeDriver
Command: [e18471405cc0db9d22187b3f11ca1fdd, getAlertText {}]
Capabilities {acceptInsecureCerts: false, browserName: chrome, browserVersion: 112.0.5615.121, chrome: {chromedriverVersion: 112.0.5615.49 (bd2a7bcb881c..., userDataDir: C:\Users\ADAM-M~1\AppData\L...}, goog:chromeOptions: {debuggerAddress: localhost:62616}, networkConnectionEnabled: false, pageLoadStrategy: normal, platformName: WINDOWS, proxy: Proxy(), se:cdp: ws://localhost:62616/devtoo..., se:cdpVersion: 112.0.5615.121, setWindowRect: true, strictFileInteractability: false, timeouts: {implicit: 0, pageLoad: 300000, script: 30000}, unhandledPromptBehavior: dismiss and notify, webauthn:extension:credBlob: true, webauthn:extension:largeBlob: true, webauthn:extension:minPinLength: true, webauthn:extension:prf: true, webauthn:virtualAuthenticators: true}
Session ID: e18471405cc0db9d22187b3f11ca1fdd
01:06:57.032  INFO  manager.ListenerWD - *************
01:06:57.032  INFO  manager.ListenerWD - Screen with error is--->src/test/screenshots/screen_1125.png
01:06:57.562  INFO  manager.ListenerWD - Huston we have a problem!
01:06:57.563  INFO  manager.ListenerWD - Object target--->org.openqa.selenium.remote.RemoteWebDriver$RemoteTargetLocator@485caa8f
01:06:57.563  INFO  manager.ListenerWD - *************
01:06:57.564  INFO  manager.ListenerWD - Method namealert
01:06:57.564  INFO  manager.ListenerWD - *************
01:06:57.564  INFO  manager.ListenerWD - *************
01:06:57.564  INFO  manager.ListenerWD - *************
01:06:57.565  INFO  manager.ListenerWD - InvocationTargetException & getTargetExceptionorg.openqa.selenium.NoAlertPresentException: no such alert
  (Session info: chrome=112.0.5615.121)
Build info: version: '4.7.0', revision: '0a5b49d16f'
System info: os.name: 'Windows 10', os.arch: 'amd64', os.version: '10.0', java.version: '11.0.18'
Driver info: org.openqa.selenium.chrome.ChromeDriver
Command: [e18471405cc0db9d22187b3f11ca1fdd, getAlertText {}]
Capabilities {acceptInsecureCerts: false, browserName: chrome, browserVersion: 112.0.5615.121, chrome: {chromedriverVersion: 112.0.5615.49 (bd2a7bcb881c..., userDataDir: C:\Users\ADAM-M~1\AppData\L...}, goog:chromeOptions: {debuggerAddress: localhost:62616}, networkConnectionEnabled: false, pageLoadStrategy: normal, platformName: WINDOWS, proxy: Proxy(), se:cdp: ws://localhost:62616/devtoo..., se:cdpVersion: 112.0.5615.121, setWindowRect: true, strictFileInteractability: false, timeouts: {implicit: 0, pageLoad: 300000, script: 30000}, unhandledPromptBehavior: dismiss and notify, webauthn:extension:credBlob: true, webauthn:extension:largeBlob: true, webauthn:extension:minPinLength: true, webauthn:extension:prf: true, webauthn:virtualAuthenticators: true}
Session ID: e18471405cc0db9d22187b3f11ca1fdd
01:06:57.566  INFO  manager.ListenerWD - *************
01:06:57.567  INFO  manager.ListenerWD - Screen with error is--->src/test/screenshots/screen_1831.png
01:06:58.122  INFO  tests.TestBase - User already exist'
01:06:58.131  INFO  tests.TestBase - Name of method-->registrationSuccess
01:06:59.145  INFO  manager.ListenerWD - Before Find ElementS--->By.xpath: //button[text()='Sign Out']
01:07:04.196  INFO  manager.ListenerWD - After Find ElementS--->By.xpath: //button[text()='Sign Out']
01:07:04.197  INFO  manager.ListenerWD - List of elements is--->0
01:07:04.197  INFO  tests.TestBase - Start test with name 'RegistrationSuccess'
01:07:04.198  INFO  tests.TestBase - Tests run with data:--->User{email='ela1739@gmail.com', password='El12345$'}
01:07:04.198  INFO  manager.ListenerWD - Before Find Element--->By.cssSelector: a[href='/login']
01:07:04.230  INFO  manager.ListenerWD - After Find Element--->By.cssSelector: a[href='/login']
01:07:04.241  INFO  manager.ListenerWD - Location of element(1151, 33)
01:07:04.274  INFO  manager.ListenerWD - Before Find Element--->By.name: email
01:07:04.291  INFO  manager.ListenerWD - After Find Element--->By.name: email
01:07:04.301  INFO  manager.ListenerWD - Location of element(431, 281)
01:07:04.440  INFO  manager.ListenerWD - Before Find Element--->By.name: password
01:07:04.456  INFO  manager.ListenerWD - After Find Element--->By.name: password
01:07:04.465  INFO  manager.ListenerWD - Location of element(431, 351)
01:07:05.589  INFO  manager.ListenerWD - Before Find Element--->By.xpath: //button[text()='Registration']
01:07:05.627  INFO  manager.ListenerWD - After Find Element--->By.xpath: //button[text()='Registration']
01:07:05.639  INFO  manager.ListenerWD - Location of element(681, 421)
01:07:06.687  INFO  manager.ListenerWD - Before Find ElementS--->By.xpath: //button[text()='Sign Out']
01:07:06.717  INFO  manager.ListenerWD - After Find ElementS--->By.xpath: //button[text()='Sign Out']
01:07:06.718  INFO  manager.ListenerWD - List of elements is--->1
01:07:06.718  INFO  manager.ListenerWD - Before Find Element--->By.cssSelector: .contact-page_message__2qafk>h1
01:07:06.751  INFO  manager.ListenerWD - After Find Element--->By.cssSelector: .contact-page_message__2qafk>h1
01:07:06.763  INFO  manager.ListenerWD - Location of element(505, 271)
01:07:06.779  INFO  manager.ListenerWD - Before Find Element--->By.cssSelector: .contact-page_message__2qafk>h1
01:07:06.803  INFO  manager.ListenerWD - After Find Element--->By.cssSelector: .contact-page_message__2qafk>h1
01:07:06.814  INFO  manager.ListenerWD - Location of element(505, 271)
01:07:06.856  INFO  manager.ListenerWD - Before Find Element--->By.cssSelector: .contact-page_message__2qafk>h1
01:07:06.876  INFO  manager.ListenerWD - After Find Element--->By.cssSelector: .contact-page_message__2qafk>h1
01:07:06.886  INFO  manager.ListenerWD - Location of element(505, 271)
01:07:06.896  INFO  tests.TestBase - Assert check is Element button 'Sign out' present
01:07:06.897  INFO  tests.TestBase - Assert check is massage 'No Contacts here!' present
01:07:06.898  INFO  tests.TestBase - Name of method-->registrationWrongEmail
01:07:07.902  INFO  manager.ListenerWD - Before Find ElementS--->By.xpath: //button[text()='Sign Out']
01:07:07.929  INFO  manager.ListenerWD - After Find ElementS--->By.xpath: //button[text()='Sign Out']
01:07:07.929  INFO  manager.ListenerWD - List of elements is--->1
01:07:07.929  INFO  manager.ListenerWD - Before Find Element--->By.xpath: //button[text()='Sign Out']
01:07:07.962  INFO  manager.ListenerWD - After Find Element--->By.xpath: //button[text()='Sign Out']
01:07:07.972  INFO  manager.ListenerWD - Location of element(1173, 39)
01:07:08.003  INFO  tests.TestBase - Before method finish logout
01:07:08.007  INFO  tests.TestBase - Start test with name 'Registration with wrong Email'
01:07:08.007  INFO  tests.TestBase - Tests run with data:--->User{email='dongmail.com', password='Don12345$'}
01:07:08.008  INFO  manager.ListenerWD - Before Find Element--->By.cssSelector: a[href='/login']
01:07:08.024  INFO  manager.ListenerWD - After Find Element--->By.cssSelector: a[href='/login']
01:07:08.035  INFO  manager.ListenerWD - Location of element(1151, 33)
01:07:08.065  INFO  manager.ListenerWD - Before Find Element--->By.name: email
01:07:08.076  INFO  manager.ListenerWD - After Find Element--->By.name: email
01:07:08.086  INFO  manager.ListenerWD - Location of element(431, 250)
01:07:08.190  INFO  manager.ListenerWD - Before Find Element--->By.name: password
01:07:08.201  INFO  manager.ListenerWD - After Find Element--->By.name: password
01:07:08.208  INFO  manager.ListenerWD - Location of element(431, 320)
01:07:09.328  INFO  manager.ListenerWD - Before Find Element--->By.xpath: //button[text()='Registration']
01:07:09.361  INFO  manager.ListenerWD - After Find Element--->By.xpath: //button[text()='Registration']
01:07:09.376  INFO  manager.ListenerWD - Location of element(681, 390)
01:07:09.423  INFO  manager.ListenerWD - Huston we have a problem!
01:07:09.423  INFO  manager.ListenerWD - Object target--->org.openqa.selenium.remote.RemoteWebDriver$RemoteTargetLocator@7741d346
01:07:09.423  INFO  manager.ListenerWD - *************
01:07:09.423  INFO  manager.ListenerWD - Method namealert
01:07:09.423  INFO  manager.ListenerWD - *************
01:07:09.423  INFO  manager.ListenerWD - *************
01:07:09.423  INFO  manager.ListenerWD - *************
01:07:09.423  INFO  manager.ListenerWD - InvocationTargetException & getTargetExceptionorg.openqa.selenium.NoAlertPresentException: no such alert
  (Session info: chrome=112.0.5615.121)
Build info: version: '4.7.0', revision: '0a5b49d16f'
System info: os.name: 'Windows 10', os.arch: 'amd64', os.version: '10.0', java.version: '11.0.18'
Driver info: org.openqa.selenium.chrome.ChromeDriver
Command: [e18471405cc0db9d22187b3f11ca1fdd, getAlertText {}]
Capabilities {acceptInsecureCerts: false, browserName: chrome, browserVersion: 112.0.5615.121, chrome: {chromedriverVersion: 112.0.5615.49 (bd2a7bcb881c..., userDataDir: C:\Users\ADAM-M~1\AppData\L...}, goog:chromeOptions: {debuggerAddress: localhost:62616}, networkConnectionEnabled: false, pageLoadStrategy: normal, platformName: WINDOWS, proxy: Proxy(), se:cdp: ws://localhost:62616/devtoo..., se:cdpVersion: 112.0.5615.121, setWindowRect: true, strictFileInteractability: false, timeouts: {implicit: 0, pageLoad: 300000, script: 30000}, unhandledPromptBehavior: dismiss and notify, webauthn:extension:credBlob: true, webauthn:extension:largeBlob: true, webauthn:extension:minPinLength: true, webauthn:extension:prf: true, webauthn:virtualAuthenticators: true}
Session ID: e18471405cc0db9d22187b3f11ca1fdd
01:07:09.423  INFO  manager.ListenerWD - *************
01:07:09.423  INFO  manager.ListenerWD - Screen with error is--->src/test/screenshots/screen_1917.png
01:07:09.973  INFO  tests.TestBase - Assert check is massage 'Wrong email or password format'
01:07:09.974  INFO  tests.TestBase - Name of method-->registrationWrongPassword
01:07:10.977  INFO  manager.ListenerWD - Before Find ElementS--->By.xpath: //button[text()='Sign Out']
01:07:16.014  INFO  manager.ListenerWD - After Find ElementS--->By.xpath: //button[text()='Sign Out']
01:07:16.014  INFO  manager.ListenerWD - List of elements is--->0
01:07:16.015  INFO  tests.TestBase - Start test with name 'Registration with wrong Password'
01:07:16.016  INFO  tests.TestBase - Tests run with data:--->User{email='don@gmail.com', password='Don12'}
01:07:16.016  INFO  manager.ListenerWD - Before Find Element--->By.cssSelector: a[href='/login']
01:07:16.040  INFO  manager.ListenerWD - After Find Element--->By.cssSelector: a[href='/login']
01:07:16.053  INFO  manager.ListenerWD - Location of element(1151, 33)
01:07:16.085  INFO  manager.ListenerWD - Before Find Element--->By.name: email
01:07:16.096  INFO  manager.ListenerWD - After Find Element--->By.name: email
01:07:16.104  INFO  manager.ListenerWD - Location of element(431, 281)
01:07:16.221  INFO  manager.ListenerWD - Before Find Element--->By.name: password
01:07:16.232  INFO  manager.ListenerWD - After Find Element--->By.name: password
01:07:16.239  INFO  manager.ListenerWD - Location of element(431, 351)
01:07:17.355  INFO  manager.ListenerWD - Before Find Element--->By.xpath: //button[text()='Registration']
01:07:17.377  INFO  manager.ListenerWD - After Find Element--->By.xpath: //button[text()='Registration']
01:07:17.393  INFO  manager.ListenerWD - Location of element(681, 421)
01:07:17.439  INFO  manager.ListenerWD - Huston we have a problem!
01:07:17.439  INFO  manager.ListenerWD - Object target--->org.openqa.selenium.remote.RemoteWebDriver$RemoteTargetLocator@68b7d0ef
01:07:17.439  INFO  manager.ListenerWD - *************
01:07:17.439  INFO  manager.ListenerWD - Method namealert
01:07:17.439  INFO  manager.ListenerWD - *************
01:07:17.439  INFO  manager.ListenerWD - *************
01:07:17.439  INFO  manager.ListenerWD - *************
01:07:17.440  INFO  manager.ListenerWD - InvocationTargetException & getTargetExceptionorg.openqa.selenium.NoAlertPresentException: no such alert
  (Session info: chrome=112.0.5615.121)
Build info: version: '4.7.0', revision: '0a5b49d16f'
System info: os.name: 'Windows 10', os.arch: 'amd64', os.version: '10.0', java.version: '11.0.18'
Driver info: org.openqa.selenium.chrome.ChromeDriver
Command: [e18471405cc0db9d22187b3f11ca1fdd, getAlertText {}]
Capabilities {acceptInsecureCerts: false, browserName: chrome, browserVersion: 112.0.5615.121, chrome: {chromedriverVersion: 112.0.5615.49 (bd2a7bcb881c..., userDataDir: C:\Users\ADAM-M~1\AppData\L...}, goog:chromeOptions: {debuggerAddress: localhost:62616}, networkConnectionEnabled: false, pageLoadStrategy: normal, platformName: WINDOWS, proxy: Proxy(), se:cdp: ws://localhost:62616/devtoo..., se:cdpVersion: 112.0.5615.121, setWindowRect: true, strictFileInteractability: false, timeouts: {implicit: 0, pageLoad: 300000, script: 30000}, unhandledPromptBehavior: dismiss and notify, webauthn:extension:credBlob: true, webauthn:extension:largeBlob: true, webauthn:extension:minPinLength: true, webauthn:extension:prf: true, webauthn:virtualAuthenticators: true}
Session ID: e18471405cc0db9d22187b3f11ca1fdd
01:07:17.440  INFO  manager.ListenerWD - *************
01:07:17.440  INFO  manager.ListenerWD - Screen with error is--->src/test/screenshots/screen_1266.png
01:07:17.980  INFO  tests.TestBase - Assert check is massage 'Wrong email or password format'
