20:35:37.297  INFO  manager.ApplicationManager - All tests run in FIREFOX Browser
20:35:38.589  INFO  manager.ApplicationManager - The link--->https://telranedu.web.app/home
20:35:38.618  INFO  tests.TestBase - Name of method-->loginSuccess
20:35:39.628  INFO  manager.ListenerWD - Before Find ElementS--->By.xpath: //button[text()='Sign Out']
20:35:44.685  INFO  manager.ListenerWD - After Find ElementS--->By.xpath: //button[text()='Sign Out']
20:35:44.685  INFO  manager.ListenerWD - List of elements is--->0
20:35:44.687  INFO  tests.TestBase - Start test with name 'LoginSuccess'
20:35:44.705  INFO  tests.TestBase - Test data---> email: inna_83@gmail.com & password: Aa13579$
20:35:44.705  INFO  manager.ListenerWD - Before Find Element--->By.cssSelector: a[href='/login']
20:35:44.727  INFO  manager.ListenerWD - After Find Element--->By.cssSelector: a[href='/login']
20:35:44.733  INFO  manager.ListenerWD - Location of element(1152, 34)
20:35:44.974  INFO  manager.ListenerWD - Before Find Element--->By.name: email
20:35:45.003  INFO  manager.ListenerWD - After Find Element--->By.name: email
20:35:45.008  INFO  manager.ListenerWD - Location of element(440, 250)
20:35:45.282  INFO  manager.ListenerWD - Before Find Element--->By.xpath: //input[last()]
20:35:45.298  INFO  manager.ListenerWD - After Find Element--->By.xpath: //input[last()]
20:35:45.302  INFO  manager.ListenerWD - Location of element(440, 320)
20:35:45.558  INFO  manager.ListenerWD - Before Find Element--->By.xpath: //button[text()='Login']
20:35:45.572  INFO  manager.ListenerWD - After Find Element--->By.xpath: //button[text()='Login']
20:35:45.578  INFO  manager.ListenerWD - Location of element(440, 390)
20:35:46.799  INFO  manager.ListenerWD - Before Find ElementS--->By.xpath: //button[text()='Sign Out']
20:35:46.829  INFO  manager.ListenerWD - After Find ElementS--->By.xpath: //button[text()='Sign Out']
20:35:46.829  INFO  manager.ListenerWD - List of elements is--->1
20:35:46.832  INFO  tests.TestBase - Assert check is Element button 'Sign out' present
20:35:46.838  INFO  tests.TestBase - Name of method-->loginSuccess
20:35:47.844  INFO  manager.ListenerWD - Before Find ElementS--->By.xpath: //button[text()='Sign Out']
20:35:47.861  INFO  manager.ListenerWD - After Find ElementS--->By.xpath: //button[text()='Sign Out']
20:35:47.862  INFO  manager.ListenerWD - List of elements is--->1
20:35:47.862  INFO  manager.ListenerWD - Before Find Element--->By.xpath: //button[text()='Sign Out']
20:35:47.875  INFO  manager.ListenerWD - After Find Element--->By.xpath: //button[text()='Sign Out']
20:35:47.878  INFO  manager.ListenerWD - Location of element(1177, 39)
20:35:48.094  INFO  tests.TestBase - Before method finish logout
20:35:48.095  INFO  tests.TestBase - Start test with name 'LoginSuccess'
20:35:48.095  INFO  tests.TestBase - Test data---> email: inna_83@gmail.com & password: Aa13579$
20:35:48.095  INFO  manager.ListenerWD - Before Find Element--->By.cssSelector: a[href='/login']
20:35:48.114  INFO  manager.ListenerWD - After Find Element--->By.cssSelector: a[href='/login']
20:35:48.118  INFO  manager.ListenerWD - Location of element(1168, 33)
20:35:48.343  INFO  manager.ListenerWD - Before Find Element--->By.name: email
20:35:48.361  INFO  manager.ListenerWD - After Find Element--->By.name: email
20:35:48.365  INFO  manager.ListenerWD - Location of element(440, 250)
20:35:48.634  INFO  manager.ListenerWD - Before Find Element--->By.xpath: //input[last()]
20:35:48.644  INFO  manager.ListenerWD - After Find Element--->By.xpath: //input[last()]
20:35:48.649  INFO  manager.ListenerWD - Location of element(440, 320)
20:35:48.907  INFO  manager.ListenerWD - Before Find Element--->By.xpath: //button[text()='Login']
20:35:48.921  INFO  manager.ListenerWD - After Find Element--->By.xpath: //button[text()='Login']
20:35:48.928  INFO  manager.ListenerWD - Location of element(440, 390)
20:35:50.157  INFO  manager.ListenerWD - Before Find ElementS--->By.xpath: //button[text()='Sign Out']
20:35:50.172  INFO  manager.ListenerWD - After Find ElementS--->By.xpath: //button[text()='Sign Out']
20:35:50.172  INFO  manager.ListenerWD - List of elements is--->1
20:35:50.172  INFO  tests.TestBase - Assert check is Element button 'Sign out' present
20:35:50.174  INFO  tests.TestBase - Name of method-->loginSuccessModel
20:35:51.182  INFO  manager.ListenerWD - Before Find ElementS--->By.xpath: //button[text()='Sign Out']
20:35:51.195  INFO  manager.ListenerWD - After Find ElementS--->By.xpath: //button[text()='Sign Out']
20:35:51.195  INFO  manager.ListenerWD - List of elements is--->1
20:35:51.196  INFO  manager.ListenerWD - Before Find Element--->By.xpath: //button[text()='Sign Out']
20:35:51.214  INFO  manager.ListenerWD - After Find Element--->By.xpath: //button[text()='Sign Out']
20:35:51.219  INFO  manager.ListenerWD - Location of element(1177, 39)
20:35:51.446  INFO  tests.TestBase - Before method finish logout
20:35:51.447  INFO  tests.TestBase - Test data---> User{email='inna_83@gmail.com', password='Aa13579$'}
20:35:51.447  INFO  manager.ListenerWD - Before Find Element--->By.cssSelector: a[href='/login']
20:35:51.458  INFO  manager.ListenerWD - After Find Element--->By.cssSelector: a[href='/login']
20:35:51.463  INFO  manager.ListenerWD - Location of element(1168, 33)
20:35:51.677  INFO  manager.ListenerWD - Before Find Element--->By.name: email
20:35:51.693  INFO  manager.ListenerWD - After Find Element--->By.name: email
20:35:51.698  INFO  manager.ListenerWD - Location of element(440, 250)
20:35:51.969  INFO  manager.ListenerWD - Before Find Element--->By.name: password
20:35:51.980  INFO  manager.ListenerWD - After Find Element--->By.name: password
20:35:51.985  INFO  manager.ListenerWD - Location of element(440, 320)
20:35:52.238  INFO  manager.ListenerWD - Before Find Element--->By.xpath: //button[text()='Login']
20:35:52.249  INFO  manager.ListenerWD - After Find Element--->By.xpath: //button[text()='Login']
20:35:52.253  INFO  manager.ListenerWD - Location of element(440, 390)
20:35:53.473  INFO  manager.ListenerWD - Before Find ElementS--->By.xpath: //button[text()='Sign Out']
20:35:53.484  INFO  manager.ListenerWD - After Find ElementS--->By.xpath: //button[text()='Sign Out']
20:35:53.484  INFO  manager.ListenerWD - List of elements is--->1
20:35:53.485  INFO  tests.TestBase - Assert check is Element button 'Sign out' present
20:35:53.486  INFO  tests.TestBase - Name of method-->loginSuccessModel
20:35:54.499  INFO  manager.ListenerWD - Before Find ElementS--->By.xpath: //button[text()='Sign Out']
20:35:54.516  INFO  manager.ListenerWD - After Find ElementS--->By.xpath: //button[text()='Sign Out']
20:35:54.516  INFO  manager.ListenerWD - List of elements is--->1
20:35:54.516  INFO  manager.ListenerWD - Before Find Element--->By.xpath: //button[text()='Sign Out']
20:35:54.527  INFO  manager.ListenerWD - After Find Element--->By.xpath: //button[text()='Sign Out']
20:35:54.533  INFO  manager.ListenerWD - Location of element(1177, 39)
20:35:54.763  INFO  tests.TestBase - Before method finish logout
20:35:54.765  INFO  tests.TestBase - Test data---> User{email='inna_83@gmail.com', password='Aa13579$'}
20:35:54.766  INFO  manager.ListenerWD - Before Find Element--->By.cssSelector: a[href='/login']
20:35:54.779  INFO  manager.ListenerWD - After Find Element--->By.cssSelector: a[href='/login']
20:35:54.785  INFO  manager.ListenerWD - Location of element(1168, 33)
20:35:55.011  INFO  manager.ListenerWD - Before Find Element--->By.name: email
20:35:55.024  INFO  manager.ListenerWD - After Find Element--->By.name: email
20:35:55.030  INFO  manager.ListenerWD - Location of element(440, 250)
20:35:55.283  INFO  manager.ListenerWD - Before Find Element--->By.name: password
20:35:55.292  INFO  manager.ListenerWD - After Find Element--->By.name: password
20:35:55.297  INFO  manager.ListenerWD - Location of element(440, 320)
20:35:55.550  INFO  manager.ListenerWD - Before Find Element--->By.xpath: //button[text()='Login']
20:35:55.560  INFO  manager.ListenerWD - After Find Element--->By.xpath: //button[text()='Login']
20:35:55.566  INFO  manager.ListenerWD - Location of element(440, 390)
20:35:56.791  INFO  manager.ListenerWD - Before Find ElementS--->By.xpath: //button[text()='Sign Out']
20:35:56.807  INFO  manager.ListenerWD - After Find ElementS--->By.xpath: //button[text()='Sign Out']
20:35:56.807  INFO  manager.ListenerWD - List of elements is--->1
20:35:56.807  INFO  tests.TestBase - Assert check is Element button 'Sign out' present
20:35:56.809  INFO  tests.TestBase - Name of method-->loginSuccessModelDP
20:35:57.809  INFO  manager.ListenerWD - Before Find ElementS--->By.xpath: //button[text()='Sign Out']
20:35:57.820  INFO  manager.ListenerWD - After Find ElementS--->By.xpath: //button[text()='Sign Out']
20:35:57.820  INFO  manager.ListenerWD - List of elements is--->1
20:35:57.820  INFO  manager.ListenerWD - Before Find Element--->By.xpath: //button[text()='Sign Out']
20:35:57.832  INFO  manager.ListenerWD - After Find Element--->By.xpath: //button[text()='Sign Out']
20:35:57.837  INFO  manager.ListenerWD - Location of element(1177, 39)
20:35:58.050  INFO  tests.TestBase - Before method finish logout
20:35:58.050  INFO  tests.TestBase - Test data---> User{email='inna_83@gmail.com', password='Aa13579$'}
20:35:58.051  INFO  manager.ListenerWD - Before Find Element--->By.cssSelector: a[href='/login']
20:35:58.061  INFO  manager.ListenerWD - After Find Element--->By.cssSelector: a[href='/login']
20:35:58.066  INFO  manager.ListenerWD - Location of element(1168, 33)
20:35:58.280  INFO  manager.ListenerWD - Before Find Element--->By.name: email
20:35:58.294  INFO  manager.ListenerWD - After Find Element--->By.name: email
20:35:58.298  INFO  manager.ListenerWD - Location of element(440, 250)
20:35:58.547  INFO  manager.ListenerWD - Before Find Element--->By.name: password
20:35:58.554  INFO  manager.ListenerWD - After Find Element--->By.name: password
20:35:58.560  INFO  manager.ListenerWD - Location of element(440, 320)
20:35:58.815  INFO  manager.ListenerWD - Before Find Element--->By.xpath: //button[text()='Login']
20:35:58.823  INFO  manager.ListenerWD - After Find Element--->By.xpath: //button[text()='Login']
20:35:58.828  INFO  manager.ListenerWD - Location of element(440, 390)
20:36:00.061  INFO  manager.ListenerWD - Before Find ElementS--->By.xpath: //button[text()='Sign Out']
20:36:00.071  INFO  manager.ListenerWD - After Find ElementS--->By.xpath: //button[text()='Sign Out']
20:36:00.071  INFO  manager.ListenerWD - List of elements is--->1
20:36:00.071  INFO  tests.TestBase - Assert check is Element button 'Sign out' present
20:36:00.072  INFO  tests.TestBase - Name of method-->loginSuccessModelDP
20:36:01.083  INFO  manager.ListenerWD - Before Find ElementS--->By.xpath: //button[text()='Sign Out']
20:36:01.095  INFO  manager.ListenerWD - After Find ElementS--->By.xpath: //button[text()='Sign Out']
20:36:01.096  INFO  manager.ListenerWD - List of elements is--->1
20:36:01.096  INFO  manager.ListenerWD - Before Find Element--->By.xpath: //button[text()='Sign Out']
20:36:01.110  INFO  manager.ListenerWD - After Find Element--->By.xpath: //button[text()='Sign Out']
20:36:01.115  INFO  manager.ListenerWD - Location of element(1177, 39)
20:36:01.333  INFO  tests.TestBase - Before method finish logout
20:36:01.334  INFO  tests.TestBase - Test data---> User{email='sonya@gmail.com', password='Ss12345$'}
20:36:01.334  INFO  manager.ListenerWD - Before Find Element--->By.cssSelector: a[href='/login']
20:36:01.343  INFO  manager.ListenerWD - After Find Element--->By.cssSelector: a[href='/login']
20:36:01.348  INFO  manager.ListenerWD - Location of element(1168, 33)
20:36:01.565  INFO  manager.ListenerWD - Before Find Element--->By.name: email
20:36:01.574  INFO  manager.ListenerWD - After Find Element--->By.name: email
20:36:01.578  INFO  manager.ListenerWD - Location of element(440, 250)
20:36:01.837  INFO  manager.ListenerWD - Before Find Element--->By.name: password
20:36:01.847  INFO  manager.ListenerWD - After Find Element--->By.name: password
20:36:01.850  INFO  manager.ListenerWD - Location of element(440, 320)
20:36:02.104  INFO  manager.ListenerWD - Before Find Element--->By.xpath: //button[text()='Login']
20:36:02.116  INFO  manager.ListenerWD - After Find Element--->By.xpath: //button[text()='Login']
20:36:02.119  INFO  manager.ListenerWD - Location of element(440, 390)
20:36:03.348  INFO  manager.ListenerWD - Before Find ElementS--->By.xpath: //button[text()='Sign Out']
20:36:03.358  INFO  manager.ListenerWD - After Find ElementS--->By.xpath: //button[text()='Sign Out']
20:36:03.359  INFO  manager.ListenerWD - List of elements is--->1
20:36:03.359  INFO  tests.TestBase - Assert check is Element button 'Sign out' present
20:36:03.360  INFO  tests.TestBase - Name of method-->loginUnregisteredUser
20:36:04.371  INFO  manager.ListenerWD - Before Find ElementS--->By.xpath: //button[text()='Sign Out']
20:36:04.379  INFO  manager.ListenerWD - After Find ElementS--->By.xpath: //button[text()='Sign Out']
20:36:04.380  INFO  manager.ListenerWD - List of elements is--->1
20:36:04.380  INFO  manager.ListenerWD - Before Find Element--->By.xpath: //button[text()='Sign Out']
20:36:04.387  INFO  manager.ListenerWD - After Find Element--->By.xpath: //button[text()='Sign Out']
20:36:04.391  INFO  manager.ListenerWD - Location of element(1177, 39)
20:36:04.619  INFO  tests.TestBase - Before method finish logout
20:36:04.620  INFO  tests.TestBase - Test data---> email: 'pinokio@gmail.com' & password: 'Aa13975425$'
20:36:04.620  INFO  manager.ListenerWD - Before Find Element--->By.cssSelector: a[href='/login']
20:36:04.633  INFO  manager.ListenerWD - After Find Element--->By.cssSelector: a[href='/login']
20:36:04.638  INFO  manager.ListenerWD - Location of element(1168, 33)
20:36:04.849  INFO  manager.ListenerWD - Before Find Element--->By.name: email
20:36:04.858  INFO  manager.ListenerWD - After Find Element--->By.name: email
20:36:04.861  INFO  manager.ListenerWD - Location of element(440, 250)
20:36:05.122  INFO  manager.ListenerWD - Before Find Element--->By.xpath: //input[last()]
20:36:05.132  INFO  manager.ListenerWD - After Find Element--->By.xpath: //input[last()]
20:36:05.135  INFO  manager.ListenerWD - Location of element(440, 320)
20:36:05.384  INFO  manager.ListenerWD - Before Find Element--->By.xpath: //button[text()='Login']
20:36:05.392  INFO  manager.ListenerWD - After Find Element--->By.xpath: //button[text()='Login']
20:36:05.396  INFO  manager.ListenerWD - Location of element(440, 390)
20:36:05.662  INFO  manager.ListenerWD - Huston we have a problem!
20:36:05.663  INFO  manager.ListenerWD - Object target--->org.openqa.selenium.remote.RemoteWebDriver$RemoteTargetLocator@6c0e13b7
20:36:05.663  INFO  manager.ListenerWD - *************
20:36:05.663  INFO  manager.ListenerWD - Method namealert
20:36:05.663  INFO  manager.ListenerWD - *************
20:36:05.663  INFO  manager.ListenerWD - *************
20:36:05.663  INFO  manager.ListenerWD - *************
20:36:05.665  INFO  manager.ListenerWD - InvocationTargetException & getTargetExceptionorg.openqa.selenium.NoAlertPresentException: Build info: version: '4.7.0', revision: '0a5b49d16f'
System info: os.name: 'Windows 10', os.arch: 'amd64', os.version: '10.0', java.version: '1.8.0_361'
Driver info: org.openqa.selenium.firefox.FirefoxDriver
Command: [be3c2a26-3897-4b7b-9148-e84fda36d4ce, getAlertText {}]
Capabilities {acceptInsecureCerts: true, browserName: firefox, browserVersion: 112.0.2, moz:accessibilityChecks: false, moz:buildID: 20230424110519, moz:debuggerAddress: 127.0.0.1:17317, moz:geckodriverVersion: 0.33.0, moz:headless: false, moz:platformVersion: 10.0, moz:processID: 8372, moz:profile: C:\Users\ADAM-M~1\AppData\L..., moz:shutdownTimeout: 60000, moz:useNonSpecCompliantPointerOrigin: false, moz:webdriverClick: true, moz:windowless: false, pageLoadStrategy: normal, platformName: WINDOWS, proxy: Proxy(), se:cdp: ws://127.0.0.1:17317/devtoo..., se:cdpVersion: 85.0, setWindowRect: true, strictFileInteractability: false, timeouts: {implicit: 0, pageLoad: 300000, script: 30000}, unhandledPromptBehavior: dismiss and notify}
Session ID: be3c2a26-3897-4b7b-9148-e84fda36d4ce
20:36:05.666  INFO  manager.ListenerWD - *************
20:36:05.666  INFO  manager.ListenerWD - Screen with error is--->src/test/screenshots/screen_1283.png
20:36:06.209  INFO  tests.TestBase - Assert check is alert present with text  button 'Wrong email or password'
20:36:06.210  INFO  tests.TestBase - Name of method-->loginWrongEmail
20:36:07.221  INFO  manager.ListenerWD - Before Find ElementS--->By.xpath: //button[text()='Sign Out']
20:36:12.230  INFO  manager.ListenerWD - After Find ElementS--->By.xpath: //button[text()='Sign Out']
20:36:12.231  INFO  manager.ListenerWD - List of elements is--->0
20:36:12.231  INFO  tests.TestBase - Test data---> email: 'inna_83gmail.com' & password: 'Aa13579$'
20:36:12.231  INFO  manager.ListenerWD - Before Find Element--->By.cssSelector: a[href='/login']
20:36:12.242  INFO  manager.ListenerWD - After Find Element--->By.cssSelector: a[href='/login']
20:36:12.247  INFO  manager.ListenerWD - Location of element(1168, 33)
20:36:12.466  INFO  manager.ListenerWD - Before Find Element--->By.name: email
20:36:12.479  INFO  manager.ListenerWD - After Find Element--->By.name: email
20:36:12.483  INFO  manager.ListenerWD - Location of element(440, 281)
20:36:12.739  INFO  manager.ListenerWD - Before Find Element--->By.xpath: //input[last()]
20:36:12.748  INFO  manager.ListenerWD - After Find Element--->By.xpath: //input[last()]
20:36:12.751  INFO  manager.ListenerWD - Location of element(440, 351)
20:36:13.012  INFO  manager.ListenerWD - Before Find Element--->By.xpath: //button[text()='Login']
20:36:13.019  INFO  manager.ListenerWD - After Find Element--->By.xpath: //button[text()='Login']
20:36:13.022  INFO  manager.ListenerWD - Location of element(440, 421)
20:36:13.246  INFO  manager.ListenerWD - Huston we have a problem!
20:36:13.246  INFO  manager.ListenerWD - Object target--->org.openqa.selenium.remote.RemoteWebDriver$RemoteTargetLocator@5d8ab698
20:36:13.246  INFO  manager.ListenerWD - *************
20:36:13.246  INFO  manager.ListenerWD - Method namealert
20:36:13.246  INFO  manager.ListenerWD - *************
20:36:13.246  INFO  manager.ListenerWD - *************
20:36:13.246  INFO  manager.ListenerWD - *************
20:36:13.247  INFO  manager.ListenerWD - InvocationTargetException & getTargetExceptionorg.openqa.selenium.NoAlertPresentException: Build info: version: '4.7.0', revision: '0a5b49d16f'
System info: os.name: 'Windows 10', os.arch: 'amd64', os.version: '10.0', java.version: '1.8.0_361'
Driver info: org.openqa.selenium.firefox.FirefoxDriver
Command: [be3c2a26-3897-4b7b-9148-e84fda36d4ce, getAlertText {}]
Capabilities {acceptInsecureCerts: true, browserName: firefox, browserVersion: 112.0.2, moz:accessibilityChecks: false, moz:buildID: 20230424110519, moz:debuggerAddress: 127.0.0.1:17317, moz:geckodriverVersion: 0.33.0, moz:headless: false, moz:platformVersion: 10.0, moz:processID: 8372, moz:profile: C:\Users\ADAM-M~1\AppData\L..., moz:shutdownTimeout: 60000, moz:useNonSpecCompliantPointerOrigin: false, moz:webdriverClick: true, moz:windowless: false, pageLoadStrategy: normal, platformName: WINDOWS, proxy: Proxy(), se:cdp: ws://127.0.0.1:17317/devtoo..., se:cdpVersion: 85.0, setWindowRect: true, strictFileInteractability: false, timeouts: {implicit: 0, pageLoad: 300000, script: 30000}, unhandledPromptBehavior: dismiss and notify}
Session ID: be3c2a26-3897-4b7b-9148-e84fda36d4ce
20:36:13.247  INFO  manager.ListenerWD - *************
20:36:13.247  INFO  manager.ListenerWD - Screen with error is--->src/test/screenshots/screen_1839.png
20:36:13.792  INFO  tests.TestBase - Assert check is alert present with text  button 'Wrong email or password'
20:36:13.793  INFO  tests.TestBase - Name of method-->loginWrongPassword
20:36:14.805  INFO  manager.ListenerWD - Before Find ElementS--->By.xpath: //button[text()='Sign Out']
20:36:19.811  INFO  manager.ListenerWD - After Find ElementS--->By.xpath: //button[text()='Sign Out']
20:36:19.811  INFO  manager.ListenerWD - List of elements is--->0
20:36:19.811  INFO  tests.TestBase - Test data---> email: 'inna_83@gmail.com' & password: 'Aa13'
20:36:19.811  INFO  manager.ListenerWD - Before Find Element--->By.cssSelector: a[href='/login']
20:36:19.824  INFO  manager.ListenerWD - After Find Element--->By.cssSelector: a[href='/login']
20:36:19.828  INFO  manager.ListenerWD - Location of element(1168, 33)
20:36:20.042  INFO  manager.ListenerWD - Before Find Element--->By.name: email
20:36:20.052  INFO  manager.ListenerWD - After Find Element--->By.name: email
20:36:20.057  INFO  manager.ListenerWD - Location of element(440, 281)
20:36:20.318  INFO  manager.ListenerWD - Before Find Element--->By.xpath: //input[last()]
20:36:20.326  INFO  manager.ListenerWD - After Find Element--->By.xpath: //input[last()]
20:36:20.329  INFO  manager.ListenerWD - Location of element(440, 351)
20:36:20.572  INFO  manager.ListenerWD - Before Find Element--->By.xpath: //button[text()='Login']
20:36:20.580  INFO  manager.ListenerWD - After Find Element--->By.xpath: //button[text()='Login']
20:36:20.583  INFO  manager.ListenerWD - Location of element(440, 421)
20:36:20.810  INFO  manager.ListenerWD - Huston we have a problem!
20:36:20.810  INFO  manager.ListenerWD - Object target--->org.openqa.selenium.remote.RemoteWebDriver$RemoteTargetLocator@6f9c5048
20:36:20.810  INFO  manager.ListenerWD - *************
20:36:20.810  INFO  manager.ListenerWD - Method namealert
20:36:20.810  INFO  manager.ListenerWD - *************
20:36:20.810  INFO  manager.ListenerWD - *************
20:36:20.810  INFO  manager.ListenerWD - *************
20:36:20.810  INFO  manager.ListenerWD - InvocationTargetException & getTargetExceptionorg.openqa.selenium.NoAlertPresentException: Build info: version: '4.7.0', revision: '0a5b49d16f'
System info: os.name: 'Windows 10', os.arch: 'amd64', os.version: '10.0', java.version: '1.8.0_361'
Driver info: org.openqa.selenium.firefox.FirefoxDriver
Command: [be3c2a26-3897-4b7b-9148-e84fda36d4ce, getAlertText {}]
Capabilities {acceptInsecureCerts: true, browserName: firefox, browserVersion: 112.0.2, moz:accessibilityChecks: false, moz:buildID: 20230424110519, moz:debuggerAddress: 127.0.0.1:17317, moz:geckodriverVersion: 0.33.0, moz:headless: false, moz:platformVersion: 10.0, moz:processID: 8372, moz:profile: C:\Users\ADAM-M~1\AppData\L..., moz:shutdownTimeout: 60000, moz:useNonSpecCompliantPointerOrigin: false, moz:webdriverClick: true, moz:windowless: false, pageLoadStrategy: normal, platformName: WINDOWS, proxy: Proxy(), se:cdp: ws://127.0.0.1:17317/devtoo..., se:cdpVersion: 85.0, setWindowRect: true, strictFileInteractability: false, timeouts: {implicit: 0, pageLoad: 300000, script: 30000}, unhandledPromptBehavior: dismiss and notify}
Session ID: be3c2a26-3897-4b7b-9148-e84fda36d4ce
20:36:20.810  INFO  manager.ListenerWD - *************
20:36:20.810  INFO  manager.ListenerWD - Screen with error is--->src/test/screenshots/screen_1964.png
20:36:21.343  INFO  tests.TestBase - Assert check is alert present with text  button 'Wrong email or password'
20:36:21.347  INFO  tests.TestBase - Name of method-->registrationExistsUser
20:36:22.357  INFO  manager.ListenerWD - Before Find ElementS--->By.xpath: //button[text()='Sign Out']
20:36:27.376  INFO  manager.ListenerWD - After Find ElementS--->By.xpath: //button[text()='Sign Out']
20:36:27.376  INFO  manager.ListenerWD - List of elements is--->0
20:36:27.376  INFO  tests.TestBase - Start test with name 'Registration of Exist User'
20:36:27.376  INFO  tests.TestBase - Tests run with data:--->User{email='inna_83@gmail.com', password='Aa13579$'}
20:36:27.377  INFO  manager.ListenerWD - Before Find Element--->By.cssSelector: a[href='/login']
20:36:27.388  INFO  manager.ListenerWD - After Find Element--->By.cssSelector: a[href='/login']
20:36:27.391  INFO  manager.ListenerWD - Location of element(1168, 33)
20:36:27.608  INFO  manager.ListenerWD - Before Find Element--->By.name: email
20:36:27.620  INFO  manager.ListenerWD - After Find Element--->By.name: email
20:36:27.624  INFO  manager.ListenerWD - Location of element(440, 281)
20:36:27.873  INFO  manager.ListenerWD - Before Find Element--->By.name: password
20:36:27.887  INFO  manager.ListenerWD - After Find Element--->By.name: password
20:36:27.889  INFO  manager.ListenerWD - Location of element(440, 351)
20:36:29.136  INFO  manager.ListenerWD - Before Find Element--->By.xpath: //button[text()='Registration']
20:36:29.150  INFO  manager.ListenerWD - After Find Element--->By.xpath: //button[text()='Registration']
20:36:29.155  INFO  manager.ListenerWD - Location of element(690, 421)
20:36:29.395  INFO  manager.ListenerWD - Huston we have a problem!
20:36:29.395  INFO  manager.ListenerWD - Object target--->org.openqa.selenium.remote.RemoteWebDriver$RemoteTargetLocator@7301eebe
20:36:29.395  INFO  manager.ListenerWD - *************
20:36:29.396  INFO  manager.ListenerWD - Method namealert
20:36:29.396  INFO  manager.ListenerWD - *************
20:36:29.396  INFO  manager.ListenerWD - *************
20:36:29.396  INFO  manager.ListenerWD - *************
20:36:29.396  INFO  manager.ListenerWD - InvocationTargetException & getTargetExceptionorg.openqa.selenium.NoAlertPresentException: Build info: version: '4.7.0', revision: '0a5b49d16f'
System info: os.name: 'Windows 10', os.arch: 'amd64', os.version: '10.0', java.version: '1.8.0_361'
Driver info: org.openqa.selenium.firefox.FirefoxDriver
Command: [be3c2a26-3897-4b7b-9148-e84fda36d4ce, getAlertText {}]
Capabilities {acceptInsecureCerts: true, browserName: firefox, browserVersion: 112.0.2, moz:accessibilityChecks: false, moz:buildID: 20230424110519, moz:debuggerAddress: 127.0.0.1:17317, moz:geckodriverVersion: 0.33.0, moz:headless: false, moz:platformVersion: 10.0, moz:processID: 8372, moz:profile: C:\Users\ADAM-M~1\AppData\L..., moz:shutdownTimeout: 60000, moz:useNonSpecCompliantPointerOrigin: false, moz:webdriverClick: true, moz:windowless: false, pageLoadStrategy: normal, platformName: WINDOWS, proxy: Proxy(), se:cdp: ws://127.0.0.1:17317/devtoo..., se:cdpVersion: 85.0, setWindowRect: true, strictFileInteractability: false, timeouts: {implicit: 0, pageLoad: 300000, script: 30000}, unhandledPromptBehavior: dismiss and notify}
Session ID: be3c2a26-3897-4b7b-9148-e84fda36d4ce
20:36:29.396  INFO  manager.ListenerWD - *************
20:36:29.396  INFO  manager.ListenerWD - Screen with error is--->src/test/screenshots/screen_1957.png
20:36:29.942  INFO  tests.TestBase - User already exist'
20:36:29.944  INFO  tests.TestBase - Name of method-->registrationSuccess
20:36:30.953  INFO  manager.ListenerWD - Before Find ElementS--->By.xpath: //button[text()='Sign Out']
20:36:35.972  INFO  manager.ListenerWD - After Find ElementS--->By.xpath: //button[text()='Sign Out']
20:36:35.972  INFO  manager.ListenerWD - List of elements is--->0
20:36:35.973  INFO  tests.TestBase - Start test with name 'RegistrationSuccess'
20:36:35.973  INFO  tests.TestBase - Tests run with data:--->User{email='ela1624@gmail.com', password='El12345$'}
20:36:35.973  INFO  manager.ListenerWD - Before Find Element--->By.cssSelector: a[href='/login']
20:36:35.988  INFO  manager.ListenerWD - After Find Element--->By.cssSelector: a[href='/login']
20:36:35.992  INFO  manager.ListenerWD - Location of element(1168, 33)
20:36:36.202  INFO  manager.ListenerWD - Before Find Element--->By.name: email
20:36:36.215  INFO  manager.ListenerWD - After Find Element--->By.name: email
20:36:36.219  INFO  manager.ListenerWD - Location of element(440, 281)
20:36:36.472  INFO  manager.ListenerWD - Before Find Element--->By.name: password
20:36:36.478  INFO  manager.ListenerWD - After Find Element--->By.name: password
20:36:36.481  INFO  manager.ListenerWD - Location of element(440, 351)
20:36:37.743  INFO  manager.ListenerWD - Before Find Element--->By.xpath: //button[text()='Registration']
20:36:37.757  INFO  manager.ListenerWD - After Find Element--->By.xpath: //button[text()='Registration']
20:36:37.762  INFO  manager.ListenerWD - Location of element(690, 421)
20:36:38.983  INFO  manager.ListenerWD - Before Find ElementS--->By.xpath: //button[text()='Sign Out']
20:36:38.997  INFO  manager.ListenerWD - After Find ElementS--->By.xpath: //button[text()='Sign Out']
20:36:38.997  INFO  manager.ListenerWD - List of elements is--->1
20:36:38.997  INFO  manager.ListenerWD - Before Find Element--->By.cssSelector: .contact-page_message__2qafk>h1
20:36:39.006  INFO  manager.ListenerWD - After Find Element--->By.cssSelector: .contact-page_message__2qafk>h1
20:36:39.009  INFO  manager.ListenerWD - Location of element(505, 271)
20:36:39.049  INFO  manager.ListenerWD - Before Find Element--->By.cssSelector: .contact-page_message__2qafk>h1
20:36:39.056  INFO  manager.ListenerWD - After Find Element--->By.cssSelector: .contact-page_message__2qafk>h1
20:36:39.060  INFO  manager.ListenerWD - Location of element(505, 271)
20:36:39.073  INFO  manager.ListenerWD - Before Find Element--->By.cssSelector: .contact-page_message__2qafk>h1
20:36:39.079  INFO  manager.ListenerWD - After Find Element--->By.cssSelector: .contact-page_message__2qafk>h1
20:36:39.084  INFO  manager.ListenerWD - Location of element(505, 271)
20:36:39.088  INFO  tests.TestBase - Assert check is Element button 'Sign out' present
20:36:39.088  INFO  tests.TestBase - Assert check is massage 'No Contacts here!' present
20:36:39.089  INFO  tests.TestBase - Name of method-->registrationWrongEmail
20:36:40.101  INFO  manager.ListenerWD - Before Find ElementS--->By.xpath: //button[text()='Sign Out']
20:36:40.112  INFO  manager.ListenerWD - After Find ElementS--->By.xpath: //button[text()='Sign Out']
20:36:40.112  INFO  manager.ListenerWD - List of elements is--->1
20:36:40.112  INFO  manager.ListenerWD - Before Find Element--->By.xpath: //button[text()='Sign Out']
20:36:40.123  INFO  manager.ListenerWD - After Find Element--->By.xpath: //button[text()='Sign Out']
20:36:40.127  INFO  manager.ListenerWD - Location of element(1177, 39)
20:36:40.350  INFO  tests.TestBase - Before method finish logout
20:36:40.351  INFO  tests.TestBase - Start test with name 'Registration with wrong Email'
20:36:40.351  INFO  tests.TestBase - Tests run with data:--->User{email='dongmail.com', password='Don12345$'}
20:36:40.351  INFO  manager.ListenerWD - Before Find Element--->By.cssSelector: a[href='/login']
20:36:40.361  INFO  manager.ListenerWD - After Find Element--->By.cssSelector: a[href='/login']
20:36:40.366  INFO  manager.ListenerWD - Location of element(1168, 33)
20:36:40.582  INFO  manager.ListenerWD - Before Find Element--->By.name: email
20:36:40.592  INFO  manager.ListenerWD - After Find Element--->By.name: email
20:36:40.595  INFO  manager.ListenerWD - Location of element(440, 250)
20:36:40.844  INFO  manager.ListenerWD - Before Find Element--->By.name: password
20:36:40.851  INFO  manager.ListenerWD - After Find Element--->By.name: password
20:36:40.854  INFO  manager.ListenerWD - Location of element(440, 320)
20:36:42.093  INFO  manager.ListenerWD - Before Find Element--->By.xpath: //button[text()='Registration']
20:36:42.103  INFO  manager.ListenerWD - After Find Element--->By.xpath: //button[text()='Registration']
20:36:42.107  INFO  manager.ListenerWD - Location of element(690, 390)
20:36:42.344  INFO  tests.TestBase - Assert check is massage 'Wrong email or password format'
20:36:42.344  INFO  tests.TestBase - Name of method-->registrationWrongPassword
20:36:43.351  INFO  manager.ListenerWD - Before Find ElementS--->By.xpath: //button[text()='Sign Out']
20:36:48.355  INFO  manager.ListenerWD - After Find ElementS--->By.xpath: //button[text()='Sign Out']
20:36:48.355  INFO  manager.ListenerWD - List of elements is--->0
20:36:48.355  INFO  tests.TestBase - Start test with name 'Registration with wrong Password'
20:36:48.355  INFO  tests.TestBase - Tests run with data:--->User{email='don@gmail.com', password='Don12'}
20:36:48.355  INFO  manager.ListenerWD - Before Find Element--->By.cssSelector: a[href='/login']
20:36:48.364  INFO  manager.ListenerWD - After Find Element--->By.cssSelector: a[href='/login']
20:36:48.367  INFO  manager.ListenerWD - Location of element(1168, 33)
20:36:48.589  INFO  manager.ListenerWD - Before Find Element--->By.name: email
20:36:48.596  INFO  manager.ListenerWD - After Find Element--->By.name: email
20:36:48.599  INFO  manager.ListenerWD - Location of element(440, 281)
20:36:48.853  INFO  manager.ListenerWD - Before Find Element--->By.name: password
20:36:48.859  INFO  manager.ListenerWD - After Find Element--->By.name: password
20:36:48.863  INFO  manager.ListenerWD - Location of element(440, 351)
20:36:50.115  INFO  manager.ListenerWD - Before Find Element--->By.xpath: //button[text()='Registration']
20:36:50.120  INFO  manager.ListenerWD - After Find Element--->By.xpath: //button[text()='Registration']
20:36:50.122  INFO  manager.ListenerWD - Location of element(690, 421)
20:36:50.359  INFO  tests.TestBase - Assert check is massage 'Wrong email or password format'
